<?xml version="1.0" encoding="utf-8"?><testsuites name="pytest tests"><testsuite name="pytest" errors="0" failures="1" skipped="0" tests="74" time="13.749" timestamp="2026-06-04T11:35:13.969039+00:00" hostname="agent-env-feb4ad90-74c8-4367-8bf5-5e88513e4906"><testcase classname="backend.tests.test_watchnexus_v100_controller_sweep.TestAuth" name="test_setup_status" time="0.336" /><testcase classname="backend.tests.test_watchnexus_v100_controller_sweep.TestAuth" name="test_login_returns_jwt" time="0.270" /><testcase classname="backend.tests.test_watchnexus_v100_controller_sweep.TestAuth" name="test_login_invalid_creds" time="0.272" /><testcase classname="backend.tests.test_watchnexus_v100_controller_sweep.TestFfmpegFix" name="test_ffmpeg_status_on_standard_tier" time="0.468" /><testcase classname="backend.tests.test_watchnexus_v100_controller_sweep.TestTierGatingStandard" name="test_gated_returns_403_not_500[/api/compote/indexers]" time="0.245" /><testcase classname="backend.tests.test_watchnexus_v100_controller_sweep.TestTierGatingStandard" name="test_gated_returns_403_not_500[/api/fondue/status]" time="0.211" /><testcase classname="backend.tests.test_watchnexus_v100_controller_sweep.TestTierGatingStandard" name="test_gated_returns_403_not_500[/api/saffron/tasks]" time="0.263" /><testcase classname="backend.tests.test_watchnexus_v100_controller_sweep.TestTierGatingStandard" name="test_gated_returns_403_not_500[/api/sprout/feed/recent]" time="0.244" /><testcase classname="backend.tests.test_watchnexus_v100_controller_sweep.TestTierGatingStandard" name="test_gated_returns_403_not_500[/api/bastion/status]" time="0.234" /><testcase classname="backend.tests.test_watchnexus_v100_controller_sweep.TestTierGatingStandard" name="test_gated_returns_403_not_500[/api/crucible/profiles]" time="0.222" /><testcase classname="backend.tests.test_watchnexus_v100_controller_sweep.TestTierGatingStandard" name="test_gated_returns_403_not_500[/api/strudel/status]" time="0.290" /><testcase classname="backend.tests.test_watchnexus_v100_controller_sweep.TestTierGatingStandard" name="test_gated_returns_403_not_500[/api/security/stats]" time="0.250" /><testcase classname="backend.tests.test_watchnexus_v100_controller_sweep.TestTierGatingStandard" name="test_gated_returns_403_not_500[/api/parfait/status]" time="0.232" /><testcase classname="backend.tests.test_watchnexus_v100_controller_sweep.TestTierGatingStandard" name="test_gated_returns_403_not_500[/api/chowder/servers]" time="0.251" /><testcase classname="backend.tests.test_watchnexus_v100_controller_sweep.TestLicense" name="test_invalid_serial_rejected" time="0.233" /><testcase classname="backend.tests.test_watchnexus_v100_controller_sweep.TestLicense" name="test_activate_ultra_then_endpoints_unlock" time="1.080" /><testcase classname="backend.tests.test_watchnexus_v100_controller_sweep.TestLicense" name="test_deactivate_relocks" time="0.556" /><testcase classname="backend.tests.test_watchnexus_v100_controller_sweep.TestControllerSweep" name="test_controller_get_no_500[backlog-/api/backlog/issues]" time="0.612" /><testcase classname="backend.tests.test_watchnexus_v100_controller_sweep.TestControllerSweep" name="test_controller_get_no_500[bot-/api/bot/featured-film]" time="0.110" /><testcase classname="backend.tests.test_watchnexus_v100_controller_sweep.TestControllerSweep" name="test_controller_get_no_500[bridge-/api/bridge/status]" time="0.106" /><testcase classname="backend.tests.test_watchnexus_v100_controller_sweep.TestControllerSweep" name="test_controller_get_no_500[brine-/api/brine/indexers]" time="0.146" /><testcase classname="backend.tests.test_watchnexus_v100_controller_sweep.TestControllerSweep" name="test_controller_get_no_500[cellar-/api/cellar/status]" time="0.128" /><testcase classname="backend.tests.test_watchnexus_v100_controller_sweep.TestControllerSweep" name="test_controller_get_no_500[chowder-/api/chowder/servers]" time="0.132" /><testcase classname="backend.tests.test_watchnexus_v100_controller_sweep.TestControllerSweep" name="test_controller_get_no_500[codename-alias-/api/aliases]" time="0.097" /><testcase classname="backend.tests.test_watchnexus_v100_controller_sweep.TestControllerSweep" name="test_controller_get_no_500[content-/api/content/discover]" time="0.131" /><testcase classname="backend.tests.test_watchnexus_v100_controller_sweep.TestControllerSweep" name="test_controller_get_no_500[core-/api/core/info]" time="0.110" /><testcase classname="backend.tests.test_watchnexus_v100_controller_sweep.TestControllerSweep" name="test_controller_get_no_500[core-modules-/api/modules/catalogue]" time="0.115" /><testcase classname="backend.tests.test_watchnexus_v100_controller_sweep.TestControllerSweep" name="test_controller_get_no_500[crucible-/api/crucible/profiles]" time="0.117" /><testcase classname="backend.tests.test_watchnexus_v100_controller_sweep.TestControllerSweep" name="test_controller_get_no_500[crumbs-/api/crumbs/status]" time="0.118" /><testcase classname="backend.tests.test_watchnexus_v100_controller_sweep.TestControllerSweep" name="test_controller_get_no_500[drizzle-/api/drizzle/status]" time="0.111" /><testcase classname="backend.tests.test_watchnexus_v100_controller_sweep.TestControllerSweep" name="test_controller_get_no_500[feature-/api/features]" time="0.126" /><testcase classname="backend.tests.test_watchnexus_v100_controller_sweep.TestControllerSweep" name="test_controller_get_no_500[filesystem-/api/filesystem/list?path=/tmp]" time="0.133" /><testcase classname="backend.tests.test_watchnexus_v100_controller_sweep.TestControllerSweep" name="test_controller_get_no_500[gadgets-/api/gadgets/catalogue]" time="0.126" /><testcase classname="backend.tests.test_watchnexus_v100_controller_sweep.TestControllerSweep" name="test_controller_get_no_500[gamebot-/api/gamebot/status]" time="0.110" /><testcase classname="backend.tests.test_watchnexus_v100_controller_sweep.TestControllerSweep" name="test_controller_get_no_500[iptv-/api/iptv/status]" time="0.113" /><testcase classname="backend.tests.test_watchnexus_v100_controller_sweep.TestControllerSweep" name="test_controller_get_no_500[ladle-/api/ladle/categories]" time="0.147" /><testcase classname="backend.tests.test_watchnexus_v100_controller_sweep.TestControllerSweep" name="test_controller_get_no_500[libraries-/api/libraries]" time="0.122" /><testcase classname="backend.tests.test_watchnexus_v100_controller_sweep.TestControllerSweep" name="test_controller_get_no_500[matrix-/api/matrix/rooms]" time="0.101" /><testcase classname="backend.tests.test_watchnexus_v100_controller_sweep.TestControllerSweep" name="test_controller_get_no_500[mediabridge-/api/mediabridge/status]" time="0.108" /><testcase classname="backend.tests.test_watchnexus_v100_controller_sweep.TestControllerSweep" name="test_controller_get_no_500[media-/api/media/items?limit=1]" time="0.142" /><testcase classname="backend.tests.test_watchnexus_v100_controller_sweep.TestControllerSweep" name="test_controller_get_no_500[menu-/api/menu/status]" time="0.120" /><testcase classname="backend.tests.test_watchnexus_v100_controller_sweep.TestControllerSweep" name="test_controller_get_no_500[meringue-/api/meringue/status]" time="0.102" /><testcase classname="backend.tests.test_watchnexus_v100_controller_sweep.TestControllerSweep" name="test_controller_get_no_500[parfait-/api/parfait/status]" time="0.194" /><testcase classname="backend.tests.test_watchnexus_v100_controller_sweep.TestControllerSweep" name="test_controller_get_no_500[pepper-/api/pepper/status]" time="0.145" /><testcase classname="backend.tests.test_watchnexus_v100_controller_sweep.TestControllerSweep" name="test_controller_get_no_500[photos-/api/photos/albums]" time="0.105" /><testcase classname="backend.tests.test_watchnexus_v100_controller_sweep.TestControllerSweep" name="test_controller_get_no_500[podcasts-/api/podcasts/search?q=tech]" time="0.118" /><testcase classname="backend.tests.test_watchnexus_v100_controller_sweep.TestControllerSweep" name="test_controller_get_no_500[pretzel-/api/pretzel/status]" time="0.132" /><testcase classname="backend.tests.test_watchnexus_v100_controller_sweep.TestControllerSweep" name="test_controller_get_no_500[qbittorrent-/api/qbittorrent/torrents]" time="0.141" /><testcase classname="backend.tests.test_watchnexus_v100_controller_sweep.TestControllerSweep" name="test_controller_get_no_500[radio-/api/radio/stations]" time="0.131" /><testcase classname="backend.tests.test_watchnexus_v100_controller_sweep.TestControllerSweep" name="test_controller_get_no_500[rind-/api/rind/status]" time="0.131" /><testcase classname="backend.tests.test_watchnexus_v100_controller_sweep.TestControllerSweep" name="test_controller_get_no_500[roux-/api/roux/status]" time="0.117" /><testcase classname="backend.tests.test_watchnexus_v100_controller_sweep.TestControllerSweep" name="test_controller_get_no_500[security-/api/security/stats]" time="0.156" /><testcase classname="backend.tests.test_watchnexus_v100_controller_sweep.TestControllerSweep" name="test_controller_get_no_500[settings-/api/settings]" time="0.124" /><testcase classname="backend.tests.test_watchnexus_v100_controller_sweep.TestControllerSweep" name="test_controller_get_no_500[sprout-/api/sprout/feed/recent]" time="0.161" /><testcase classname="backend.tests.test_watchnexus_v100_controller_sweep.TestControllerSweep" name="test_controller_get_no_500[strudel-/api/strudel/status]" time="0.124" /><testcase classname="backend.tests.test_watchnexus_v100_controller_sweep.TestControllerSweep" name="test_controller_get_no_500[strudel-pipeline-/api/strudel/pipeline/status]" time="0.106" /><testcase classname="backend.tests.test_watchnexus_v100_controller_sweep.TestControllerSweep" name="test_controller_get_no_500[subtitles-/api/subtitles/providers]" time="0.120" /><testcase classname="backend.tests.test_watchnexus_v100_controller_sweep.TestControllerSweep" name="test_controller_get_no_500[synapse-admin-/api/synapse/status]" time="0.139" /><testcase classname="backend.tests.test_watchnexus_v100_controller_sweep.TestControllerSweep" name="test_controller_get_no_500[system-/api/system/status]" time="0.127" /><testcase classname="backend.tests.test_watchnexus_v100_controller_sweep.TestControllerSweep" name="test_controller_get_no_500[truffle-/api/truffle/status]" time="0.134" /><testcase classname="backend.tests.test_watchnexus_v100_controller_sweep.TestControllerSweep" name="test_controller_get_no_500[update-/api/update/check]" time="0.113" /><testcase classname="backend.tests.test_watchnexus_v100_controller_sweep.TestControllerSweep" name="test_controller_get_no_500[utility-/api/playlists/types]" time="0.137" /><testcase classname="backend.tests.test_watchnexus_v100_controller_sweep.TestControllerSweep" name="test_controller_get_no_500[vpn-/api/vpn/status]" time="0.111" /><testcase classname="backend.tests.test_watchnexus_v100_controller_sweep.TestControllerSweep" name="test_controller_get_no_500[weather-/api/weather/search?q=Paris]" time="0.141" /><testcase classname="backend.tests.test_watchnexus_v100_controller_sweep.TestControllerSweep" name="test_controller_get_no_500[webvideo-/api/webvideo/status]" time="0.113" /><testcase classname="backend.tests.test_watchnexus_v100_controller_sweep.TestControllerSweep" name="test_controller_get_no_500[bastion-/api/bastion/status]" time="0.125" /><testcase classname="backend.tests.test_watchnexus_v100_controller_sweep.TestControllerSweep" name="test_controller_get_no_500[fondue-/api/fondue/status]" time="0.134" /><testcase classname="backend.tests.test_watchnexus_v100_controller_sweep.TestControllerSweep" name="test_controller_get_no_500[saffron-/api/saffron/tasks]" time="0.117" /><testcase classname="backend.tests.test_watchnexus_v100_controller_sweep.TestControllerSweep" name="test_controller_get_no_500[compote-/api/compote/indexers]" time="0.109" /><testcase classname="backend.tests.test_watchnexus_v100_controller_sweep.TestControllerSweep" name="test_controller_get_no_500[fortress-/api/fortress/status]" time="0.157"><failure message="AssertionError: 500 CRASH @ fortress /api/fortress/status: &#10;assert 500 != 500&#10; +  where 500 = &lt;Response [500]&gt;.status_code">E   AssertionError: 500 CRASH @ fortress /api/fortress/status: 
    assert 500 != 500
     +  where 500 = &lt;Response [500]&gt;.status_code</failure></testcase><testcase classname="backend.tests.test_watchnexus_v100_controller_sweep.TestHonest501" name="test_sprout_custom_feed_501" time="0.265" /><testcase classname="backend.tests.test_watchnexus_v100_controller_sweep.TestHonest501" name="test_gelatin_tunnel_create_501" time="0.224" /><testcase classname="backend.tests.test_watchnexus_v100_controller_sweep.TestHonest501" name="test_quality_profiles_create_501" time="0.241" /><testcase classname="backend.tests.test_watchnexus_v100_controller_sweep.TestZCleanup" name="test_deactivate_final" time="0.123" /></testsuite></testsuites>