<?xml version="1.0" encoding="utf-8"?><testsuites name="pytest tests"><testsuite name="pytest" errors="0" failures="0" skipped="0" tests="11" time="9.604" timestamp="2026-02-14T19:02:58.412468+00:00" hostname="agent-env-8a19516f-20ff-4e24-9873-29987c5cfa1d"><testcase classname="backend.tests.test_v124_bug_fixes.TestHealthAndBasicAPIs" name="test_health_endpoint" time="0.549" /><testcase classname="backend.tests.test_v124_bug_fixes.TestHealthAndBasicAPIs" name="test_tmdb_trending" time="0.746" /><testcase classname="backend.tests.test_v124_bug_fixes.TestHealthAndBasicAPIs" name="test_tmdb_now_playing" time="0.568" /><testcase classname="backend.tests.test_v124_bug_fixes.TestAuthentication" name="test_login_success" time="0.778" /><testcase classname="backend.tests.test_v124_bug_fixes.TestAuthentication" name="test_login_invalid_credentials" time="0.385" /><testcase classname="backend.tests.test_v124_bug_fixes.TestLibraryManagement" name="test_marmalade_status" time="1.060" /><testcase classname="backend.tests.test_v124_bug_fixes.TestLibraryManagement" name="test_get_libraries" time="1.162" /><testcase classname="backend.tests.test_v124_bug_fixes.TestLibraryManagement" name="test_get_recent_media" time="1.075" /><testcase classname="backend.tests.test_v124_bug_fixes.TestFilesystemBrowser" name="test_browse_root" time="1.081" /><testcase classname="backend.tests.test_v124_bug_fixes.TestFilesystemBrowser" name="test_browse_tmp_testmovies" time="1.033" /><testcase classname="backend.tests.test_v124_bug_fixes.TestSettings" name="test_get_settings" time="1.088" /></testsuite></testsuites>