<?xml version="1.0" encoding="utf-8"?><testsuites name="pytest tests"><testsuite name="pytest" errors="0" failures="0" skipped="0" tests="10" time="7.368" timestamp="2026-02-14T23:54:17.944582+00:00" hostname="agent-env-b6c0cdd3-ea27-469e-b431-3dd63bd05b4a"><testcase classname="tests.test_v125_features.TestAuthSetup" name="test_login_works" time="0.815" /><testcase classname="tests.test_v125_features.TestSkipSegmentsEndpoint" name="test_skip_segments_endpoint_exists" time="1.163" /><testcase classname="tests.test_v125_features.TestSkipSegmentsEndpoint" name="test_skip_segments_response_structure" time="0.424" /><testcase classname="tests.test_v125_features.TestNextEpisodeEndpoint" name="test_next_episode_endpoint_exists" time="1.047" /><testcase classname="tests.test_v125_features.TestNextEpisodeEndpoint" name="test_next_episode_valid_json" time="0.553" /><testcase classname="tests.test_v125_features.TestIndexerHealthCheck" name="test_compote_indexers_list" time="1.011" /><testcase classname="tests.test_v125_features.TestIndexerHealthCheck" name="test_compote_default_indexers" time="0.432" /><testcase classname="tests.test_v125_features.TestIndexerHealthCheck" name="test_compote_indexer_types" time="0.432" /><testcase classname="tests.test_v125_features.TestIndexerHealthCheck" name="test_compote_setup_guide" time="0.403" /><testcase classname="tests.test_v125_features.TestVideoPlayerEndpoints" name="test_health_check" time="1.032" /></testsuite></testsuites>