<?xml version="1.0" encoding="utf-8"?><testsuites name="pytest tests"><testsuite name="pytest" errors="0" failures="0" skipped="0" tests="15" time="9.390" timestamp="2026-02-24T14:48:32.855003+00:00" hostname="agent-env-cd99283f-4139-44f0-ac41-0bda84d1793f"><testcase classname="backend.tests.test_v256_features.TestAuth" name="test_login_success" time="0.803" /><testcase classname="backend.tests.test_v256_features.TestGadgetsCatalogue" name="test_get_full_catalogue" time="1.188" /><testcase classname="backend.tests.test_v256_features.TestGadgetsCatalogue" name="test_get_catalogue_categories" time="0.428" /><testcase classname="backend.tests.test_v256_features.TestGadgetsCatalogue" name="test_search_catalogue_by_category_subtitle" time="0.390" /><testcase classname="backend.tests.test_v256_features.TestGadgetsCatalogue" name="test_search_catalogue_by_category_metadata" time="0.446" /><testcase classname="backend.tests.test_v256_features.TestGadgetsCatalogue" name="test_search_catalogue_by_query" time="0.398" /><testcase classname="backend.tests.test_v256_features.TestGadgetsCatalogue" name="test_catalogue_item_structure" time="0.409" /><testcase classname="backend.tests.test_v256_features.TestDownloadsEngine" name="test_engine_status_endpoint" time="1.067" /><testcase classname="backend.tests.test_v256_features.TestDownloadsEngine" name="test_engine_transfer_info" time="0.437" /><testcase classname="backend.tests.test_v256_features.TestMediaPages" name="test_tmdb_discover_movies" time="1.309" /><testcase classname="backend.tests.test_v256_features.TestMediaPages" name="test_tmdb_discover_tv" time="0.559" /><testcase classname="backend.tests.test_v256_features.TestMediaPages" name="test_movie_genres" time="0.495" /><testcase classname="backend.tests.test_v256_features.TestMediaPages" name="test_tv_genres" time="0.547" /><testcase classname="backend.tests.test_v256_features.TestMediaPages" name="test_marmalade_libraries" time="0.389" /><testcase classname="backend.tests.test_v256_features.TestMediaPages" name="test_marmalade_media" time="0.441" /></testsuite></testsuites>