<?xml version="1.0" encoding="utf-8"?><testsuites name="pytest tests"><testsuite name="pytest" errors="0" failures="0" skipped="0" tests="18" time="15.022" timestamp="2026-02-11T15:41:40.620950+00:00" hostname="agent-env-219ac4f0-511f-49c5-97de-c050a8c345e8"><testcase classname="tests.test_iptv_pulp.TestIPTVStats" name="test_iptv_stats_returns_statistics" time="1.175" /><testcase classname="tests.test_iptv_pulp.TestIPTVSources" name="test_list_iptv_sources_empty_initially" time="1.128" /><testcase classname="tests.test_iptv_pulp.TestIPTVSources" name="test_add_iptv_source" time="0.997" /><testcase classname="tests.test_iptv_pulp.TestIPTVSources" name="test_delete_nonexistent_source" time="0.447" /><testcase classname="tests.test_iptv_pulp.TestIPTVChannels" name="test_list_channels_empty_initially" time="1.016" /><testcase classname="tests.test_iptv_pulp.TestIPTVChannels" name="test_list_channels_with_filters" time="0.919" /><testcase classname="tests.test_iptv_pulp.TestIPTVChannels" name="test_get_nonexistent_channel" time="0.345" /><testcase classname="tests.test_iptv_pulp.TestIPTVGroups" name="test_list_groups_empty_initially" time="0.908" /><testcase classname="tests.test_iptv_pulp.TestIPTVParseM3U" name="test_parse_m3u_content" time="0.911" /><testcase classname="tests.test_iptv_pulp.TestIPTVExport" name="test_export_m3u" time="1.345" /><testcase classname="tests.test_iptv_pulp.TestPulpQueue" name="test_pulp_queue_returns_list" time="1.122" /><testcase classname="tests.test_iptv_pulp.TestPulpQueue" name="test_pulp_queue_add_nzb" time="0.694" /><testcase classname="tests.test_iptv_pulp.TestPulpSearch" name="test_pulp_search_requires_params" time="1.009" /><testcase classname="tests.test_iptv_pulp.TestPulpParseNZB" name="test_parse_nzb_content" time="1.016" /><testcase classname="tests.test_iptv_pulp.TestIPTVAuthRequired" name="test_iptv_stats_requires_auth" time="0.775" /><testcase classname="tests.test_iptv_pulp.TestIPTVAuthRequired" name="test_iptv_sources_requires_auth" time="0.344" /><testcase classname="tests.test_iptv_pulp.TestIPTVAuthRequired" name="test_iptv_channels_requires_auth" time="0.342" /><testcase classname="tests.test_iptv_pulp.TestPulpAuthRequired" name="test_pulp_queue_requires_auth" time="0.446" /></testsuite></testsuites>