<?xml version="1.0" encoding="utf-8"?><testsuites name="pytest tests"><testsuite name="pytest" errors="0" failures="1" skipped="0" tests="20" time="5.782" timestamp="2026-02-25T11:56:09.640606+00:00" hostname="agent-env-cd99283f-4139-44f0-ac41-0bda84d1793f"><testcase classname="backend.tests.test_ripen_lifecycle.TestRipenInstalled" name="test_get_installed_requires_auth" time="0.176" /><testcase classname="backend.tests.test_ripen_lifecycle.TestRipenInstalled" name="test_get_installed_returns_list" time="0.589" /><testcase classname="backend.tests.test_ripen_lifecycle.TestRipenInstalled" name="test_installed_gadget_has_hooks" time="0.087" /><testcase classname="backend.tests.test_ripen_lifecycle.TestRipenHooks" name="test_get_hooks_requires_auth" time="0.105" /><testcase classname="backend.tests.test_ripen_lifecycle.TestRipenHooks" name="test_get_hooks_returns_aggregated_structure" time="0.409" /><testcase classname="backend.tests.test_ripen_lifecycle.TestRipenHooks" name="test_hooks_contain_preinstalled_gadget_data" time="0.082" /><testcase classname="backend.tests.test_ripen_lifecycle.TestRipenHooks" name="test_hooks_routes_match_sidebar" time="0.094" /><testcase classname="backend.tests.test_ripen_lifecycle.TestRipenInstall" name="test_install_requires_auth" time="0.127" /><testcase classname="backend.tests.test_ripen_lifecycle.TestRipenInstall" name="test_install_nonexistent_gadget_fails" time="0.404" /><testcase classname="backend.tests.test_ripen_lifecycle.TestRipenInstall" name="test_install_already_installed_fails" time="0.104" /><testcase classname="backend.tests.test_ripen_lifecycle.TestRipenInstall" name="test_install_new_gadget_success" time="0.298" /><testcase classname="backend.tests.test_ripen_lifecycle.TestRipenUninstall" name="test_uninstall_requires_auth" time="0.082" /><testcase classname="backend.tests.test_ripen_lifecycle.TestRipenUninstall" name="test_uninstall_nonexistent_returns_false" time="0.382"><failure message="assert 404 == 200&#10; +  where 404 = &lt;Response [404]&gt;.status_code">backend/tests/test_ripen_lifecycle.py:208: in test_uninstall_nonexistent_returns_false
    assert response.status_code == 200
E   assert 404 == 200
E    +  where 404 = &lt;Response [404]&gt;.status_code</failure></testcase><testcase classname="backend.tests.test_ripen_lifecycle.TestRipenUninstall" name="test_uninstall_installed_gadget" time="0.336" /><testcase classname="backend.tests.test_ripen_lifecycle.TestRipenActivateDeactivate" name="test_deactivate_gadget" time="0.498" /><testcase classname="backend.tests.test_ripen_lifecycle.TestRipenActivateDeactivate" name="test_deactivated_gadget_not_in_hooks" time="0.083" /><testcase classname="backend.tests.test_ripen_lifecycle.TestRipenActivateDeactivate" name="test_activate_gadget" time="0.175" /><testcase classname="backend.tests.test_ripen_lifecycle.TestRipenActivateDeactivate" name="test_activated_gadget_in_hooks" time="0.079" /><testcase classname="backend.tests.test_ripen_lifecycle.TestRipenIntegration" name="test_full_gadget_lifecycle" time="0.996" /><testcase classname="backend.tests.test_ripen_lifecycle.TestRipenWithNewPodcastGadget" name="test_install_podcast_gadget_and_verify_sidebar" time="0.564" /></testsuite></testsuites>