<?xml version="1.0" encoding="utf-8"?><testsuites name="pytest tests"><testsuite name="pytest" errors="0" failures="1" skipped="0" tests="24" time="19.253" timestamp="2026-02-03T22:52:02.961622+00:00" hostname="agent-env-2bc9ce83-78ab-482e-b520-0cee7fe6b3d2"><testcase classname="tests.test_watchnexus_api.TestHealthCheck" name="test_health_endpoint" time="0.479" /><testcase classname="tests.test_watchnexus_api.TestAuthentication" name="test_login_success" time="0.686" /><testcase classname="tests.test_watchnexus_api.TestAuthentication" name="test_login_invalid_credentials" time="0.788" /><testcase classname="tests.test_watchnexus_api.TestAuthentication" name="test_register_new_user" time="0.578" /><testcase classname="tests.test_watchnexus_api.TestAuthentication" name="test_get_me_authenticated" time="1.650" /><testcase classname="tests.test_watchnexus_api.TestAuthentication" name="test_get_me_unauthenticated" time="0.784" /><testcase classname="tests.test_watchnexus_api.TestMediaHealthChecker" name="test_health_check_valid_file" time="0.938" /><testcase classname="tests.test_watchnexus_api.TestMediaHealthChecker" name="test_health_check_nonexistent_file" time="0.385" /><testcase classname="tests.test_watchnexus_api.TestMediaHealthChecker" name="test_health_check_with_hash" time="0.578" /><testcase classname="tests.test_watchnexus_api.TestMediaHealthChecker" name="test_scan_library" time="0.827" /><testcase classname="tests.test_watchnexus_api.TestMediaHealthChecker" name="test_repair_file" time="0.933" /><testcase classname="tests.test_watchnexus_api.TestMarmaladeProxy" name="test_marmalade_proxy_unavailable" time="0.495"><failure message="assert 520 == 503&#10; +  where 520 = &lt;Response [520]&gt;.status_code">tests/test_watchnexus_api.py:168: in test_marmalade_proxy_unavailable
    assert response.status_code == 503
E   assert 520 == 503
E    +  where 520 = &lt;Response [520]&gt;.status_code</failure></testcase><testcase classname="tests.test_watchnexus_api.TestTMDBEndpoints" name="test_trending_all" time="0.540" /><testcase classname="tests.test_watchnexus_api.TestTMDBEndpoints" name="test_now_playing_movies" time="0.821" /><testcase classname="tests.test_watchnexus_api.TestTMDBEndpoints" name="test_on_the_air_tv" time="0.396" /><testcase classname="tests.test_watchnexus_api.TestTMDBEndpoints" name="test_search_media" time="0.612" /><testcase classname="tests.test_watchnexus_api.TestDownloadsAPI" name="test_get_downloads" time="0.369" /><testcase classname="tests.test_watchnexus_api.TestDownloadsAPI" name="test_add_download" time="0.658" /><testcase classname="tests.test_watchnexus_api.TestWatchlistAPI" name="test_get_watchlist" time="1.238" /><testcase classname="tests.test_watchnexus_api.TestWatchlistAPI" name="test_watchlist_unauthenticated" time="0.344" /><testcase classname="tests.test_watchnexus_api.TestSettingsAPI" name="test_get_settings" time="1.446" /><testcase classname="tests.test_watchnexus_api.TestSettingsAPI" name="test_update_settings" time="1.370" /><testcase classname="tests.test_watchnexus_api.TestIndexersAPI" name="test_get_indexers" time="1.162" /><testcase classname="tests.test_watchnexus_api.TestStreamingServicesAPI" name="test_get_streaming_services" time="1.030" /></testsuite></testsuites>