<?xml version="1.0" encoding="utf-8"?><testsuites name="pytest tests"><testsuite name="pytest" errors="0" failures="0" skipped="0" tests="83" time="60.901" timestamp="2026-02-11T12:12:13.372819+00:00" hostname="agent-env-a87e73cd-2db5-45bf-a913-a6939fc10015"><testcase classname="backend.tests.test_compote_api.TestCompoteIndexers" name="test_get_indexers_returns_list" time="1.051" /><testcase classname="backend.tests.test_compote_api.TestCompoteIndexers" name="test_get_indexers_requires_auth" time="0.444" /><testcase classname="backend.tests.test_compote_api.TestCompoteIndexers" name="test_add_indexer_success" time="0.427" /><testcase classname="backend.tests.test_compote_api.TestCompoteIndexers" name="test_add_indexer_requires_auth" time="0.783" /><testcase classname="backend.tests.test_compote_api.TestCompoteSearch" name="test_search_returns_results_structure" time="0.322" /><testcase classname="backend.tests.test_compote_api.TestCompoteSearch" name="test_search_with_different_media_types" time="2.403" /><testcase classname="backend.tests.test_compote_api.TestCompoteSearch" name="test_search_requires_auth" time="0.782" /><testcase classname="backend.tests.test_compote_api.TestCompoteGrab" name="test_grab_with_magnet_url" time="0.322" /><testcase classname="backend.tests.test_compote_api.TestCompoteGrab" name="test_grab_with_download_url" time="0.322" /><testcase classname="backend.tests.test_compote_api.TestCompoteGrab" name="test_grab_requires_url" time="0.320" /><testcase classname="backend.tests.test_compote_api.TestCompoteGrab" name="test_grab_requires_auth" time="0.446" /><testcase classname="backend.tests.test_compote_api.TestCompoteIntegration" name="test_full_workflow_add_indexer_search_grab" time="1.598" /><testcase classname="backend.tests.test_marmalade_compote_new.TestMarmaladeStatus" name="test_marmalade_status_returns_info" time="1.094" /><testcase classname="backend.tests.test_marmalade_compote_new.TestMarmaladeStatus" name="test_marmalade_status_requires_auth" time="0.446" /><testcase classname="backend.tests.test_marmalade_compote_new.TestMarmaladeLibraries" name="test_get_libraries_returns_list" time="0.425" /><testcase classname="backend.tests.test_marmalade_compote_new.TestMarmaladeLibraries" name="test_add_library_success" time="0.422" /><testcase classname="backend.tests.test_marmalade_compote_new.TestMarmaladeLibraries" name="test_add_tv_library" time="0.425" /><testcase classname="backend.tests.test_marmalade_compote_new.TestMarmaladeLibraries" name="test_remove_library" time="0.743" /><testcase classname="backend.tests.test_marmalade_compote_new.TestMarmaladeScanning" name="test_scan_library" time="0.740" /><testcase classname="backend.tests.test_marmalade_compote_new.TestMarmaladeScanning" name="test_scan_tv_library" time="0.742" /><testcase classname="backend.tests.test_marmalade_compote_new.TestMarmaladeMedia" name="test_get_all_media" time="0.318" /><testcase classname="backend.tests.test_marmalade_compote_new.TestMarmaladeMedia" name="test_get_media_with_filters" time="0.317" /><testcase classname="backend.tests.test_marmalade_compote_new.TestMarmaladeMedia" name="test_search_media" time="0.419" /><testcase classname="backend.tests.test_marmalade_compote_new.TestMarmaladeMedia" name="test_get_recent_media" time="0.324" /><testcase classname="backend.tests.test_marmalade_compote_new.TestMarmaladeMedia" name="test_get_continue_watching" time="0.323" /><testcase classname="backend.tests.test_marmalade_compote_new.TestCompoteIndexerTypes" name="test_get_indexer_types" time="0.418" /><testcase classname="backend.tests.test_marmalade_compote_new.TestCompoteIndexerTypes" name="test_indexer_types_no_auth_required" time="0.477" /><testcase classname="backend.tests.test_marmalade_compote_new.TestCompoteSetupGuide" name="test_get_setup_guide" time="0.417" /><testcase classname="backend.tests.test_marmalade_compote_new.TestCompoteDefaultIndexers" name="test_get_default_indexers" time="0.316" /><testcase classname="backend.tests.test_marmalade_compote_new.TestCompoteUpdateIndexer" name="test_update_indexer" time="0.636" /><testcase classname="backend.tests.test_marmalade_compote_new.TestCompoteUpdateIndexer" name="test_update_nonexistent_indexer" time="0.316" /><testcase classname="backend.tests.test_marmalade_compote_new.TestCompoteDeleteIndexer" name="test_delete_indexer" time="0.636" /><testcase classname="backend.tests.test_marmalade_compote_new.TestCompoteDeleteIndexer" name="test_delete_indexer_requires_auth" time="0.445" /><testcase classname="backend.tests.test_marmalade_compote_new.TestCompoteTestIndexer" name="test_test_indexer" time="0.703" /><testcase classname="backend.tests.test_marmalade_compote_new.TestCompoteTestIndexer" name="test_test_nonexistent_indexer" time="0.420" /><testcase classname="backend.tests.test_marmalade_compote_new.TestCompoteSearchWithDemoResults" name="test_search_returns_demo_results" time="0.316" /><testcase classname="backend.tests.test_marmalade_compote_new.TestCompoteSearchWithDemoResults" name="test_search_tv_shows" time="0.319" /><testcase classname="backend.tests.test_marmalade_compote_new.TestCompoteIntegrationWorkflow" name="test_full_indexer_lifecycle" time="1.409" /><testcase classname="backend.tests.test_new_features.TestGoogleOAuthEndpoints" name="test_google_session_invalid_session_id" time="0.884" /><testcase classname="backend.tests.test_new_features.TestGoogleOAuthEndpoints" name="test_google_session_missing_session_id" time="0.446" /><testcase classname="backend.tests.test_new_features.TestLogoutEndpoint" name="test_logout_success" time="0.659" /><testcase classname="backend.tests.test_new_features.TestLogoutEndpoint" name="test_logout_with_session" time="1.015" /><testcase classname="backend.tests.test_new_features.TestScheduledScansAPI" name="test_get_scheduled_scans" time="1.021" /><testcase classname="backend.tests.test_new_features.TestScheduledScansAPI" name="test_get_scheduled_scans_unauthenticated" time="0.443" /><testcase classname="backend.tests.test_new_features.TestScheduledScansAPI" name="test_create_scheduled_scan" time="1.369" /><testcase classname="backend.tests.test_new_features.TestScheduledScansAPI" name="test_create_scheduled_scan_weekly" time="1.349" /><testcase classname="backend.tests.test_new_features.TestScheduledScansAPI" name="test_run_scheduled_scan_now" time="1.496" /><testcase classname="backend.tests.test_new_features.TestScheduledScansAPI" name="test_run_nonexistent_scan" time="1.116" /><testcase classname="backend.tests.test_new_features.TestScheduledScansAPI" name="test_delete_scheduled_scan" time="1.934" /><testcase classname="backend.tests.test_new_features.TestScheduledScansAPI" name="test_delete_nonexistent_scan" time="0.914" /><testcase classname="backend.tests.test_new_features.TestNotificationsAPI" name="test_get_notifications" time="1.415" /><testcase classname="backend.tests.test_new_features.TestNotificationsAPI" name="test_get_notifications_unread_only" time="1.665" /><testcase classname="backend.tests.test_new_features.TestNotificationsAPI" name="test_get_notifications_unauthenticated" time="0.478" /><testcase classname="backend.tests.test_new_features.TestRedownloadAPI" name="test_request_redownload" time="1.113" /><testcase classname="backend.tests.test_new_features.TestRedownloadAPI" name="test_request_redownload_tv_show" time="1.328" /><testcase classname="backend.tests.test_new_features.TestRedownloadAPI" name="test_request_redownload_unauthenticated" time="0.447" /><testcase classname="backend.tests.test_new_features.TestRedownloadAPI" name="test_request_redownload_without_tmdb_id" time="1.116" /><testcase classname="backend.tests.test_new_features.TestExistingScheduledScan" name="test_existing_scan_in_list" time="1.043" /><testcase classname="backend.tests.test_new_features.TestUpdateScheduledScan" name="test_update_scheduled_scan" time="1.457" /><testcase classname="backend.tests.test_watchnexus_api.TestHealthCheck" name="test_health_endpoint" time="0.448" /><testcase classname="backend.tests.test_watchnexus_api.TestAuthentication" name="test_login_success" time="0.665" /><testcase classname="backend.tests.test_watchnexus_api.TestAuthentication" name="test_login_invalid_credentials" time="0.451" /><testcase classname="backend.tests.test_watchnexus_api.TestAuthentication" name="test_register_new_user" time="0.568" /><testcase classname="backend.tests.test_watchnexus_api.TestAuthentication" name="test_get_me_authenticated" time="0.906" /><testcase classname="backend.tests.test_watchnexus_api.TestAuthentication" name="test_get_me_unauthenticated" time="0.340" /><testcase classname="backend.tests.test_watchnexus_api.TestMediaHealthChecker" name="test_health_check_valid_file" time="0.365" /><testcase classname="backend.tests.test_watchnexus_api.TestMediaHealthChecker" name="test_health_check_nonexistent_file" time="0.445" /><testcase classname="backend.tests.test_watchnexus_api.TestMediaHealthChecker" name="test_health_check_with_hash" time="0.346" /><testcase classname="backend.tests.test_watchnexus_api.TestMediaHealthChecker" name="test_scan_library" time="0.361" /><testcase classname="backend.tests.test_watchnexus_api.TestMediaHealthChecker" name="test_repair_file" time="0.344" /><testcase classname="backend.tests.test_watchnexus_api.TestMarmaladeProxy" name="test_marmalade_status_endpoint" time="1.011" /><testcase classname="backend.tests.test_watchnexus_api.TestTMDBEndpoints" name="test_trending_all" time="0.448" /><testcase classname="backend.tests.test_watchnexus_api.TestTMDBEndpoints" name="test_now_playing_movies" time="0.482" /><testcase classname="backend.tests.test_watchnexus_api.TestTMDBEndpoints" name="test_on_the_air_tv" time="0.380" /><testcase classname="backend.tests.test_watchnexus_api.TestTMDBEndpoints" name="test_search_media" time="0.393" /><testcase classname="backend.tests.test_watchnexus_api.TestDownloadsAPI" name="test_get_downloads" time="0.670" /><testcase classname="backend.tests.test_watchnexus_api.TestDownloadsAPI" name="test_add_download" time="0.470" /><testcase classname="backend.tests.test_watchnexus_api.TestWatchlistAPI" name="test_get_watchlist" time="1.009" /><testcase classname="backend.tests.test_watchnexus_api.TestWatchlistAPI" name="test_watchlist_unauthenticated" time="0.452" /><testcase classname="backend.tests.test_watchnexus_api.TestSettingsAPI" name="test_get_settings" time="1.328" /><testcase classname="backend.tests.test_watchnexus_api.TestSettingsAPI" name="test_update_settings" time="0.906" /><testcase classname="backend.tests.test_watchnexus_api.TestIndexersAPI" name="test_get_indexers" time="1.465" /><testcase classname="backend.tests.test_watchnexus_api.TestStreamingServicesAPI" name="test_get_streaming_services" time="1.005" /></testsuite></testsuites>