<?xml version="1.0" encoding="utf-8"?><testsuites name="pytest tests"><testsuite name="pytest" errors="0" failures="0" skipped="0" tests="24" time="23.319" timestamp="2026-03-11T21:53:20.313018+00:00" hostname="agent-env-0b75a2ce-4622-43c6-b8a2-c85962a7eb7d"><testcase classname="tests.test_iteration32_security_vpn_info.TestAuth" name="test_login_success" time="0.758" /><testcase classname="tests.test_iteration32_security_vpn_info.TestAuth" name="test_users_me" time="1.141" /><testcase classname="tests.test_iteration32_security_vpn_info.TestSystemInfo" name="test_get_system_info" time="1.124" /><testcase classname="tests.test_iteration32_security_vpn_info.TestSecurityModule" name="test_security_stats" time="1.017" /><testcase classname="tests.test_iteration32_security_vpn_info.TestSecurityModule" name="test_security_audit" time="0.398" /><testcase classname="tests.test_iteration32_security_vpn_info.TestSecurityModule" name="test_ip_rules_crud" time="1.226" /><testcase classname="tests.test_iteration32_security_vpn_info.TestSecurityModule" name="test_api_keys_crud" time="1.294" /><testcase classname="tests.test_iteration32_security_vpn_info.TestSecurityModule" name="test_security_sessions" time="0.386" /><testcase classname="tests.test_iteration32_security_vpn_info.TestVpnModule" name="test_vpn_server_get" time="1.007" /><testcase classname="tests.test_iteration32_security_vpn_info.TestVpnModule" name="test_vpn_server_setup" time="0.416" /><testcase classname="tests.test_iteration32_security_vpn_info.TestVpnModule" name="test_vpn_peers_crud" time="1.192" /><testcase classname="tests.test_iteration32_security_vpn_info.TestVpnModule" name="test_vpn_wg_status" time="0.388" /><testcase classname="tests.test_iteration32_security_vpn_info.TestVpnModule" name="test_vpn_stats" time="0.422" /><testcase classname="tests.test_iteration32_security_vpn_info.TestLibraries" name="test_libraries_crud" time="2.237" /><testcase classname="tests.test_iteration32_security_vpn_info.TestLibraries" name="test_library_scan_with_background_job" time="3.617" /><testcase classname="tests.test_iteration32_security_vpn_info.TestIntegrationSettings" name="test_get_integration_settings" time="1.062" /><testcase classname="tests.test_iteration32_security_vpn_info.TestIntegrationSettings" name="test_qbittorrent_test_connection" time="0.412" /><testcase classname="tests.test_iteration32_security_vpn_info.TestLogs" name="test_get_log_files" time="1.017" /><testcase classname="tests.test_iteration32_security_vpn_info.TestLogs" name="test_get_latest_logs" time="0.412" /><testcase classname="tests.test_iteration32_security_vpn_info.TestLogs" name="test_get_system_logs" time="0.551" /><testcase classname="tests.test_iteration32_security_vpn_info.TestGadgets" name="test_weather_gadget" time="1.123" /><testcase classname="tests.test_iteration32_security_vpn_info.TestGadgets" name="test_radio_stations" time="0.559" /><testcase classname="tests.test_iteration32_security_vpn_info.TestDrizzle" name="test_get_playlists" time="1.029" /><testcase classname="tests.test_iteration32_security_vpn_info.TestDrizzle" name="test_get_queue" time="0.416" /></testsuite></testsuites>