<?xml version="1.0" encoding="utf-8"?><testsuites name="pytest tests"><testsuite name="pytest" errors="0" failures="0" skipped="0" tests="13" time="6.099" timestamp="2026-04-09T16:04:48.689700+00:00" hostname="agent-env-90b4ebc9-cd1c-4e73-8ac9-1d5541d69ff8"><testcase classname="backend.tests.test_strudel_module.TestStrudelModule" name="test_strudel_status_returns_module_info" time="0.601" /><testcase classname="backend.tests.test_strudel_module.TestStrudelModule" name="test_strudel_drives_returns_list" time="0.401" /><testcase classname="backend.tests.test_strudel_module.TestStrudelModule" name="test_strudel_profiles_returns_7_defaults" time="0.397" /><testcase classname="backend.tests.test_strudel_module.TestStrudelModule" name="test_strudel_profile_direct_copy" time="0.375" /><testcase classname="backend.tests.test_strudel_module.TestStrudelModule" name="test_strudel_profile_nvenc_gpu" time="0.385" /><testcase classname="backend.tests.test_strudel_module.TestStrudelModule" name="test_strudel_config_returns_defaults" time="0.350" /><testcase classname="backend.tests.test_strudel_module.TestStrudelModule" name="test_strudel_config_update_and_persist" time="0.505" /><testcase classname="backend.tests.test_strudel_module.TestStrudelModule" name="test_strudel_jobs_returns_list" time="0.387" /><testcase classname="backend.tests.test_strudel_module.TestStrudelModule" name="test_strudel_job_not_found" time="0.411" /><testcase classname="backend.tests.test_strudel_module.TestStrudelModule" name="test_strudel_history_returns_list" time="0.362" /><testcase classname="backend.tests.test_strudel_module.TestStrudelModule" name="test_strudel_scan_requires_makemkv" time="0.380" /><testcase classname="backend.tests.test_strudel_module.TestStrudelModule" name="test_strudel_rip_requires_makemkv" time="0.379" /><testcase classname="backend.tests.test_strudel_module.TestStrudelModule" name="test_strudel_endpoints_require_auth" time="0.969" /></testsuite></testsuites>