<?xml version="1.0" encoding="utf-8"?><testsuites name="pytest tests"><testsuite name="pytest" errors="0" failures="9" skipped="0" tests="18" time="11.121" timestamp="2026-02-11T15:13:27.112391+00:00" hostname="agent-env-219ac4f0-511f-49c5-97de-c050a8c345e8"><testcase classname="backend.tests.test_milk_gadgets.TestMilkThemeForge" name="test_get_theme_forge_config" time="1.505" /><testcase classname="backend.tests.test_milk_gadgets.TestMilkThemeForge" name="test_get_all_themes" time="0.444" /><testcase classname="backend.tests.test_milk_gadgets.TestMilkThemeForge" name="test_get_current_theme" time="0.450" /><testcase classname="backend.tests.test_milk_gadgets.TestMilkThemeForge" name="test_get_theme_css" time="0.344" /><testcase classname="backend.tests.test_milk_gadgets.TestMilkThemeForge" name="test_set_theme" time="0.455"><failure message="KeyError: 'type'">backend/tests/test_milk_gadgets.py:115: in test_set_theme
    assert data["type"] == "movie"
           ^^^^^^^^^^^^
E   KeyError: 'type'</failure></testcase><testcase classname="backend.tests.test_milk_gadgets.TestMilkThemeForge" name="test_theme_forge_color_presets" time="0.454" /><testcase classname="backend.tests.test_milk_gadgets.TestMilkThemeForge" name="test_built_in_theme_details" time="0.473" /><testcase classname="backend.tests.test_milk_gadgets.TestGadgetsPlugins" name="test_get_plugins_list" time="0.762" /><testcase classname="backend.tests.test_milk_gadgets.TestGadgetsPlugins" name="test_discover_plugins" time="0.346"><failure message="AssertionError: assert False&#10; +  where False = isinstance({'discovered': 2, 'plugins': [{'author': 'WatchNexus', 'dependencies': [], 'description': 'Fetch anime metadata from AniDB (Anime Database)', 'entry_point': 'main.AniDBMetadataPlugin', ...}, {'author': 'WatchNexus', 'dependencies': [], 'description': 'Send notifications to Discord channels via webhooks', 'entry_point': 'main.DiscordNotifyPlugin', ...}]}, list)">backend/tests/test_milk_gadgets.py:205: in test_discover_plugins
    assert isinstance(data, list)
E   AssertionError: assert False
E    +  where False = isinstance({'discovered': 2, 'plugins': [{'author': 'WatchNexus', 'dependencies': [], 'description': 'Fetch anime metadata from AniDB (Anime Database)', 'entry_point': 'main.AniDBMetadataPlugin', ...}, {'author': 'WatchNexus', 'dependencies': [], 'description': 'Send notifications to Discord channels via webhooks', 'entry_point': 'main.DiscordNotifyPlugin', ...}]}, list)</failure></testcase><testcase classname="backend.tests.test_milk_gadgets.TestGadgetsPlugins" name="test_get_providers_metadata" time="0.375"><failure message="assert 400 == 200&#10; +  where 400 = &lt;Response [400]&gt;.status_code">backend/tests/test_milk_gadgets.py:213: in test_get_providers_metadata
    assert response.status_code == 200
E   assert 400 == 200
E    +  where 400 = &lt;Response [400]&gt;.status_code</failure></testcase><testcase classname="backend.tests.test_milk_gadgets.TestGadgetsPlugins" name="test_get_providers_indexer" time="0.454"><failure message="assert 400 == 200&#10; +  where 400 = &lt;Response [400]&gt;.status_code">backend/tests/test_milk_gadgets.py:224: in test_get_providers_indexer
    assert response.status_code == 200
E   assert 400 == 200
E    +  where 400 = &lt;Response [400]&gt;.status_code</failure></testcase><testcase classname="backend.tests.test_milk_gadgets.TestGadgetsPlugins" name="test_get_providers_subtitle" time="0.666"><failure message="assert 400 == 200&#10; +  where 400 = &lt;Response [400]&gt;.status_code">backend/tests/test_milk_gadgets.py:235: in test_get_providers_subtitle
    assert response.status_code == 200
E   assert 400 == 200
E    +  where 400 = &lt;Response [400]&gt;.status_code</failure></testcase><testcase classname="backend.tests.test_milk_gadgets.TestGadgetsPlugins" name="test_get_providers_notification" time="0.448"><failure message="assert 400 == 200&#10; +  where 400 = &lt;Response [400]&gt;.status_code">backend/tests/test_milk_gadgets.py:246: in test_get_providers_notification
    assert response.status_code == 200
E   assert 400 == 200
E    +  where 400 = &lt;Response [400]&gt;.status_code</failure></testcase><testcase classname="backend.tests.test_milk_gadgets.TestGadgetsPlugins" name="test_get_providers_theme" time="0.714"><failure message="assert 400 == 200&#10; +  where 400 = &lt;Response [400]&gt;.status_code">backend/tests/test_milk_gadgets.py:257: in test_get_providers_theme
    assert response.status_code == 200
E   assert 400 == 200
E    +  where 400 = &lt;Response [400]&gt;.status_code</failure></testcase><testcase classname="backend.tests.test_milk_gadgets.TestGadgetsPlugins" name="test_load_nonexistent_plugin" time="0.762"><failure message="assert 520 in [404, 500]&#10; +  where 520 = &lt;Response [520]&gt;.status_code">backend/tests/test_milk_gadgets.py:269: in test_load_nonexistent_plugin
    assert response.status_code in [404, 500]
E   assert 520 in [404, 500]
E    +  where 520 = &lt;Response [520]&gt;.status_code</failure></testcase><testcase classname="backend.tests.test_milk_gadgets.TestGadgetsPlugins" name="test_get_nonexistent_plugin" time="0.344" /><testcase classname="backend.tests.test_milk_gadgets.TestMilkGadgetsIntegration" name="test_theme_providers_from_gadgets" time="0.448"><failure message="assert 400 == 200&#10; +  where 400 = &lt;Response [400]&gt;.status_code">backend/tests/test_milk_gadgets.py:290: in test_theme_providers_from_gadgets
    assert gadgets_response.status_code == 200
E   assert 400 == 200
E    +  where 400 = &lt;Response [400]&gt;.status_code</failure></testcase><testcase classname="backend.tests.test_milk_gadgets.TestMilkGadgetsIntegration" name="test_api_authentication_required" time="1.503" /></testsuite></testsuites>