<?xml version="1.0" encoding="utf-8"?><testsuites name="pytest tests"><testsuite name="pytest" errors="0" failures="0" skipped="0" tests="24" time="9.452" timestamp="2026-03-15T17:34:17.469465+00:00" hostname="agent-env-c3656c93-e567-4735-98fb-a678feccdbd1"><testcase classname="test_watchnexus_audit.TestAuth" name="test_login_returns_access_token" time="0.621" /><testcase classname="test_watchnexus_audit.TestSystemInfo" name="test_system_info_returns_version_hostname_platform" time="0.857" /><testcase classname="test_watchnexus_audit.TestSystemInfo" name="test_system_stats_returns_memory_cpu_uptime" time="0.302" /><testcase classname="test_watchnexus_audit.TestCrumbsAPIManagement" name="test_crumbs_services_returns_8_services" time="0.292" /><testcase classname="test_watchnexus_audit.TestCrumbsAPIManagement" name="test_crumbs_configured_returns_list" time="0.371" /><testcase classname="test_watchnexus_audit.TestCrumbsAPIManagement" name="test_crumbs_put_tmdb_saves_api_key" time="0.602" /><testcase classname="test_watchnexus_audit.TestWeatherGadget" name="test_weather_with_lat_lon_returns_data" time="0.399" /><testcase classname="test_watchnexus_audit.TestWeatherGadget" name="test_weather_search_returns_locations" time="0.420" /><testcase classname="test_watchnexus_audit.TestPodcastsGadget" name="test_podcasts_search_returns_itunes_results" time="0.478" /><testcase classname="test_watchnexus_audit.TestPodcastsGadget" name="test_podcasts_list_returns_array" time="0.315" /><testcase classname="test_watchnexus_audit.TestRadioGadget" name="test_radio_stations_returns_list" time="0.408" /><testcase classname="test_watchnexus_audit.TestRadioGadget" name="test_radio_countries_returns_list" time="0.489" /><testcase classname="test_watchnexus_audit.TestRadioGadget" name="test_radio_tags_returns_list" time="0.347" /><testcase classname="test_watchnexus_audit.TestIPTV" name="test_iptv_sources_returns_list" time="0.302" /><testcase classname="test_watchnexus_audit.TestSubtitles" name="test_subtitles_settings_returns_providers" time="0.313" /><testcase classname="test_watchnexus_audit.TestDrizzlePlaylists" name="test_drizzle_playlists_returns_list" time="0.302" /><testcase classname="test_watchnexus_audit.TestDrizzlePlaylists" name="test_drizzle_create_playlist" time="0.317" /><testcase classname="test_watchnexus_audit.TestQBittorrent" name="test_qbittorrent_status_returns_connection_status" time="0.312" /><testcase classname="test_watchnexus_audit.TestThemes" name="test_milk_themes_returns_list" time="0.318" /><testcase classname="test_watchnexus_audit.TestRipenGadgets" name="test_ripen_installed_returns_gadgets" time="0.307" /><testcase classname="test_watchnexus_audit.TestUserPreferences" name="test_user_preferences_returns_data" time="0.291" /><testcase classname="test_watchnexus_audit.TestCacheStats" name="test_cache_stats_returns_data" time="0.293" /><testcase classname="test_watchnexus_audit.TestDBStats" name="test_db_stats_returns_data" time="0.343" /><testcase classname="test_watchnexus_audit.TestFilesystemBrowse" name="test_filesystem_browse_returns_listing" time="0.296" /></testsuite></testsuites>