<?xml version="1.0" encoding="utf-8"?><testsuites name="pytest tests"><testsuite name="pytest" errors="0" failures="0" skipped="0" tests="18" time="13.465" timestamp="2026-02-23T14:02:26.009859+00:00" hostname="agent-env-325c251a-54d6-48fc-8f54-557af591dc5f"><testcase classname="backend.tests.test_v230_zest_garnish_plugins.TestAuth" name="test_login_success" time="0.778" /><testcase classname="backend.tests.test_v230_zest_garnish_plugins.TestZestLogViewer" name="test_zest_get_logs" time="1.060" /><testcase classname="backend.tests.test_v230_zest_garnish_plugins.TestZestLogViewer" name="test_zest_get_logs_with_level_filter" time="0.423" /><testcase classname="backend.tests.test_v230_zest_garnish_plugins.TestZestLogViewer" name="test_zest_get_logs_with_search" time="0.438" /><testcase classname="backend.tests.test_v230_zest_garnish_plugins.TestZestLogViewer" name="test_zest_get_stats" time="0.503" /><testcase classname="backend.tests.test_v230_zest_garnish_plugins.TestZestLogViewer" name="test_zest_get_health" time="0.502" /><testcase classname="backend.tests.test_v230_zest_garnish_plugins.TestGarnishSubtitles" name="test_garnish_get_settings" time="1.065" /><testcase classname="backend.tests.test_v230_zest_garnish_plugins.TestGarnishSubtitles" name="test_garnish_save_settings" time="1.283" /><testcase classname="backend.tests.test_v230_zest_garnish_plugins.TestThemeForge" name="test_theme_forge_get_config" time="1.048" /><testcase classname="backend.tests.test_v230_zest_garnish_plugins.TestThemeForge" name="test_theme_forge_set_builtin_theme" time="0.829" /><testcase classname="backend.tests.test_v230_zest_garnish_plugins.TestThemeForge" name="test_theme_forge_custom_theme" time="0.439" /><testcase classname="backend.tests.test_v230_zest_garnish_plugins.TestPluginsAndKodiImport" name="test_get_plugins_list" time="1.162" /><testcase classname="backend.tests.test_v230_zest_garnish_plugins.TestPluginsAndKodiImport" name="test_plugin_discover" time="0.426" /><testcase classname="backend.tests.test_v230_zest_garnish_plugins.TestPluginsAndKodiImport" name="test_import_plugin_from_url_validation" time="0.536" /><testcase classname="backend.tests.test_v230_zest_garnish_plugins.TestPluginsAndKodiImport" name="test_import_kodi_addon_validation" time="0.475" /><testcase classname="backend.tests.test_v230_zest_garnish_plugins.TestUserManagement" name="test_get_users_list" time="1.045" /><testcase classname="backend.tests.test_v230_zest_garnish_plugins.TestUserManagement" name="test_delete_user_validation" time="0.943" /><testcase classname="backend.tests.test_v230_zest_garnish_plugins.TestUserManagement" name="test_delete_nonexistent_user" time="0.421" /></testsuite></testsuites>