<?xml version="1.0" encoding="utf-8"?><testsuites name="pytest tests"><testsuite name="pytest" errors="0" failures="0" skipped="0" tests="19" time="79.865" timestamp="2026-03-24T00:56:28.575100+00:00" hostname="agent-env-a6893d11-4db5-4632-98c4-a2d5870c22f3"><testcase classname="backend.tests.test_compote_v284.TestCompoteSearch" name="test_compote_search_returns_results" time="16.277" /><testcase classname="backend.tests.test_compote_v284.TestCompoteSearch" name="test_compote_search_result_fields" time="16.130" /><testcase classname="backend.tests.test_compote_v284.TestCompoteSearch" name="test_compote_search_sorted_by_seeders" time="16.035" /><testcase classname="backend.tests.test_compote_v284.TestCompoteSearch" name="test_compote_search_magnet_url_format" time="16.145" /><testcase classname="backend.tests.test_compote_v284.TestCompoteSearch" name="test_compote_search_empty_query" time="1.133" /><testcase classname="backend.tests.test_compote_v284.TestCompoteGrab" name="test_compote_grab_with_magnet" time="0.984" /><testcase classname="backend.tests.test_compote_v284.TestCompoteGrab" name="test_compote_grab_returns_download_id" time="0.960" /><testcase classname="backend.tests.test_compote_v284.TestCompoteIndexers" name="test_default_indexers_list" time="1.019" /><testcase classname="backend.tests.test_compote_v284.TestCompoteIndexers" name="test_default_indexers_have_urls" time="1.006" /><testcase classname="backend.tests.test_compote_v284.TestCompoteIndexers" name="test_configured_indexers_list" time="1.023" /><testcase classname="backend.tests.test_compote_v284.TestSystemEndpoints" name="test_health_endpoint" time="1.006" /><testcase classname="backend.tests.test_compote_v284.TestSystemEndpoints" name="test_info_endpoint" time="1.003" /><testcase classname="backend.tests.test_compote_v284.TestModulePages" name="test_collections_roux_status" time="1.055" /><testcase classname="backend.tests.test_compote_v284.TestModulePages" name="test_rss_sprout_status" time="1.088" /><testcase classname="backend.tests.test_compote_v284.TestModulePages" name="test_tasks_saffron_status" time="1.010" /><testcase classname="backend.tests.test_compote_v284.TestModulePages" name="test_automation_fondue_status" time="0.972" /><testcase classname="backend.tests.test_compote_v284.TestModulePages" name="test_backups_sourdough_status" time="0.991" /><testcase classname="backend.tests.test_compote_v284.TestModulePages" name="test_download_clients_churro_status" time="0.971" /><testcase classname="backend.tests.test_compote_v284.TestModulePages" name="test_scrobbling_glaze_status" time="0.991" /></testsuite></testsuites>