<?xml version="1.0" encoding="utf-8"?><testsuites name="pytest tests"><testsuite name="pytest" errors="0" failures="0" skipped="0" tests="24" time="25.371" timestamp="2026-03-24T00:14:30.881677+00:00" hostname="agent-env-a6893d11-4db5-4632-98c4-a2d5870c22f3"><testcase classname="backend.tests.test_watchnexus_v284.TestAuth" name="test_login_success" time="0.789" /><testcase classname="backend.tests.test_watchnexus_v284.TestHealthAndInfo" name="test_health_endpoint" time="0.516" /><testcase classname="backend.tests.test_watchnexus_v284.TestHealthAndInfo" name="test_info_endpoint" time="1.012" /><testcase classname="backend.tests.test_watchnexus_v284.TestBastion" name="test_bastion_status" time="1.024" /><testcase classname="backend.tests.test_watchnexus_v284.TestBastion" name="test_2fa_setup" time="1.001" /><testcase classname="backend.tests.test_watchnexus_v284.TestBastion" name="test_sessions" time="1.042" /><testcase classname="backend.tests.test_watchnexus_v284.TestBastion" name="test_audit_log" time="1.343" /><testcase classname="backend.tests.test_watchnexus_v284.TestBastion" name="test_ldap_test" time="1.543" /><testcase classname="backend.tests.test_watchnexus_v284.TestBastion" name="test_ldap_test_missing_server" time="1.013" /><testcase classname="backend.tests.test_watchnexus_v284.TestBastion" name="test_password_validate" time="1.440" /><testcase classname="backend.tests.test_watchnexus_v284.TestTunnel" name="test_tunnel_status" time="1.012" /><testcase classname="backend.tests.test_watchnexus_v284.TestTunnel" name="test_network_info" time="1.026" /><testcase classname="backend.tests.test_watchnexus_v284.TestTunnel" name="test_test_connectivity" time="1.362" /><testcase classname="backend.tests.test_watchnexus_v284.TestTunnel" name="test_peer_creation" time="1.003" /><testcase classname="backend.tests.test_watchnexus_v284.TestTunnel" name="test_bandwidth" time="1.013" /><testcase classname="backend.tests.test_watchnexus_v284.TestTunnel" name="test_certificates" time="1.016" /><testcase classname="backend.tests.test_watchnexus_v284.TestConfigureMe" name="test_trakt_authorize_no_configure_me" time="0.991" /><testcase classname="backend.tests.test_watchnexus_v284.TestModulePages" name="test_roux_status" time="1.009" /><testcase classname="backend.tests.test_watchnexus_v284.TestModulePages" name="test_sprout_status" time="0.989" /><testcase classname="backend.tests.test_watchnexus_v284.TestModulePages" name="test_saffron_status" time="0.996" /><testcase classname="backend.tests.test_watchnexus_v284.TestModulePages" name="test_fondue_status" time="1.034" /><testcase classname="backend.tests.test_watchnexus_v284.TestModulePages" name="test_sourdough_status" time="0.993" /><testcase classname="backend.tests.test_watchnexus_v284.TestModulePages" name="test_churro_status" time="1.027" /><testcase classname="backend.tests.test_watchnexus_v284.TestModulePages" name="test_glaze_status" time="1.007" /></testsuite></testsuites>