<?xml version="1.0" encoding="utf-8"?><testsuites name="pytest tests"><testsuite name="pytest" errors="0" failures="0" skipped="0" tests="34" time="2.097" timestamp="2026-03-19T17:13:57.671284+00:00" hostname="agent-env-3300dc1b-0241-4a71-af2d-8691214d2aed"><testcase classname="backend.tests.test_new_features_v273.TestHealthAndAuth" name="test_health_endpoint" time="0.058" /><testcase classname="backend.tests.test_new_features_v273.TestHealthAndAuth" name="test_auth_login" time="0.169" /><testcase classname="backend.tests.test_new_features_v273.TestModulesAndPlugins" name="test_info_includes_new_modules" time="0.192" /><testcase classname="backend.tests.test_new_features_v273.TestModulesAndPlugins" name="test_gadgets_plugins_includes_new_features" time="0.026" /><testcase classname="backend.tests.test_new_features_v273.TestModulesAndPlugins" name="test_ripen_installed_includes_new_gadgets" time="0.033" /><testcase classname="backend.tests.test_new_features_v273.TestTruffle" name="test_record_play_event" time="0.027" /><testcase classname="backend.tests.test_new_features_v273.TestTruffle" name="test_get_stats" time="0.029" /><testcase classname="backend.tests.test_new_features_v273.TestTruffle" name="test_get_wrapped" time="0.024" /><testcase classname="backend.tests.test_new_features_v273.TestTruffle" name="test_get_recent" time="0.023" /><testcase classname="backend.tests.test_new_features_v273.TestTruffle" name="test_admin_overview" time="0.033" /><testcase classname="backend.tests.test_new_features_v273.TestPepper" name="test_get_events" time="0.022" /><testcase classname="backend.tests.test_new_features_v273.TestPepper" name="test_save_channel" time="0.026" /><testcase classname="backend.tests.test_new_features_v273.TestPepper" name="test_get_channels" time="0.023" /><testcase classname="backend.tests.test_new_features_v273.TestPepper" name="test_delete_channel" time="0.043" /><testcase classname="backend.tests.test_new_features_v273.TestPepper" name="test_get_history" time="0.024" /><testcase classname="backend.tests.test_new_features_v273.TestMeringue" name="test_submit_request" time="0.028" /><testcase classname="backend.tests.test_new_features_v273.TestMeringue" name="test_my_requests" time="0.024" /><testcase classname="backend.tests.test_new_features_v273.TestMeringue" name="test_all_requests_admin" time="0.029" /><testcase classname="backend.tests.test_new_features_v273.TestMeringue" name="test_approve_request" time="0.027" /><testcase classname="backend.tests.test_new_features_v273.TestMeringue" name="test_get_stats" time="0.024" /><testcase classname="backend.tests.test_new_features_v273.TestRind" name="test_get_profile_default" time="0.024" /><testcase classname="backend.tests.test_new_features_v273.TestRind" name="test_save_profile" time="0.033" /><testcase classname="backend.tests.test_new_features_v273.TestRind" name="test_set_pin" time="0.170" /><testcase classname="backend.tests.test_new_features_v273.TestRind" name="test_verify_correct_pin" time="0.166" /><testcase classname="backend.tests.test_new_features_v273.TestRind" name="test_verify_incorrect_pin" time="0.167" /><testcase classname="backend.tests.test_new_features_v273.TestRind" name="test_check_rating_blocked" time="0.023" /><testcase classname="backend.tests.test_new_features_v273.TestRind" name="test_check_genre_restriction" time="0.023" /><testcase classname="backend.tests.test_new_features_v273.TestRind" name="test_get_ratings" time="0.023" /><testcase classname="backend.tests.test_new_features_v273.TestCrucible" name="test_get_profiles" time="0.023" /><testcase classname="backend.tests.test_new_features_v273.TestCrucible" name="test_ffmpeg_status" time="0.034" /><testcase classname="backend.tests.test_new_features_v273.TestCrucible" name="test_submit_job" time="0.028" /><testcase classname="backend.tests.test_new_features_v273.TestCrucible" name="test_get_jobs" time="0.024" /><testcase classname="backend.tests.test_new_features_v273.TestCrucible" name="test_get_stats" time="0.024" /><testcase classname="backend.tests.test_new_features_v273.TestNoJellyfinReferences" name="test_no_jellyfin_in_responses" time="0.281" /></testsuite></testsuites>