<?xml version="1.0" encoding="utf-8"?><testsuites name="pytest tests"><testsuite name="pytest" errors="0" failures="0" skipped="0" tests="34" time="19.436" timestamp="2026-02-26T10:57:24.698293+00:00" hostname="agent-env-04908b74-e2ea-44f6-a0d5-3c49a782f604"><testcase classname="backend.tests.test_gadgets_api.TestWeatherGadget" name="test_get_weather_default_location" time="1.440" /><testcase classname="backend.tests.test_gadgets_api.TestWeatherGadget" name="test_get_weather_with_coords" time="0.500" /><testcase classname="backend.tests.test_gadgets_api.TestWeatherGadget" name="test_weather_search_location" time="0.504" /><testcase classname="backend.tests.test_gadgets_api.TestWeatherGadget" name="test_weather_get_settings" time="0.421" /><testcase classname="backend.tests.test_gadgets_api.TestWeatherGadget" name="test_weather_save_settings" time="0.876" /><testcase classname="backend.tests.test_gadgets_api.TestPodcastsGadget" name="test_get_podcasts_subscriptions" time="0.443" /><testcase classname="backend.tests.test_gadgets_api.TestPodcastsGadget" name="test_subscribe_to_podcast" time="0.544" /><testcase classname="backend.tests.test_gadgets_api.TestPodcastsGadget" name="test_subscribe_invalid_feed" time="0.518" /><testcase classname="backend.tests.test_gadgets_api.TestPodcastsGadget" name="test_get_podcast_episodes" time="0.975" /><testcase classname="backend.tests.test_gadgets_api.TestPodcastsGadget" name="test_podcast_queue_endpoints" time="0.434" /><testcase classname="backend.tests.test_gadgets_api.TestRadioGadget" name="test_get_radio_stations_popular" time="0.682" /><testcase classname="backend.tests.test_gadgets_api.TestRadioGadget" name="test_search_radio_stations" time="0.838" /><testcase classname="backend.tests.test_gadgets_api.TestRadioGadget" name="test_filter_radio_by_country" time="0.716" /><testcase classname="backend.tests.test_gadgets_api.TestRadioGadget" name="test_filter_radio_by_tag" time="0.590" /><testcase classname="backend.tests.test_gadgets_api.TestRadioGadget" name="test_get_radio_countries" time="0.517" /><testcase classname="backend.tests.test_gadgets_api.TestRadioGadget" name="test_get_radio_tags" time="0.624" /><testcase classname="backend.tests.test_gadgets_api.TestRadioGadget" name="test_get_radio_favorites" time="0.429" /><testcase classname="backend.tests.test_gadgets_api.TestRadioGadget" name="test_add_radio_favorite" time="0.412" /><testcase classname="backend.tests.test_gadgets_api.TestRadioGadget" name="test_remove_radio_favorite" time="0.405" /><testcase classname="backend.tests.test_gadgets_api.TestPhotosGadget" name="test_get_photo_libraries" time="0.405" /><testcase classname="backend.tests.test_gadgets_api.TestPhotosGadget" name="test_add_photo_library_missing_fields" time="0.435" /><testcase classname="backend.tests.test_gadgets_api.TestPhotosGadget" name="test_add_photo_library_invalid_path" time="0.403" /><testcase classname="backend.tests.test_gadgets_api.TestPhotosGadget" name="test_add_photo_library_valid_path" time="0.408" /><testcase classname="backend.tests.test_gadgets_api.TestWebVideoGadget" name="test_webvideo_info_missing_url" time="0.414" /><testcase classname="backend.tests.test_gadgets_api.TestWebVideoGadget" name="test_webvideo_history" time="0.412" /><testcase classname="backend.tests.test_gadgets_api.TestWebVideoGadget" name="test_webvideo_bookmarks" time="0.403" /><testcase classname="backend.tests.test_gadgets_api.TestWebVideoGadget" name="test_webvideo_add_history" time="0.406" /><testcase classname="backend.tests.test_gadgets_api.TestWebVideoGadget" name="test_webvideo_add_bookmark" time="0.429" /><testcase classname="backend.tests.test_gadgets_api.TestWebVideoGadget" name="test_webvideo_remove_bookmark" time="0.428" /><testcase classname="backend.tests.test_gadgets_api.TestGadgetsAuthentication" name="test_weather_requires_auth" time="0.820" /><testcase classname="backend.tests.test_gadgets_api.TestGadgetsAuthentication" name="test_podcasts_requires_auth" time="0.819" /><testcase classname="backend.tests.test_gadgets_api.TestGadgetsAuthentication" name="test_radio_requires_auth" time="0.822" /><testcase classname="backend.tests.test_gadgets_api.TestGadgetsAuthentication" name="test_photos_requires_auth" time="0.419" /><testcase classname="backend.tests.test_gadgets_api.TestGadgetsAuthentication" name="test_webvideo_requires_auth" time="0.430" /></testsuite></testsuites>