<?xml version="1.0" encoding="utf-8"?><testsuites name="pytest tests"><testsuite name="pytest" errors="0" failures="0" skipped="0" tests="14" time="6.189" timestamp="2026-03-15T18:02:52.808652+00:00" hostname="agent-env-c3656c93-e567-4735-98fb-a678feccdbd1"><testcase classname="backend.tests.test_watchnexus_v265_fixes.TestCrumbsServicesJellyfinRemoved" name="test_crumbs_services_count_is_11" time="0.945" /><testcase classname="backend.tests.test_watchnexus_v265_fixes.TestCrumbsServicesJellyfinRemoved" name="test_crumbs_services_no_jellyfin" time="0.313" /><testcase classname="backend.tests.test_watchnexus_v265_fixes.TestCrumbsServicesJellyfinRemoved" name="test_crumbs_services_expected_list" time="0.289" /><testcase classname="backend.tests.test_watchnexus_v265_fixes.TestGadgetsPluginsWithCategoryAndType" name="test_gadgets_plugins_returns_10" time="0.298" /><testcase classname="backend.tests.test_watchnexus_v265_fixes.TestGadgetsPluginsWithCategoryAndType" name="test_gadgets_have_plugin_type_field" time="0.422" /><testcase classname="backend.tests.test_watchnexus_v265_fixes.TestGadgetsPluginsWithCategoryAndType" name="test_gadgets_have_category_field" time="0.317" /><testcase classname="backend.tests.test_watchnexus_v265_fixes.TestGadgetsPluginsWithCategoryAndType" name="test_gadgets_have_meaningful_names" time="0.302" /><testcase classname="backend.tests.test_watchnexus_v265_fixes.TestGadgetsPluginsWithCategoryAndType" name="test_gadgets_have_descriptions" time="0.319" /><testcase classname="backend.tests.test_watchnexus_v265_fixes.TestLibraryCRUD" name="test_01_create_library" time="0.319" /><testcase classname="backend.tests.test_watchnexus_v265_fixes.TestLibraryCRUD" name="test_02_get_libraries_includes_created" time="0.313" /><testcase classname="backend.tests.test_watchnexus_v265_fixes.TestLibraryCRUD" name="test_03_scan_library" time="0.331" /><testcase classname="backend.tests.test_watchnexus_v265_fixes.TestLibraryCRUD" name="test_04_delete_library" time="0.301" /><testcase classname="backend.tests.test_watchnexus_v265_fixes.TestLibraryCRUD" name="test_05_verify_library_deleted" time="0.298" /><testcase classname="backend.tests.test_watchnexus_v265_fixes.TestFullLibraryCRUDCycle" name="test_full_crud_cycle" time="1.260" /></testsuite></testsuites>