<?xml version="1.0" encoding="utf-8"?><testsuites name="pytest tests"><testsuite name="pytest" errors="0" failures="1" skipped="0" tests="57" time="50.396" timestamp="2026-02-03T23:51:52.983876+00:00" hostname="agent-env-2bc9ce83-78ab-482e-b520-0cee7fe6b3d2"><testcase classname="backend.tests.test_compote_api.TestCompoteIndexers" name="test_get_indexers_returns_default_list" time="1.120"><failure message="AssertionError: Expected at least 5 default indexers, got 2&#10;assert 2 &gt;= 5&#10; +  where 2 = len([{'enabled': True, 'id': 'test_indexer_ea9c2053', 'name': 'TEST_Indexer_ea9c2053', 'priority': 75, ...}, {'enabled': True, 'id': 'test_workflow_indexer_e0cf48', 'name': 'TEST_Workflow_Indexer_e0cf48', 'priority': 50, ...}])">backend/tests/test_compote_api.py:56: in test_get_indexers_returns_default_list
    assert len(data) &gt;= 5, f"Expected at least 5 default indexers, got {len(data)}"
E   AssertionError: Expected at least 5 default indexers, got 2
E   assert 2 &gt;= 5
E    +  where 2 = len([{'enabled': True, 'id': 'test_indexer_ea9c2053', 'name': 'TEST_Indexer_ea9c2053', 'priority': 75, ...}, {'enabled': True, 'id': 'test_workflow_indexer_e0cf48', 'name': 'TEST_Workflow_Indexer_e0cf48', 'priority': 50, ...}])</failure></testcase><testcase classname="backend.tests.test_compote_api.TestCompoteIndexers" name="test_get_indexers_requires_auth" time="0.768" /><testcase classname="backend.tests.test_compote_api.TestCompoteIndexers" name="test_add_indexer_success" time="0.329" /><testcase classname="backend.tests.test_compote_api.TestCompoteIndexers" name="test_add_indexer_requires_auth" time="0.346" /><testcase classname="backend.tests.test_compote_api.TestCompoteSearch" name="test_search_returns_results_structure" time="0.361" /><testcase classname="backend.tests.test_compote_api.TestCompoteSearch" name="test_search_with_different_media_types" time="1.406" /><testcase classname="backend.tests.test_compote_api.TestCompoteSearch" name="test_search_requires_auth" time="0.345" /><testcase classname="backend.tests.test_compote_api.TestCompoteGrab" name="test_grab_with_magnet_url" time="0.635" /><testcase classname="backend.tests.test_compote_api.TestCompoteGrab" name="test_grab_with_download_url" time="0.425" /><testcase classname="backend.tests.test_compote_api.TestCompoteGrab" name="test_grab_requires_url" time="0.733" /><testcase classname="backend.tests.test_compote_api.TestCompoteGrab" name="test_grab_requires_auth" time="0.490" /><testcase classname="backend.tests.test_compote_api.TestCompoteIntegration" name="test_full_workflow_add_indexer_search_grab" time="1.722" /><testcase classname="backend.tests.test_new_features.TestGoogleOAuthEndpoints" name="test_google_session_invalid_session_id" time="0.995" /><testcase classname="backend.tests.test_new_features.TestGoogleOAuthEndpoints" name="test_google_session_missing_session_id" time="0.351" /><testcase classname="backend.tests.test_new_features.TestLogoutEndpoint" name="test_logout_success" time="0.445" /><testcase classname="backend.tests.test_new_features.TestLogoutEndpoint" name="test_logout_with_session" time="1.114" /><testcase classname="backend.tests.test_new_features.TestScheduledScansAPI" name="test_get_scheduled_scans" time="0.939" /><testcase classname="backend.tests.test_new_features.TestScheduledScansAPI" name="test_get_scheduled_scans_unauthenticated" time="0.761" /><testcase classname="backend.tests.test_new_features.TestScheduledScansAPI" name="test_create_scheduled_scan" time="1.113" /><testcase classname="backend.tests.test_new_features.TestScheduledScansAPI" name="test_create_scheduled_scan_weekly" time="1.113" /><testcase classname="backend.tests.test_new_features.TestScheduledScansAPI" name="test_run_scheduled_scan_now" time="2.894" /><testcase classname="backend.tests.test_new_features.TestScheduledScansAPI" name="test_run_nonexistent_scan" time="1.338" /><testcase classname="backend.tests.test_new_features.TestScheduledScansAPI" name="test_delete_scheduled_scan" time="1.910" /><testcase classname="backend.tests.test_new_features.TestScheduledScansAPI" name="test_delete_nonexistent_scan" time="1.258" /><testcase classname="backend.tests.test_new_features.TestNotificationsAPI" name="test_get_notifications" time="1.020" /><testcase classname="backend.tests.test_new_features.TestNotificationsAPI" name="test_get_notifications_unread_only" time="1.332" /><testcase classname="backend.tests.test_new_features.TestNotificationsAPI" name="test_get_notifications_unauthenticated" time="0.447" /><testcase classname="backend.tests.test_new_features.TestRedownloadAPI" name="test_request_redownload" time="1.330" /><testcase classname="backend.tests.test_new_features.TestRedownloadAPI" name="test_request_redownload_tv_show" time="1.356" /><testcase classname="backend.tests.test_new_features.TestRedownloadAPI" name="test_request_redownload_unauthenticated" time="0.345" /><testcase classname="backend.tests.test_new_features.TestRedownloadAPI" name="test_request_redownload_without_tmdb_id" time="1.328" /><testcase classname="backend.tests.test_new_features.TestExistingScheduledScan" name="test_existing_scan_in_list" time="1.021" /><testcase classname="backend.tests.test_new_features.TestUpdateScheduledScan" name="test_update_scheduled_scan" time="1.790" /><testcase classname="backend.tests.test_watchnexus_api.TestHealthCheck" name="test_health_endpoint" time="0.369" /><testcase classname="backend.tests.test_watchnexus_api.TestAuthentication" name="test_login_success" time="0.983" /><testcase classname="backend.tests.test_watchnexus_api.TestAuthentication" name="test_login_invalid_credentials" time="0.342" /><testcase classname="backend.tests.test_watchnexus_api.TestAuthentication" name="test_register_new_user" time="0.570" /><testcase classname="backend.tests.test_watchnexus_api.TestAuthentication" name="test_get_me_authenticated" time="1.015" /><testcase classname="backend.tests.test_watchnexus_api.TestAuthentication" name="test_get_me_unauthenticated" time="0.764" /><testcase classname="backend.tests.test_watchnexus_api.TestMediaHealthChecker" name="test_health_check_valid_file" time="0.937" /><testcase classname="backend.tests.test_watchnexus_api.TestMediaHealthChecker" name="test_health_check_nonexistent_file" time="0.347" /><testcase classname="backend.tests.test_watchnexus_api.TestMediaHealthChecker" name="test_health_check_with_hash" time="0.620" /><testcase classname="backend.tests.test_watchnexus_api.TestMediaHealthChecker" name="test_scan_library" time="0.658" /><testcase classname="backend.tests.test_watchnexus_api.TestMediaHealthChecker" name="test_repair_file" time="1.230" /><testcase classname="backend.tests.test_watchnexus_api.TestMarmaladeProxy" name="test_marmalade_proxy_unavailable" time="0.472" /><testcase classname="backend.tests.test_watchnexus_api.TestTMDBEndpoints" name="test_trending_all" time="0.770" /><testcase classname="backend.tests.test_watchnexus_api.TestTMDBEndpoints" name="test_now_playing_movies" time="0.444" /><testcase classname="backend.tests.test_watchnexus_api.TestTMDBEndpoints" name="test_on_the_air_tv" time="0.343" /><testcase classname="backend.tests.test_watchnexus_api.TestTMDBEndpoints" name="test_search_media" time="0.861" /><testcase classname="backend.tests.test_watchnexus_api.TestDownloadsAPI" name="test_get_downloads" time="0.468" /><testcase classname="backend.tests.test_watchnexus_api.TestDownloadsAPI" name="test_add_download" time="0.346" /><testcase classname="backend.tests.test_watchnexus_api.TestWatchlistAPI" name="test_get_watchlist" time="1.340" /><testcase classname="backend.tests.test_watchnexus_api.TestWatchlistAPI" name="test_watchlist_unauthenticated" time="0.454" /><testcase classname="backend.tests.test_watchnexus_api.TestSettingsAPI" name="test_get_settings" time="0.916" /><testcase classname="backend.tests.test_watchnexus_api.TestSettingsAPI" name="test_update_settings" time="1.013" /><testcase classname="backend.tests.test_watchnexus_api.TestIndexersAPI" name="test_get_indexers" time="1.130" /><testcase classname="backend.tests.test_watchnexus_api.TestStreamingServicesAPI" name="test_get_streaming_services" time="1.018" /></testsuite></testsuites>