<?xml version="1.0" encoding="utf-8"?><testsuites name="pytest tests"><testsuite name="pytest" errors="0" failures="1" skipped="0" tests="20" time="16.094" timestamp="2026-02-14T17:39:32.044673+00:00" hostname="agent-env-fec258b5-dbbb-4a07-b3c9-756b9123e0f9"><testcase classname="tests.test_library_auth_bug_fix.TestAuthFlow" name="test_login_returns_token_key" time="0.816" /><testcase classname="tests.test_library_auth_bug_fix.TestAuthFlow" name="test_auth_me_with_token" time="1.123" /><testcase classname="tests.test_library_auth_bug_fix.TestMarmaladeLibraryManagement" name="test_marmalade_status" time="1.189" /><testcase classname="tests.test_library_auth_bug_fix.TestMarmaladeLibraryManagement" name="test_get_libraries_empty" time="0.449" /><testcase classname="tests.test_library_auth_bug_fix.TestMarmaladeLibraryManagement" name="test_add_library" time="1.977" /><testcase classname="tests.test_library_auth_bug_fix.TestMarmaladeLibraryManagement" name="test_library_requires_auth" time="0.392" /><testcase classname="tests.test_library_auth_bug_fix.TestDrizzlePlaylists" name="test_get_playlists" time="1.063" /><testcase classname="tests.test_library_auth_bug_fix.TestDrizzlePlaylists" name="test_create_playlist" time="1.316" /><testcase classname="tests.test_library_auth_bug_fix.TestDrizzlePlaylists" name="test_playlist_requires_auth" time="0.718" /><testcase classname="tests.test_library_auth_bug_fix.TestDownloadEngine" name="test_engine_status" time="1.036"><failure message="AssertionError: assert 'status' in {'engine': 'WatchNexus Built-in Torrent Engine', 'message': 'Engine running', 'success': True, 'transfer': {'completed': 0, 'dht_nodes': 0, 'download_rate': 0, 'download_rate_formatted': '0.0 B/s', ...}, ...}">tests/test_library_auth_bug_fix.py:239: in test_engine_status
    assert "status" in data
E   AssertionError: assert 'status' in {'engine': 'WatchNexus Built-in Torrent Engine', 'message': 'Engine running', 'success': True, 'transfer': {'completed': 0, 'dht_nodes': 0, 'download_rate': 0, 'download_rate_formatted': '0.0 B/s', ...}, ...}</failure></testcase><testcase classname="tests.test_library_auth_bug_fix.TestTMDBContent" name="test_trending_all_week" time="0.705" /><testcase classname="tests.test_library_auth_bug_fix.TestTMDBContent" name="test_movies_now_playing" time="0.463" /><testcase classname="tests.test_library_auth_bug_fix.TestTMDBContent" name="test_tv_on_the_air" time="0.444" /><testcase classname="tests.test_library_auth_bug_fix.TestTMDBContent" name="test_discover_movies" time="0.450" /><testcase classname="tests.test_library_auth_bug_fix.TestSettingsAccess" name="test_get_settings" time="1.141" /><testcase classname="tests.test_library_auth_bug_fix.TestSettingsAccess" name="test_get_indexers" time="0.424" /><testcase classname="tests.test_library_auth_bug_fix.TestSettingsAccess" name="test_get_streaming_services" time="0.396" /><testcase classname="tests.test_library_auth_bug_fix.TestSettingsAccess" name="test_compote_indexers" time="0.399" /><testcase classname="tests.test_library_auth_bug_fix.TestWatchlistAndProgress" name="test_get_watchlist" time="1.093" /><testcase classname="tests.test_library_auth_bug_fix.TestWatchlistAndProgress" name="test_get_watch_progress" time="0.400" /></testsuite></testsuites>