<?xml version="1.0" encoding="utf-8"?><testsuites name="pytest tests"><testsuite name="pytest" errors="0" failures="0" skipped="0" tests="18" time="23.198" timestamp="2026-02-15T01:11:56.163921+00:00" hostname="agent-env-3e16d1ba-d3bc-46df-8f86-bd1845bb8b1e"><testcase classname="backend.tests.test_bug_fixes.TestAuthentication" name="test_login_returns_token" time="0.807" /><testcase classname="backend.tests.test_bug_fixes.TestAuthentication" name="test_auth_me_with_token" time="1.255" /><testcase classname="backend.tests.test_bug_fixes.TestIndexerSaving" name="test_get_indexers_endpoint_exists" time="1.166" /><testcase classname="backend.tests.test_bug_fixes.TestIndexerSaving" name="test_add_indexer" time="1.037" /><testcase classname="backend.tests.test_bug_fixes.TestIndexerSaving" name="test_indexer_persists_after_add" time="1.598" /><testcase classname="backend.tests.test_bug_fixes.TestFolderBrowser" name="test_browse_root_directory" time="1.092" /><testcase classname="backend.tests.test_bug_fixes.TestFolderBrowser" name="test_browse_home_directory" time="1.056" /><testcase classname="backend.tests.test_bug_fixes.TestFolderBrowser" name="test_browse_invalid_path_fallback" time="1.385" /><testcase classname="backend.tests.test_bug_fixes.TestFolderBrowser" name="test_browse_requires_auth" time="1.061" /><testcase classname="backend.tests.test_bug_fixes.TestTVSeriesGrouping" name="test_tv_series_endpoint_exists" time="1.945" /><testcase classname="backend.tests.test_bug_fixes.TestTVSeriesGrouping" name="test_tv_series_response_structure" time="1.052" /><testcase classname="backend.tests.test_bug_fixes.TestTVSeriesGrouping" name="test_tv_series_with_library_filter" time="1.086" /><testcase classname="backend.tests.test_bug_fixes.TestMarmaladeLibrary" name="test_get_libraries" time="1.341" /><testcase classname="backend.tests.test_bug_fixes.TestMarmaladeLibrary" name="test_get_status" time="1.026" /><testcase classname="backend.tests.test_bug_fixes.TestMarmaladeLibrary" name="test_get_media" time="0.995" /><testcase classname="backend.tests.test_bug_fixes.TestMarmaladeLibrary" name="test_get_recent_media" time="1.028" /><testcase classname="backend.tests.test_bug_fixes.TestSettingsAPI" name="test_get_settings" time="1.099" /><testcase classname="backend.tests.test_bug_fixes.TestSettingsAPI" name="test_update_settings" time="3.075" /></testsuite></testsuites>