<?xml version="1.0" encoding="utf-8"?><testsuites name="pytest tests"><testsuite name="pytest" errors="0" failures="0" skipped="0" tests="16" time="13.679" timestamp="2026-03-22T14:35:48.650946+00:00" hostname="agent-env-edcf3e09-6cbd-4181-8160-062f216b54f7"><testcase classname="backend.tests.test_watchnexus_v280.TestAuth" name="test_login_success" time="0.786" /><testcase classname="backend.tests.test_watchnexus_v280.TestAuth" name="test_login_invalid_credentials" time="0.541" /><testcase classname="backend.tests.test_watchnexus_v280.TestSettings" name="test_get_settings" time="0.999" /><testcase classname="backend.tests.test_watchnexus_v280.TestSettings" name="test_put_settings_individual" time="0.871" /><testcase classname="backend.tests.test_watchnexus_v280.TestLibraries" name="test_get_libraries" time="1.009" /><testcase classname="backend.tests.test_watchnexus_v280.TestLibraries" name="test_marmalade_status" time="0.449" /><testcase classname="backend.tests.test_watchnexus_v280.TestTruffleAnalytics" name="test_get_stats" time="1.350" /><testcase classname="backend.tests.test_watchnexus_v280.TestPepperNotifications" name="test_get_channels" time="1.025" /><testcase classname="backend.tests.test_watchnexus_v280.TestPepperNotifications" name="test_create_channel" time="0.425" /><testcase classname="backend.tests.test_watchnexus_v280.TestMeringueRequests" name="test_get_requests" time="1.020" /><testcase classname="backend.tests.test_watchnexus_v280.TestMeringueRequests" name="test_create_request" time="0.466" /><testcase classname="backend.tests.test_watchnexus_v280.TestRindParentalControls" name="test_get_profile" time="0.987" /><testcase classname="backend.tests.test_watchnexus_v280.TestCrucibleProcessing" name="test_get_jobs" time="1.064" /><testcase classname="backend.tests.test_watchnexus_v280.TestUsenetGadgets" name="test_get_brine_config" time="1.052" /><testcase classname="backend.tests.test_watchnexus_v280.TestUsenetGadgets" name="test_get_ladle_config" time="0.449" /><testcase classname="backend.tests.test_watchnexus_v280.TestSystemInfo" name="test_get_system_info" time="1.071" /></testsuite></testsuites>