<?xml version="1.0" encoding="utf-8"?><testsuites name="pytest tests"><testsuite name="pytest" errors="0" failures="0" skipped="0" tests="30" time="33.420" timestamp="2026-02-15T04:50:20.450241+00:00" hostname="agent-env-c868f632-8289-45b5-b793-d88805a0df1d"><testcase classname="backend.tests.test_v201_code_audit.TestAuthentication" name="test_login_success" time="0.810" /><testcase classname="backend.tests.test_v201_code_audit.TestAuthentication" name="test_login_invalid_credentials" time="0.488" /><testcase classname="backend.tests.test_v201_code_audit.TestAuthentication" name="test_get_current_user" time="1.038" /><testcase classname="backend.tests.test_v201_code_audit.TestDashboardData" name="test_trending_movies" time="1.052" /><testcase classname="backend.tests.test_v201_code_audit.TestDashboardData" name="test_trending_tv" time="0.994" /><testcase classname="backend.tests.test_v201_code_audit.TestDashboardData" name="test_now_playing_movies" time="1.108" /><testcase classname="backend.tests.test_v201_code_audit.TestMoviesPage" name="test_discover_movies" time="1.230" /><testcase classname="backend.tests.test_v201_code_audit.TestMoviesPage" name="test_movie_genres" time="1.121" /><testcase classname="backend.tests.test_v201_code_audit.TestMoviesPage" name="test_movie_details" time="1.640" /><testcase classname="backend.tests.test_v201_code_audit.TestTVShowsPage" name="test_discover_tv" time="1.022" /><testcase classname="backend.tests.test_v201_code_audit.TestTVShowsPage" name="test_tv_on_the_air" time="1.134" /><testcase classname="backend.tests.test_v201_code_audit.TestTVShowsPage" name="test_tv_details" time="1.616" /><testcase classname="backend.tests.test_v201_code_audit.TestTVShowsPage" name="test_tv_genres" time="1.032" /><testcase classname="backend.tests.test_v201_code_audit.TestAnimePage" name="test_discover_anime" time="1.103" /><testcase classname="backend.tests.test_v201_code_audit.TestPlaylistsPage" name="test_get_playlists" time="1.096" /><testcase classname="backend.tests.test_v201_code_audit.TestPlaylistsPage" name="test_create_and_delete_playlist" time="1.845" /><testcase classname="backend.tests.test_v201_code_audit.TestWatchlistPage" name="test_get_watchlist" time="0.998" /><testcase classname="backend.tests.test_v201_code_audit.TestWatchlistPage" name="test_add_remove_watchlist_item" time="0.957" /><testcase classname="backend.tests.test_v201_code_audit.TestWatchHistoryPage" name="test_get_watch_progress" time="1.011" /><testcase classname="backend.tests.test_v201_code_audit.TestWatchHistoryPage" name="test_update_watch_progress" time="0.980" /><testcase classname="backend.tests.test_v201_code_audit.TestDiscoverPage" name="test_discover_with_genre_filter" time="1.029" /><testcase classname="backend.tests.test_v201_code_audit.TestDiscoverPage" name="test_discover_sorting" time="2.012" /><testcase classname="backend.tests.test_v201_code_audit.TestSettingsPage" name="test_get_settings" time="0.995" /><testcase classname="backend.tests.test_v201_code_audit.TestSettingsPage" name="test_get_users" time="0.971" /><testcase classname="backend.tests.test_v201_code_audit.TestSettingsPage" name="test_get_indexers" time="0.991" /><testcase classname="backend.tests.test_v201_code_audit.TestSettingsPage" name="test_get_streaming_services" time="1.009" /><testcase classname="backend.tests.test_v201_code_audit.TestQualityProfiles" name="test_get_quality_profiles" time="0.975" /><testcase classname="backend.tests.test_v201_code_audit.TestQualityProfiles" name="test_get_quality_definitions" time="0.970" /><testcase classname="backend.tests.test_v201_code_audit.TestSearch" name="test_search_multi" time="1.081" /><testcase classname="backend.tests.test_v201_code_audit.TestDownloads" name="test_get_downloads" time="1.016" /></testsuite></testsuites>