<?xml version="1.0" encoding="utf-8"?><testsuites name="pytest tests"><testsuite name="pytest" errors="0" failures="4" skipped="0" tests="38" time="21.678" timestamp="2026-03-23T23:41:35.373967+00:00" hostname="agent-env-a6893d11-4db5-4632-98c4-a2d5870c22f3"><testcase classname="backend.tests.test_watchnexus_v283_modules.TestAuth" name="test_login_success" time="0.777" /><testcase classname="backend.tests.test_watchnexus_v283_modules.TestRouxCollections" name="test_roux_status" time="1.119" /><testcase classname="backend.tests.test_watchnexus_v283_modules.TestRouxCollections" name="test_roux_get_collections" time="0.430" /><testcase classname="backend.tests.test_watchnexus_v283_modules.TestRouxCollections" name="test_roux_get_presets" time="0.442" /><testcase classname="backend.tests.test_watchnexus_v283_modules.TestRouxCollections" name="test_roux_get_collection_detail" time="0.430" /><testcase classname="backend.tests.test_watchnexus_v283_modules.TestRouxCollections" name="test_roux_create_collection" time="0.353"><failure message="assert 500 == 200&#10; +  where 500 = &lt;Response [500]&gt;.status_code">backend/tests/test_watchnexus_v283_modules.py:100: in test_roux_create_collection
    assert response.status_code == 200
E   assert 500 == 200
E    +  where 500 = &lt;Response [500]&gt;.status_code</failure></testcase><testcase classname="backend.tests.test_watchnexus_v283_modules.TestRouxCollections" name="test_roux_filter" time="0.456" /><testcase classname="backend.tests.test_watchnexus_v283_modules.TestSproutRSS" name="test_sprout_status" time="0.993" /><testcase classname="backend.tests.test_watchnexus_v283_modules.TestSproutRSS" name="test_sprout_get_config" time="0.445" /><testcase classname="backend.tests.test_watchnexus_v283_modules.TestSproutRSS" name="test_sprout_get_feeds" time="0.456" /><testcase classname="backend.tests.test_watchnexus_v283_modules.TestSproutRSS" name="test_sprout_generate_api_key" time="0.320"><failure message="assert 500 == 200&#10; +  where 500 = &lt;Response [500]&gt;.status_code">backend/tests/test_watchnexus_v283_modules.py:161: in test_sprout_generate_api_key
    assert response.status_code == 200
E   assert 500 == 200
E    +  where 500 = &lt;Response [500]&gt;.status_code</failure></testcase><testcase classname="backend.tests.test_watchnexus_v283_modules.TestSproutRSS" name="test_sprout_save_config" time="0.333"><failure message="assert 500 == 200&#10; +  where 500 = &lt;Response [500]&gt;.status_code">backend/tests/test_watchnexus_v283_modules.py:172: in test_sprout_save_config
    assert response.status_code == 200
E   assert 500 == 200
E    +  where 500 = &lt;Response [500]&gt;.status_code</failure></testcase><testcase classname="backend.tests.test_watchnexus_v283_modules.TestGlazeScrobbling" name="test_glaze_status" time="1.031" /><testcase classname="backend.tests.test_watchnexus_v283_modules.TestGlazeScrobbling" name="test_glaze_get_config" time="0.445" /><testcase classname="backend.tests.test_watchnexus_v283_modules.TestGlazeScrobbling" name="test_glaze_trakt_history" time="0.420" /><testcase classname="backend.tests.test_watchnexus_v283_modules.TestGlazeScrobbling" name="test_glaze_save_config" time="0.353"><failure message="assert 500 == 200&#10; +  where 500 = &lt;Response [500]&gt;.status_code">backend/tests/test_watchnexus_v283_modules.py:216: in test_glaze_save_config
    assert response.status_code == 200
E   assert 500 == 200
E    +  where 500 = &lt;Response [500]&gt;.status_code</failure></testcase><testcase classname="backend.tests.test_watchnexus_v283_modules.TestSaffronTasks" name="test_saffron_status" time="1.011" /><testcase classname="backend.tests.test_watchnexus_v283_modules.TestSaffronTasks" name="test_saffron_get_tasks" time="0.434" /><testcase classname="backend.tests.test_watchnexus_v283_modules.TestSaffronTasks" name="test_saffron_run_task" time="0.442" /><testcase classname="backend.tests.test_watchnexus_v283_modules.TestSaffronTasks" name="test_saffron_history" time="0.424" /><testcase classname="backend.tests.test_watchnexus_v283_modules.TestFondueAutomation" name="test_fondue_status" time="0.997" /><testcase classname="backend.tests.test_watchnexus_v283_modules.TestFondueAutomation" name="test_fondue_get_movies" time="0.472" /><testcase classname="backend.tests.test_watchnexus_v283_modules.TestFondueAutomation" name="test_fondue_get_queue" time="0.443" /><testcase classname="backend.tests.test_watchnexus_v283_modules.TestFondueAutomation" name="test_fondue_get_config" time="0.453" /><testcase classname="backend.tests.test_watchnexus_v283_modules.TestSourdoughBackups" name="test_sourdough_status" time="0.982" /><testcase classname="backend.tests.test_watchnexus_v283_modules.TestSourdoughBackups" name="test_sourdough_get_backups" time="0.423" /><testcase classname="backend.tests.test_watchnexus_v283_modules.TestSourdoughBackups" name="test_sourdough_create_backup" time="0.414" /><testcase classname="backend.tests.test_watchnexus_v283_modules.TestSourdoughBackups" name="test_sourdough_export_config" time="0.463" /><testcase classname="backend.tests.test_watchnexus_v283_modules.TestSourdoughBackups" name="test_sourdough_get_schedule" time="0.432" /><testcase classname="backend.tests.test_watchnexus_v283_modules.TestChurroDownloadClients" name="test_churro_status" time="1.015" /><testcase classname="backend.tests.test_watchnexus_v283_modules.TestChurroDownloadClients" name="test_churro_get_clients" time="0.449" /><testcase classname="backend.tests.test_watchnexus_v283_modules.TestChurroDownloadClients" name="test_churro_get_categories" time="0.465" /><testcase classname="backend.tests.test_watchnexus_v283_modules.TestChurroDownloadClients" name="test_churro_test_client" time="0.425" /><testcase classname="backend.tests.test_watchnexus_v283_modules.TestExistingModules" name="test_bastion_status" time="0.979" /><testcase classname="backend.tests.test_watchnexus_v283_modules.TestExistingModules" name="test_tunnel_status" time="0.461" /><testcase classname="backend.tests.test_watchnexus_v283_modules.TestExistingModules" name="test_taffy_providers" time="0.447" /><testcase classname="backend.tests.test_watchnexus_v283_modules.TestExistingModules" name="test_pantry_drives" time="0.451" /><testcase classname="backend.tests.test_watchnexus_v283_modules.TestExistingModules" name="test_nutmeg_recommendations" time="0.607" /></testsuite></testsuites>