<?xml version="1.0" encoding="utf-8"?><testsuites name="pytest tests"><testsuite name="pytest" errors="0" failures="0" skipped="0" tests="27" time="12.830" timestamp="2026-02-23T22:58:25.767324+00:00" hostname="agent-env-638dc89b-7032-448b-aa7d-d5be7c2fda32"><testcase classname="backend.tests.test_v240_features.TestAuthEndpoints" name="test_login_success" time="0.799" /><testcase classname="backend.tests.test_v240_features.TestAuthEndpoints" name="test_login_invalid_credentials" time="0.743" /><testcase classname="backend.tests.test_v240_features.TestFilesystemBrowse" name="test_browse_root" time="1.020" /><testcase classname="backend.tests.test_v240_features.TestFilesystemBrowse" name="test_browse_returns_drives_list" time="0.410" /><testcase classname="backend.tests.test_v240_features.TestFilesystemBrowse" name="test_browse_home_directory" time="0.399" /><testcase classname="backend.tests.test_v240_features.TestFilesystemBrowse" name="test_browse_app_directory" time="0.390" /><testcase classname="backend.tests.test_v240_features.TestFilesystemBrowse" name="test_browse_blocked_paths" time="0.785" /><testcase classname="backend.tests.test_v240_features.TestFilesystemBrowse" name="test_user_directories_in_drives" time="0.446" /><testcase classname="backend.tests.test_v240_features.TestDatabaseStats" name="test_db_stats_returns_status" time="0.387" /><testcase classname="backend.tests.test_v240_features.TestDatabaseStats" name="test_db_stats_has_version_fields" time="0.426" /><testcase classname="backend.tests.test_v240_features.TestDatabaseStats" name="test_db_stats_has_record_counts" time="0.371" /><testcase classname="backend.tests.test_v240_features.TestDatabaseReset" name="test_db_reset_endpoint_exists" time="0.404" /><testcase classname="backend.tests.test_v240_features.TestDatabaseReset" name="test_db_reset_endpoint_protected" time="0.000" /><testcase classname="backend.tests.test_v240_features.TestDatabaseBackup" name="test_list_backups" time="0.398" /><testcase classname="backend.tests.test_v240_features.TestDatabaseBackup" name="test_vacuum_database" time="0.383" /><testcase classname="backend.tests.test_v240_features.TestDatabaseBackup" name="test_create_backup" time="0.393" /><testcase classname="backend.tests.test_v240_features.TestZestLogViewer" name="test_zest_stats_endpoint" time="0.390" /><testcase classname="backend.tests.test_v240_features.TestZestLogViewer" name="test_zest_logs_endpoint" time="0.417" /><testcase classname="backend.tests.test_v240_features.TestZestLogViewer" name="test_zest_health_endpoint" time="0.498" /><testcase classname="backend.tests.test_v240_features.TestZestLogViewer" name="test_zest_logs_with_level_filter" time="0.397" /><testcase classname="backend.tests.test_v240_features.TestZestLogViewer" name="test_zest_logs_with_search" time="0.376" /><testcase classname="backend.tests.test_v240_features.TestSettings" name="test_get_settings" time="0.428" /><testcase classname="backend.tests.test_v240_features.TestSettings" name="test_update_settings" time="0.812" /><testcase classname="backend.tests.test_v240_features.TestPlaybackSettings" name="test_get_playback_settings" time="0.389" /><testcase classname="backend.tests.test_v240_features.TestMaintenanceEndpoints" name="test_system_stats" time="0.495" /><testcase classname="backend.tests.test_v240_features.TestMaintenanceEndpoints" name="test_logs_list" time="0.398" /><testcase classname="backend.tests.test_v240_features.TestMaintenanceEndpoints" name="test_logs_view" time="0.385" /></testsuite></testsuites>