<?xml version="1.0" encoding="utf-8"?><testsuites name="pytest tests"><testsuite name="pytest" errors="0" failures="0" skipped="0" tests="15" time="11.099" timestamp="2026-02-11T13:35:57.674496+00:00" hostname="agent-env-5ce11983-de9c-4c94-b4cf-bf97dc0ef803"><testcase classname="tests.test_new_modules.TestGelatin" name="test_gelatin_status" time="1.182" /><testcase classname="tests.test_new_modules.TestGelatin" name="test_gelatin_tunnel_create" time="0.451" /><testcase classname="tests.test_new_modules.TestGelatin" name="test_gelatin_access_token" time="0.456" /><testcase classname="tests.test_new_modules.TestGelatin" name="test_gelatin_lan_url" time="0.449" /><testcase classname="tests.test_new_modules.TestGelatin" name="test_gelatin_list_tunnels" time="0.446" /><testcase classname="tests.test_new_modules.TestWatchParty" name="test_watch_party_create" time="0.663" /><testcase classname="tests.test_new_modules.TestWatchParty" name="test_watch_party_get" time="0.794" /><testcase classname="tests.test_new_modules.TestWatchParty" name="test_watch_party_list" time="0.343" /><testcase classname="tests.test_new_modules.TestStreamingLogins" name="test_streaming_logins_services" time="0.342" /><testcase classname="tests.test_new_modules.TestStreamingLogins" name="test_streaming_logins_add" time="0.799" /><testcase classname="tests.test_new_modules.TestStreamingLogins" name="test_streaming_logins_get" time="0.449" /><testcase classname="tests.test_new_modules.TestStreamingLogins" name="test_streaming_logins_delete" time="1.668" /><testcase classname="tests.test_new_modules.TestSubtitles" name="test_subtitles_search_tv" time="0.898" /><testcase classname="tests.test_new_modules.TestSubtitles" name="test_subtitles_search_movie" time="0.496" /><testcase classname="tests.test_new_modules.TestSubtitles" name="test_subtitles_settings_get" time="1.581" /></testsuite></testsuites>