<?xml version="1.0" encoding="utf-8"?><testsuites name="pytest tests"><testsuite name="pytest" errors="0" failures="0" skipped="0" tests="10" time="39.897" timestamp="2026-03-11T23:08:02.110054+00:00" hostname="agent-env-aba9c9e7-0ad8-4ac9-a4b6-91af368df329"><testcase classname="backend.tests.test_iteration34_marketplace.TestSystemInfo" name="test_system_info_returns_app_info" time="0.541" /><testcase classname="backend.tests.test_iteration34_marketplace.TestAuthentication" name="test_login_with_valid_credentials" time="0.724" /><testcase classname="backend.tests.test_iteration34_marketplace.TestAuthentication" name="test_login_with_invalid_credentials" time="0.624" /><testcase classname="backend.tests.test_iteration34_marketplace.TestMarketplaceAPI" name="test_gadgets_catalogue_categories" time="1.043" /><testcase classname="backend.tests.test_iteration34_marketplace.TestMarketplaceAPI" name="test_gadgets_catalogue_search" time="1.087" /><testcase classname="backend.tests.test_iteration34_marketplace.TestMarketplaceAPI" name="test_gadgets_catalogue_search_with_query" time="1.065" /><testcase classname="backend.tests.test_iteration34_marketplace.TestMarketplaceAPI" name="test_gadgets_plugins_list" time="1.065" /><testcase classname="backend.tests.test_iteration34_marketplace.TestKodiAPI" name="test_kodi_categories" time="32.050" /><testcase classname="backend.tests.test_iteration34_marketplace.TestDatabaseReset" name="test_db_reset_endpoint_exists" time="1.083" /><testcase classname="backend.tests.test_iteration34_marketplace.TestHealthCheck" name="test_health_endpoint" time="0.535" /></testsuite></testsuites>