<?xml version="1.0" encoding="utf-8"?><testsuites name="pytest tests"><testsuite name="pytest" errors="0" failures="0" skipped="0" tests="18" time="11.788" timestamp="2026-02-11T15:14:52.445252+00:00" hostname="agent-env-219ac4f0-511f-49c5-97de-c050a8c345e8"><testcase classname="backend.tests.test_milk_gadgets.TestMilkThemeForge" name="test_get_theme_forge_config" time="1.202" /><testcase classname="backend.tests.test_milk_gadgets.TestMilkThemeForge" name="test_get_all_themes" time="0.445" /><testcase classname="backend.tests.test_milk_gadgets.TestMilkThemeForge" name="test_get_current_theme" time="0.451" /><testcase classname="backend.tests.test_milk_gadgets.TestMilkThemeForge" name="test_get_theme_css" time="0.452" /><testcase classname="backend.tests.test_milk_gadgets.TestMilkThemeForge" name="test_set_theme" time="1.346" /><testcase classname="backend.tests.test_milk_gadgets.TestMilkThemeForge" name="test_theme_forge_color_presets" time="0.454" /><testcase classname="backend.tests.test_milk_gadgets.TestMilkThemeForge" name="test_built_in_theme_details" time="0.448" /><testcase classname="backend.tests.test_milk_gadgets.TestGadgetsPlugins" name="test_get_plugins_list" time="0.656" /><testcase classname="backend.tests.test_milk_gadgets.TestGadgetsPlugins" name="test_discover_plugins" time="0.376" /><testcase classname="backend.tests.test_milk_gadgets.TestGadgetsPlugins" name="test_get_providers_metadata" time="0.450" /><testcase classname="backend.tests.test_milk_gadgets.TestGadgetsPlugins" name="test_get_providers_indexer" time="0.449" /><testcase classname="backend.tests.test_milk_gadgets.TestGadgetsPlugins" name="test_get_providers_subtitle" time="0.345" /><testcase classname="backend.tests.test_milk_gadgets.TestGadgetsPlugins" name="test_get_providers_notification" time="0.344" /><testcase classname="backend.tests.test_milk_gadgets.TestGadgetsPlugins" name="test_get_providers_theme" time="0.343" /><testcase classname="backend.tests.test_milk_gadgets.TestGadgetsPlugins" name="test_load_nonexistent_plugin" time="0.344" /><testcase classname="backend.tests.test_milk_gadgets.TestGadgetsPlugins" name="test_get_nonexistent_plugin" time="0.340" /><testcase classname="backend.tests.test_milk_gadgets.TestMilkGadgetsIntegration" name="test_theme_providers_from_gadgets" time="1.215" /><testcase classname="backend.tests.test_milk_gadgets.TestMilkGadgetsIntegration" name="test_api_authentication_required" time="2.038" /></testsuite></testsuites>