<?xml version="1.0" encoding="utf-8"?><testsuites name="pytest tests"><testsuite name="pytest" errors="0" failures="0" skipped="0" tests="24" time="17.112" timestamp="2026-02-03T22:54:32.009001+00:00" hostname="agent-env-2bc9ce83-78ab-482e-b520-0cee7fe6b3d2"><testcase classname="tests.test_watchnexus_api.TestHealthCheck" name="test_health_endpoint" time="0.492" /><testcase classname="tests.test_watchnexus_api.TestAuthentication" name="test_login_success" time="0.667" /><testcase classname="tests.test_watchnexus_api.TestAuthentication" name="test_login_invalid_credentials" time="0.346" /><testcase classname="tests.test_watchnexus_api.TestAuthentication" name="test_register_new_user" time="0.670" /><testcase classname="tests.test_watchnexus_api.TestAuthentication" name="test_get_me_authenticated" time="1.016" /><testcase classname="tests.test_watchnexus_api.TestAuthentication" name="test_get_me_unauthenticated" time="0.455" /><testcase classname="tests.test_watchnexus_api.TestMediaHealthChecker" name="test_health_check_valid_file" time="0.959" /><testcase classname="tests.test_watchnexus_api.TestMediaHealthChecker" name="test_health_check_nonexistent_file" time="0.776" /><testcase classname="tests.test_watchnexus_api.TestMediaHealthChecker" name="test_health_check_with_hash" time="0.515" /><testcase classname="tests.test_watchnexus_api.TestMediaHealthChecker" name="test_scan_library" time="0.767" /><testcase classname="tests.test_watchnexus_api.TestMediaHealthChecker" name="test_repair_file" time="0.788" /><testcase classname="tests.test_watchnexus_api.TestMarmaladeProxy" name="test_marmalade_proxy_unavailable" time="0.367" /><testcase classname="tests.test_watchnexus_api.TestTMDBEndpoints" name="test_trending_all" time="0.345" /><testcase classname="tests.test_watchnexus_api.TestTMDBEndpoints" name="test_now_playing_movies" time="0.768" /><testcase classname="tests.test_watchnexus_api.TestTMDBEndpoints" name="test_on_the_air_tv" time="0.348" /><testcase classname="tests.test_watchnexus_api.TestTMDBEndpoints" name="test_search_media" time="0.544" /><testcase classname="tests.test_watchnexus_api.TestDownloadsAPI" name="test_get_downloads" time="0.450" /><testcase classname="tests.test_watchnexus_api.TestDownloadsAPI" name="test_add_download" time="0.346" /><testcase classname="tests.test_watchnexus_api.TestWatchlistAPI" name="test_get_watchlist" time="1.040" /><testcase classname="tests.test_watchnexus_api.TestWatchlistAPI" name="test_watchlist_unauthenticated" time="0.446" /><testcase classname="tests.test_watchnexus_api.TestSettingsAPI" name="test_get_settings" time="1.339" /><testcase classname="tests.test_watchnexus_api.TestSettingsAPI" name="test_update_settings" time="1.562" /><testcase classname="tests.test_watchnexus_api.TestIndexersAPI" name="test_get_indexers" time="1.136" /><testcase classname="tests.test_watchnexus_api.TestStreamingServicesAPI" name="test_get_streaming_services" time="0.912" /></testsuite></testsuites>