<?xml version="1.0" encoding="utf-8"?><testsuites name="pytest tests"><testsuite name="pytest" errors="0" failures="3" skipped="0" tests="22" time="13.931" timestamp="2026-02-12T14:39:58.159906+00:00" hostname="agent-env-c230a0b2-e0b5-4f45-94fa-09bb2f7af1f2"><testcase classname="backend.tests.test_new_dashboard_features.TestAuth" name="test_login_success" time="0.745" /><testcase classname="backend.tests.test_new_dashboard_features.TestWatchProgress" name="test_get_watch_progress_requires_auth" time="0.461" /><testcase classname="backend.tests.test_new_dashboard_features.TestWatchProgress" name="test_get_watch_progress_authenticated" time="1.461" /><testcase classname="backend.tests.test_new_dashboard_features.TestWatchProgress" name="test_create_watch_progress" time="0.463"><failure message="assert 422 == 200&#10; +  where 422 = &lt;Response [422]&gt;.status_code">backend/tests/test_new_dashboard_features.py:85: in test_create_watch_progress
    assert response.status_code == 200
E   assert 422 == 200
E    +  where 422 = &lt;Response [422]&gt;.status_code</failure></testcase><testcase classname="backend.tests.test_new_dashboard_features.TestWatchProgress" name="test_create_tv_watch_progress" time="0.461"><failure message="assert 422 == 200&#10; +  where 422 = &lt;Response [422]&gt;.status_code">backend/tests/test_new_dashboard_features.py:106: in test_create_tv_watch_progress
    assert response.status_code == 200
E   assert 422 == 200
E    +  where 422 = &lt;Response [422]&gt;.status_code</failure></testcase><testcase classname="backend.tests.test_new_dashboard_features.TestWatchProgress" name="test_verify_watch_progress_persisted" time="0.349"><failure message="assert (550 in [] or 1396 in [])">backend/tests/test_new_dashboard_features.py:120: in test_verify_watch_progress_persisted
    assert 550 in tmdb_ids or 1396 in tmdb_ids
E   assert (550 in [] or 1396 in [])</failure></testcase><testcase classname="backend.tests.test_new_dashboard_features.TestNextUp" name="test_get_next_up_requires_auth" time="0.359" /><testcase classname="backend.tests.test_new_dashboard_features.TestNextUp" name="test_get_next_up_authenticated" time="1.060" /><testcase classname="backend.tests.test_new_dashboard_features.TestNextUp" name="test_next_up_returns_tv_shows_only" time="0.816" /><testcase classname="backend.tests.test_new_dashboard_features.TestTMDBEndpoints" name="test_get_trending" time="1.095" /><testcase classname="backend.tests.test_new_dashboard_features.TestTMDBEndpoints" name="test_get_now_playing" time="0.512" /><testcase classname="backend.tests.test_new_dashboard_features.TestTMDBEndpoints" name="test_get_on_the_air" time="0.733" /><testcase classname="backend.tests.test_new_dashboard_features.TestWatchlist" name="test_get_watchlist_requires_auth" time="0.354" /><testcase classname="backend.tests.test_new_dashboard_features.TestWatchlist" name="test_get_watchlist_authenticated" time="1.144" /><testcase classname="backend.tests.test_new_dashboard_features.TestLibrarySettings" name="test_get_libraries" time="1.392" /><testcase classname="backend.tests.test_new_dashboard_features.TestLibrarySettings" name="test_filesystem_browse_requires_auth" time="0.462" /><testcase classname="backend.tests.test_new_dashboard_features.TestLibrarySettings" name="test_filesystem_browse_authenticated" time="0.503" /><testcase classname="backend.tests.test_new_dashboard_features.TestDocumentation" name="test_theme_development_guide_exists" time="0.001" /><testcase classname="backend.tests.test_new_dashboard_features.TestDocumentation" name="test_gadgets_guide_exists" time="0.000" /><testcase classname="backend.tests.test_new_dashboard_features.TestDocumentation" name="test_user_guide_exists" time="0.000" /><testcase classname="backend.tests.test_new_dashboard_features.TestSettings" name="test_get_settings" time="1.035" /><testcase classname="backend.tests.test_new_dashboard_features.TestSettings" name="test_update_settings" time="0.355" /></testsuite></testsuites>