<?xml version="1.0" encoding="utf-8"?><testsuites name="pytest tests"><testsuite name="pytest" errors="0" failures="0" skipped="0" tests="16" time="23.948" timestamp="2026-02-15T02:32:24.473354+00:00" hostname="agent-env-e3c5b42b-fc14-4ac8-bd4b-5821ddd831a9"><testcase classname="backend.tests.test_quality_playlists_anime.TestAuth" name="test_login_valid_credentials" time="0.736" /><testcase classname="backend.tests.test_quality_playlists_anime.TestAuth" name="test_login_invalid_credentials" time="0.493" /><testcase classname="backend.tests.test_quality_playlists_anime.TestQualityProfiles" name="test_get_quality_profiles" time="1.163" /><testcase classname="backend.tests.test_quality_playlists_anime.TestQualityProfiles" name="test_create_quality_profile" time="1.904" /><testcase classname="backend.tests.test_quality_playlists_anime.TestQualityProfiles" name="test_update_quality_profile" time="2.915" /><testcase classname="backend.tests.test_quality_playlists_anime.TestQualityProfiles" name="test_delete_quality_profile" time="2.756" /><testcase classname="backend.tests.test_quality_playlists_anime.TestQualityProfiles" name="test_quality_definitions_endpoint" time="1.014" /><testcase classname="backend.tests.test_quality_playlists_anime.TestAnimeDiscovery" name="test_discover_anime" time="1.122" /><testcase classname="backend.tests.test_quality_playlists_anime.TestAnimeDiscovery" name="test_discover_anime_with_genre_filter" time="1.276" /><testcase classname="backend.tests.test_quality_playlists_anime.TestAnimeDiscovery" name="test_search_anime" time="1.152" /><testcase classname="backend.tests.test_quality_playlists_anime.TestPlaylists" name="test_get_playlists" time="1.009" /><testcase classname="backend.tests.test_quality_playlists_anime.TestPlaylists" name="test_create_playlist" time="1.524" /><testcase classname="backend.tests.test_quality_playlists_anime.TestPlaylists" name="test_delete_playlist" time="1.803" /><testcase classname="backend.tests.test_quality_playlists_anime.TestPlaylists" name="test_add_item_to_playlist" time="1.807" /><testcase classname="backend.tests.test_quality_playlists_anime.TestSettingsOrganization" name="test_settings_endpoint_exists" time="1.024" /><testcase classname="backend.tests.test_quality_playlists_anime.TestSettingsOrganization" name="test_health_check" time="2.170" /></testsuite></testsuites>