<?xml version="1.0" encoding="utf-8"?><testsuites name="pytest tests"><testsuite name="pytest" errors="0" failures="4" skipped="0" tests="15" time="17.080" timestamp="2026-02-11T13:35:01.787915+00:00" hostname="agent-env-5ce11983-de9c-4c94-b4cf-bf97dc0ef803"><testcase classname="tests.test_new_modules.TestGelatin" name="test_gelatin_status" time="1.178" /><testcase classname="tests.test_new_modules.TestGelatin" name="test_gelatin_tunnel_create" time="0.449" /><testcase classname="tests.test_new_modules.TestGelatin" name="test_gelatin_access_token" time="0.451" /><testcase classname="tests.test_new_modules.TestGelatin" name="test_gelatin_lan_url" time="0.761"><failure message="AssertionError: assert 'local_ip' in {'lan_url': 'http://10.49.130.74:8001'}">tests/test_new_modules.py:98: in test_gelatin_lan_url
    assert "local_ip" in data
E   AssertionError: assert 'local_ip' in {'lan_url': 'http://10.49.130.74:8001'}</failure></testcase><testcase classname="tests.test_new_modules.TestGelatin" name="test_gelatin_list_tunnels" time="0.343"><failure message="AssertionError: assert 'tunnels' in [{'access_count': 0, 'created_at': '2026-02-11T13:35:03.303305+00:00', 'public_url': 'http://10.49.130.74:8001', 'tunnel_id': '60aee064-874'}]">tests/test_new_modules.py:109: in test_gelatin_list_tunnels
    assert "tunnels" in data
E   AssertionError: assert 'tunnels' in [{'access_count': 0, 'created_at': '2026-02-11T13:35:03.303305+00:00', 'public_url': 'http://10.49.130.74:8001', 'tunnel_id': '60aee064-874'}]</failure></testcase><testcase classname="tests.test_new_modules.TestWatchParty" name="test_watch_party_create" time="0.455" /><testcase classname="tests.test_new_modules.TestWatchParty" name="test_watch_party_get" time="0.788" /><testcase classname="tests.test_new_modules.TestWatchParty" name="test_watch_party_list" time="0.770"><failure message="AssertionError: assert 'parties' in []">tests/test_new_modules.py:183: in test_watch_party_list
    assert "parties" in data
E   AssertionError: assert 'parties' in []</failure></testcase><testcase classname="tests.test_new_modules.TestStreamingLogins" name="test_streaming_logins_services" time="0.369" /><testcase classname="tests.test_new_modules.TestStreamingLogins" name="test_streaming_logins_add" time="0.451" /><testcase classname="tests.test_new_modules.TestStreamingLogins" name="test_streaming_logins_get" time="0.454" /><testcase classname="tests.test_new_modules.TestStreamingLogins" name="test_streaming_logins_delete" time="1.141" /><testcase classname="tests.test_new_modules.TestSubtitles" name="test_subtitles_search_tv" time="3.688" /><testcase classname="tests.test_new_modules.TestSubtitles" name="test_subtitles_search_movie" time="4.377" /><testcase classname="tests.test_new_modules.TestSubtitles" name="test_subtitles_settings_get" time="1.266"><failure message="AssertionError: assert 'sources' in {'addic7ed_enabled': True, 'auto_download': True, 'hearing_impaired': False, 'opensubtitles_enabled': False, ...}">tests/test_new_modules.py:347: in test_subtitles_settings_get
    assert "sources" in data
E   AssertionError: assert 'sources' in {'addic7ed_enabled': True, 'auto_download': True, 'hearing_impaired': False, 'opensubtitles_enabled': False, ...}</failure></testcase></testsuite></testsuites>