<?xml version="1.0" encoding="utf-8"?><testsuites name="pytest tests"><testsuite name="pytest" errors="0" failures="0" skipped="0" tests="11" time="7.241" timestamp="2026-03-15T18:19:34.665200+00:00" hostname="agent-env-c3656c93-e567-4735-98fb-a678feccdbd1"><testcase classname="backend.tests.test_ripen_toggle_persistence.TestRipenGadgets" name="test_ripen_installed_returns_10_gadgets" time="0.949" /><testcase classname="backend.tests.test_ripen_toggle_persistence.TestRipenGadgets" name="test_gadgets_have_required_fields" time="0.420" /><testcase classname="backend.tests.test_ripen_toggle_persistence.TestRipenGadgets" name="test_gadgets_have_proper_categories" time="0.303" /><testcase classname="backend.tests.test_ripen_toggle_persistence.TestRipenGadgets" name="test_gadgets_have_expected_names" time="0.327" /><testcase classname="backend.tests.test_ripen_toggle_persistence.TestRipenGadgets" name="test_deactivate_weather_persists" time="0.601" /><testcase classname="backend.tests.test_ripen_toggle_persistence.TestRipenGadgets" name="test_activate_weather_persists" time="0.926" /><testcase classname="backend.tests.test_ripen_toggle_persistence.TestRipenGadgets" name="test_toggle_roundtrip" time="1.863" /><testcase classname="backend.tests.test_ripen_toggle_persistence.TestCrumbsServices" name="test_crumbs_services_count" time="0.754" /><testcase classname="backend.tests.test_ripen_toggle_persistence.TestCrumbsServices" name="test_no_jellyfin_in_services" time="0.315" /><testcase classname="backend.tests.test_ripen_toggle_persistence.TestCrumbsServices" name="test_gadgets_category_has_correct_services" time="0.287" /><testcase classname="backend.tests.test_ripen_toggle_persistence.TestCrumbsServices" name="test_expected_services_present" time="0.293" /></testsuite></testsuites>