<?xml version="1.0" encoding="utf-8"?><testsuites name="pytest tests"><testsuite name="pytest" errors="0" failures="1" skipped="0" tests="18" time="13.579" timestamp="2026-02-23T14:01:57.178713+00:00" hostname="agent-env-325c251a-54d6-48fc-8f54-557af591dc5f"><testcase classname="backend.tests.test_v230_zest_garnish_plugins.TestAuth" name="test_login_success" time="1.047" /><testcase classname="backend.tests.test_v230_zest_garnish_plugins.TestZestLogViewer" name="test_zest_get_logs" time="1.037" /><testcase classname="backend.tests.test_v230_zest_garnish_plugins.TestZestLogViewer" name="test_zest_get_logs_with_level_filter" time="0.509" /><testcase classname="backend.tests.test_v230_zest_garnish_plugins.TestZestLogViewer" name="test_zest_get_logs_with_search" time="0.413" /><testcase classname="backend.tests.test_v230_zest_garnish_plugins.TestZestLogViewer" name="test_zest_get_stats" time="0.412" /><testcase classname="backend.tests.test_v230_zest_garnish_plugins.TestZestLogViewer" name="test_zest_get_health" time="0.548" /><testcase classname="backend.tests.test_v230_zest_garnish_plugins.TestGarnishSubtitles" name="test_garnish_get_settings" time="1.073" /><testcase classname="backend.tests.test_v230_zest_garnish_plugins.TestGarnishSubtitles" name="test_garnish_save_settings" time="1.277" /><testcase classname="backend.tests.test_v230_zest_garnish_plugins.TestThemeForge" name="test_theme_forge_get_config" time="1.064" /><testcase classname="backend.tests.test_v230_zest_garnish_plugins.TestThemeForge" name="test_theme_forge_set_builtin_theme" time="0.832"><failure message="AssertionError: assert ('type' in {'status': 'success', 'theme': {'author': 'WatchNexus', 'background_blur': '0', 'background_image': '', 'background_opacity': '1', ...}} or 'colors' in {'status': 'success', 'theme': {'author': 'WatchNexus', 'background_blur': '0', 'background_image': '', 'background_opacity': '1', ...}} or 'name' in {'status': 'success', 'theme': {'author': 'WatchNexus', 'background_blur': '0', 'background_image': '', 'background_opacity': '1', ...}})">backend/tests/test_v230_zest_garnish_plugins.py:289: in test_theme_forge_set_builtin_theme
    assert "type" in data or "colors" in data or "name" in data
E   AssertionError: assert ('type' in {'status': 'success', 'theme': {'author': 'WatchNexus', 'background_blur': '0', 'background_image': '', 'background_opacity': '1', ...}} or 'colors' in {'status': 'success', 'theme': {'author': 'WatchNexus', 'background_blur': '0', 'background_image': '', 'background_opacity': '1', ...}} or 'name' in {'status': 'success', 'theme': {'author': 'WatchNexus', 'background_blur': '0', 'background_image': '', 'background_opacity': '1', ...}})</failure></testcase><testcase classname="backend.tests.test_v230_zest_garnish_plugins.TestThemeForge" name="test_theme_forge_custom_theme" time="0.410" /><testcase classname="backend.tests.test_v230_zest_garnish_plugins.TestPluginsAndKodiImport" name="test_get_plugins_list" time="1.099" /><testcase classname="backend.tests.test_v230_zest_garnish_plugins.TestPluginsAndKodiImport" name="test_plugin_discover" time="0.416" /><testcase classname="backend.tests.test_v230_zest_garnish_plugins.TestPluginsAndKodiImport" name="test_import_plugin_from_url_validation" time="0.483" /><testcase classname="backend.tests.test_v230_zest_garnish_plugins.TestPluginsAndKodiImport" name="test_import_kodi_addon_validation" time="0.437" /><testcase classname="backend.tests.test_v230_zest_garnish_plugins.TestUserManagement" name="test_get_users_list" time="1.109" /><testcase classname="backend.tests.test_v230_zest_garnish_plugins.TestUserManagement" name="test_delete_user_validation" time="0.814" /><testcase classname="backend.tests.test_v230_zest_garnish_plugins.TestUserManagement" name="test_delete_nonexistent_user" time="0.485" /></testsuite></testsuites>