<?xml version="1.0" encoding="utf-8"?><testsuites name="pytest tests"><testsuite name="pytest" errors="0" failures="0" skipped="0" tests="20" time="5.452" timestamp="2026-02-25T11:56:42.240954+00:00" hostname="agent-env-cd99283f-4139-44f0-ac41-0bda84d1793f"><testcase classname="backend.tests.test_ripen_lifecycle.TestRipenInstalled" name="test_get_installed_requires_auth" time="0.147" /><testcase classname="backend.tests.test_ripen_lifecycle.TestRipenInstalled" name="test_get_installed_returns_list" time="0.473" /><testcase classname="backend.tests.test_ripen_lifecycle.TestRipenInstalled" name="test_installed_gadget_has_hooks" time="0.080" /><testcase classname="backend.tests.test_ripen_lifecycle.TestRipenHooks" name="test_get_hooks_requires_auth" time="0.071" /><testcase classname="backend.tests.test_ripen_lifecycle.TestRipenHooks" name="test_get_hooks_returns_aggregated_structure" time="0.381" /><testcase classname="backend.tests.test_ripen_lifecycle.TestRipenHooks" name="test_hooks_contain_preinstalled_gadget_data" time="0.091" /><testcase classname="backend.tests.test_ripen_lifecycle.TestRipenHooks" name="test_hooks_routes_match_sidebar" time="0.079" /><testcase classname="backend.tests.test_ripen_lifecycle.TestRipenInstall" name="test_install_requires_auth" time="0.087" /><testcase classname="backend.tests.test_ripen_lifecycle.TestRipenInstall" name="test_install_nonexistent_gadget_fails" time="0.409" /><testcase classname="backend.tests.test_ripen_lifecycle.TestRipenInstall" name="test_install_already_installed_fails" time="0.114" /><testcase classname="backend.tests.test_ripen_lifecycle.TestRipenInstall" name="test_install_new_gadget_success" time="0.337" /><testcase classname="backend.tests.test_ripen_lifecycle.TestRipenUninstall" name="test_uninstall_requires_auth" time="0.086" /><testcase classname="backend.tests.test_ripen_lifecycle.TestRipenUninstall" name="test_uninstall_nonexistent_returns_not_found" time="0.377" /><testcase classname="backend.tests.test_ripen_lifecycle.TestRipenUninstall" name="test_uninstall_installed_gadget" time="0.261" /><testcase classname="backend.tests.test_ripen_lifecycle.TestRipenActivateDeactivate" name="test_deactivate_gadget" time="0.487" /><testcase classname="backend.tests.test_ripen_lifecycle.TestRipenActivateDeactivate" name="test_deactivated_gadget_not_in_hooks" time="0.098" /><testcase classname="backend.tests.test_ripen_lifecycle.TestRipenActivateDeactivate" name="test_activate_gadget" time="0.170" /><testcase classname="backend.tests.test_ripen_lifecycle.TestRipenActivateDeactivate" name="test_activated_gadget_in_hooks" time="0.097" /><testcase classname="backend.tests.test_ripen_lifecycle.TestRipenIntegration" name="test_full_gadget_lifecycle" time="0.927" /><testcase classname="backend.tests.test_ripen_lifecycle.TestRipenWithNewPodcastGadget" name="test_install_podcast_gadget_and_verify_sidebar" time="0.586" /></testsuite></testsuites>