<?xml version="1.0" encoding="utf-8"?><testsuites name="pytest tests"><testsuite name="pytest" errors="0" failures="0" skipped="0" tests="18" time="9.252" timestamp="2026-03-11T20:41:40.376088+00:00" hostname="agent-env-b7b47e89-d081-4f91-9e22-78f3bc7b9dd7"><testcase classname="test_iteration30_new_features.TestHealthAndModules" name="test_health_endpoint" time="0.240" /><testcase classname="test_iteration30_new_features.TestHealthAndModules" name="test_info_returns_16_modules" time="0.087" /><testcase classname="test_iteration30_new_features.TestAuthentication" name="test_login_returns_access_token" time="0.377" /><testcase classname="test_iteration30_new_features.TestZestLogViewer" name="test_get_log_files" time="0.472" /><testcase classname="test_iteration30_new_features.TestZestLogViewer" name="test_get_latest_logs" time="0.595" /><testcase classname="test_iteration30_new_features.TestZestLogViewer" name="test_get_latest_logs_with_level_filter" time="0.454" /><testcase classname="test_iteration30_new_features.TestZestLogViewer" name="test_get_system_diagnostics" time="0.457" /><testcase classname="test_iteration30_new_features.TestSettingsController" name="test_get_all_settings" time="0.494" /><testcase classname="test_iteration30_new_features.TestSettingsController" name="test_set_single_setting" time="0.602" /><testcase classname="test_iteration30_new_features.TestSettingsController" name="test_bulk_set_settings" time="0.487" /><testcase classname="test_iteration30_new_features.TestSettingsController" name="test_delete_setting" time="0.662" /><testcase classname="test_iteration30_new_features.TestLibrariesController" name="test_get_all_libraries" time="0.478" /><testcase classname="test_iteration30_new_features.TestLibrariesController" name="test_create_library_requires_valid_path" time="0.484" /><testcase classname="test_iteration30_new_features.TestLibrariesController" name="test_create_library_with_valid_path" time="0.630" /><testcase classname="test_iteration30_new_features.TestLibrariesController" name="test_library_crud_flow" time="1.052" /><testcase classname="test_iteration30_new_features.TestExistingEndpointsStillWork" name="test_security_stats" time="0.675" /><testcase classname="test_iteration30_new_features.TestExistingEndpointsStillWork" name="test_vpn_stats" time="0.459" /><testcase classname="test_iteration30_new_features.TestExistingEndpointsStillWork" name="test_vpn_peers" time="0.462" /></testsuite></testsuites>