<?xml version="1.0" encoding="utf-8"?><testsuites name="pytest tests"><testsuite name="pytest" errors="0" failures="0" skipped="0" tests="10" time="4.614" timestamp="2026-02-15T11:45:56.707215+00:00" hostname="agent-env-c868f632-8289-45b5-b793-d88805a0df1d"><testcase classname="backend.tests.test_iteration18_plugins_playback.TestAuthentication" name="test_login_success" time="0.464" /><testcase classname="backend.tests.test_iteration18_plugins_playback.TestAuthentication" name="test_login_invalid_credentials" time="0.082" /><testcase classname="backend.tests.test_iteration18_plugins_playback.TestPluginsEndpoints" name="test_get_plugins_list" time="0.486" /><testcase classname="backend.tests.test_iteration18_plugins_playback.TestPluginsEndpoints" name="test_discover_plugins" time="0.447" /><testcase classname="backend.tests.test_iteration18_plugins_playback.TestPluginsEndpoints" name="test_enable_plugin" time="0.582" /><testcase classname="backend.tests.test_iteration18_plugins_playback.TestPluginsEndpoints" name="test_disable_plugin" time="0.580" /><testcase classname="backend.tests.test_iteration18_plugins_playback.TestPlaybackSettings" name="test_get_playback_settings" time="0.500" /><testcase classname="backend.tests.test_iteration18_plugins_playback.TestPlaybackSettings" name="test_update_playback_settings" time="0.584" /><testcase classname="backend.tests.test_iteration18_plugins_playback.TestChromaprintStatus" name="test_chromaprint_status" time="0.422" /><testcase classname="backend.tests.test_iteration18_plugins_playback.TestAnalyzeIntros" name="test_analyze_all_intros" time="0.410" /></testsuite></testsuites>