<?xml version="1.0" encoding="utf-8"?><testsuites name="pytest tests"><testsuite name="pytest" errors="0" failures="0" skipped="0" tests="12" time="8.623" timestamp="2026-02-03T23:48:46.972439+00:00" hostname="agent-env-2bc9ce83-78ab-482e-b520-0cee7fe6b3d2"><testcase classname="backend.tests.test_compote_api.TestCompoteIndexers" name="test_get_indexers_returns_default_list" time="1.467" /><testcase classname="backend.tests.test_compote_api.TestCompoteIndexers" name="test_get_indexers_requires_auth" time="0.447" /><testcase classname="backend.tests.test_compote_api.TestCompoteIndexers" name="test_add_indexer_success" time="0.327" /><testcase classname="backend.tests.test_compote_api.TestCompoteIndexers" name="test_add_indexer_requires_auth" time="0.453" /><testcase classname="backend.tests.test_compote_api.TestCompoteSearch" name="test_search_returns_results_structure" time="0.494" /><testcase classname="backend.tests.test_compote_api.TestCompoteSearch" name="test_search_with_different_media_types" time="1.392" /><testcase classname="backend.tests.test_compote_api.TestCompoteSearch" name="test_search_requires_auth" time="0.344" /><testcase classname="backend.tests.test_compote_api.TestCompoteGrab" name="test_grab_with_magnet_url" time="0.432" /><testcase classname="backend.tests.test_compote_api.TestCompoteGrab" name="test_grab_with_download_url" time="0.321" /><testcase classname="backend.tests.test_compote_api.TestCompoteGrab" name="test_grab_requires_url" time="0.425" /><testcase classname="backend.tests.test_compote_api.TestCompoteGrab" name="test_grab_requires_auth" time="0.692" /><testcase classname="backend.tests.test_compote_api.TestCompoteIntegration" name="test_full_workflow_add_indexer_search_grab" time="1.738" /></testsuite></testsuites>