<?xml version="1.0" encoding="utf-8"?><testsuites name="pytest tests"><testsuite name="pytest" errors="0" failures="0" skipped="0" tests="45" time="40.165" timestamp="2026-02-03T23:20:00.607241+00:00" hostname="agent-env-2bc9ce83-78ab-482e-b520-0cee7fe6b3d2"><testcase classname="backend.tests.test_new_features.TestGoogleOAuthEndpoints" name="test_google_session_invalid_session_id" time="0.700" /><testcase classname="backend.tests.test_new_features.TestGoogleOAuthEndpoints" name="test_google_session_missing_session_id" time="0.448" /><testcase classname="backend.tests.test_new_features.TestLogoutEndpoint" name="test_logout_success" time="0.446" /><testcase classname="backend.tests.test_new_features.TestLogoutEndpoint" name="test_logout_with_session" time="1.119" /><testcase classname="backend.tests.test_new_features.TestScheduledScansAPI" name="test_get_scheduled_scans" time="1.119" /><testcase classname="backend.tests.test_new_features.TestScheduledScansAPI" name="test_get_scheduled_scans_unauthenticated" time="0.344" /><testcase classname="backend.tests.test_new_features.TestScheduledScansAPI" name="test_create_scheduled_scan" time="1.470" /><testcase classname="backend.tests.test_new_features.TestScheduledScansAPI" name="test_create_scheduled_scan_weekly" time="1.119" /><testcase classname="backend.tests.test_new_features.TestScheduledScansAPI" name="test_run_scheduled_scan_now" time="1.962" /><testcase classname="backend.tests.test_new_features.TestScheduledScansAPI" name="test_run_nonexistent_scan" time="1.112" /><testcase classname="backend.tests.test_new_features.TestScheduledScansAPI" name="test_delete_scheduled_scan" time="1.938" /><testcase classname="backend.tests.test_new_features.TestScheduledScansAPI" name="test_delete_nonexistent_scan" time="0.913" /><testcase classname="backend.tests.test_new_features.TestNotificationsAPI" name="test_get_notifications" time="0.922" /><testcase classname="backend.tests.test_new_features.TestNotificationsAPI" name="test_get_notifications_unread_only" time="1.335" /><testcase classname="backend.tests.test_new_features.TestNotificationsAPI" name="test_get_notifications_unauthenticated" time="0.448" /><testcase classname="backend.tests.test_new_features.TestRedownloadAPI" name="test_request_redownload" time="1.581" /><testcase classname="backend.tests.test_new_features.TestRedownloadAPI" name="test_request_redownload_tv_show" time="1.014" /><testcase classname="backend.tests.test_new_features.TestRedownloadAPI" name="test_request_redownload_unauthenticated" time="0.755" /><testcase classname="backend.tests.test_new_features.TestRedownloadAPI" name="test_request_redownload_without_tmdb_id" time="1.342" /><testcase classname="backend.tests.test_new_features.TestExistingScheduledScan" name="test_existing_scan_in_list" time="1.011" /><testcase classname="backend.tests.test_new_features.TestUpdateScheduledScan" name="test_update_scheduled_scan" time="1.923" /><testcase classname="backend.tests.test_watchnexus_api.TestHealthCheck" name="test_health_endpoint" time="0.774" /><testcase classname="backend.tests.test_watchnexus_api.TestAuthentication" name="test_login_success" time="0.566" /><testcase classname="backend.tests.test_watchnexus_api.TestAuthentication" name="test_login_invalid_credentials" time="0.653" /><testcase classname="backend.tests.test_watchnexus_api.TestAuthentication" name="test_register_new_user" time="0.673" /><testcase classname="backend.tests.test_watchnexus_api.TestAuthentication" name="test_get_me_authenticated" time="1.115" /><testcase classname="backend.tests.test_watchnexus_api.TestAuthentication" name="test_get_me_unauthenticated" time="0.447" /><testcase classname="backend.tests.test_watchnexus_api.TestMediaHealthChecker" name="test_health_check_valid_file" time="0.849" /><testcase classname="backend.tests.test_watchnexus_api.TestMediaHealthChecker" name="test_health_check_nonexistent_file" time="0.451" /><testcase classname="backend.tests.test_watchnexus_api.TestMediaHealthChecker" name="test_health_check_with_hash" time="0.479" /><testcase classname="backend.tests.test_watchnexus_api.TestMediaHealthChecker" name="test_scan_library" time="0.744" /><testcase classname="backend.tests.test_watchnexus_api.TestMediaHealthChecker" name="test_repair_file" time="0.699" /><testcase classname="backend.tests.test_watchnexus_api.TestMarmaladeProxy" name="test_marmalade_proxy_unavailable" time="0.692" /><testcase classname="backend.tests.test_watchnexus_api.TestTMDBEndpoints" name="test_trending_all" time="0.446" /><testcase classname="backend.tests.test_watchnexus_api.TestTMDBEndpoints" name="test_now_playing_movies" time="0.667" /><testcase classname="backend.tests.test_watchnexus_api.TestTMDBEndpoints" name="test_on_the_air_tv" time="0.790" /><testcase classname="backend.tests.test_watchnexus_api.TestTMDBEndpoints" name="test_search_media" time="0.548" /><testcase classname="backend.tests.test_watchnexus_api.TestDownloadsAPI" name="test_get_downloads" time="0.345" /><testcase classname="backend.tests.test_watchnexus_api.TestDownloadsAPI" name="test_add_download" time="0.658" /><testcase classname="backend.tests.test_watchnexus_api.TestWatchlistAPI" name="test_get_watchlist" time="1.023" /><testcase classname="backend.tests.test_watchnexus_api.TestWatchlistAPI" name="test_watchlist_unauthenticated" time="0.449" /><testcase classname="backend.tests.test_watchnexus_api.TestSettingsAPI" name="test_get_settings" time="1.020" /><testcase classname="backend.tests.test_watchnexus_api.TestSettingsAPI" name="test_update_settings" time="1.047" /><testcase classname="backend.tests.test_watchnexus_api.TestIndexersAPI" name="test_get_indexers" time="1.016" /><testcase classname="backend.tests.test_watchnexus_api.TestStreamingServicesAPI" name="test_get_streaming_services" time="0.918" /></testsuite></testsuites>