<?xml version="1.0" encoding="utf-8"?><testsuites name="pytest tests"><testsuite name="pytest" errors="0" failures="0" skipped="0" tests="31" time="17.749" timestamp="2026-03-15T17:48:44.665589+00:00" hostname="agent-env-c3656c93-e567-4735-98fb-a678feccdbd1"><testcase classname="backend.tests.test_watchnexus_v265_audit.TestAuth" name="test_login_returns_access_token" time="0.598" /><testcase classname="backend.tests.test_watchnexus_v265_audit.TestAuth" name="test_register_existing_email_fails" time="0.735" /><testcase classname="backend.tests.test_watchnexus_v265_audit.TestSystemEndpoints" name="test_system_info_returns_version_265" time="0.288" /><testcase classname="backend.tests.test_watchnexus_v265_audit.TestSystemEndpoints" name="test_system_stats_returns_server_stats" time="0.312" /><testcase classname="backend.tests.test_watchnexus_v265_audit.TestCrumbsApiManagement" name="test_crumbs_services_returns_12_services" time="0.283" /><testcase classname="backend.tests.test_watchnexus_v265_audit.TestCrumbsApiManagement" name="test_crumbs_tmdb_save" time="0.291" /><testcase classname="backend.tests.test_watchnexus_v265_audit.TestCrumbsApiManagement" name="test_crumbs_test_podnapisi_reachability" time="7.177" /><testcase classname="backend.tests.test_watchnexus_v265_audit.TestCrumbsApiManagement" name="test_crumbs_configured_returns_list" time="0.310" /><testcase classname="backend.tests.test_watchnexus_v265_audit.TestGadgetsEndpoints" name="test_weather_with_coords" time="0.408" /><testcase classname="backend.tests.test_watchnexus_v265_audit.TestGadgetsEndpoints" name="test_weather_search_london" time="0.323" /><testcase classname="backend.tests.test_watchnexus_v265_audit.TestGadgetsEndpoints" name="test_podcasts_search_tech" time="0.516" /><testcase classname="backend.tests.test_watchnexus_v265_audit.TestGadgetsEndpoints" name="test_radio_stations_limit" time="0.406" /><testcase classname="backend.tests.test_watchnexus_v265_audit.TestGadgetsEndpoints" name="test_radio_countries" time="0.512" /><testcase classname="backend.tests.test_watchnexus_v265_audit.TestMediaEndpoints" name="test_iptv_sources" time="0.301" /><testcase classname="backend.tests.test_watchnexus_v265_audit.TestMediaEndpoints" name="test_subtitles_settings" time="0.317" /><testcase classname="backend.tests.test_watchnexus_v265_audit.TestMediaEndpoints" name="test_drizzle_playlists_get" time="0.346" /><testcase classname="backend.tests.test_watchnexus_v265_audit.TestMediaEndpoints" name="test_drizzle_playlists_create" time="0.342" /><testcase classname="backend.tests.test_watchnexus_v265_audit.TestUtilityEndpoints" name="test_qbittorrent_status" time="0.293" /><testcase classname="backend.tests.test_watchnexus_v265_audit.TestUtilityEndpoints" name="test_milk_themes" time="0.301" /><testcase classname="backend.tests.test_watchnexus_v265_audit.TestUtilityEndpoints" name="test_ripen_installed_returns_gadgets" time="0.293" /><testcase classname="backend.tests.test_watchnexus_v265_audit.TestSystemUtilityEndpoints" name="test_user_preferences" time="0.297" /><testcase classname="backend.tests.test_watchnexus_v265_audit.TestSystemUtilityEndpoints" name="test_cache_stats" time="0.316" /><testcase classname="backend.tests.test_watchnexus_v265_audit.TestSystemUtilityEndpoints" name="test_db_stats" time="0.305" /><testcase classname="backend.tests.test_watchnexus_v265_audit.TestSystemUtilityEndpoints" name="test_filesystem_browse" time="0.287" /><testcase classname="backend.tests.test_watchnexus_v265_audit.TestMatrixController" name="test_matrix_config_returns_status" time="0.287" /><testcase classname="backend.tests.test_watchnexus_v265_audit.TestJellyfinController" name="test_jellyfin_config_returns_status" time="0.293" /><testcase classname="backend.tests.test_watchnexus_v265_audit.TestSynapseAdminController" name="test_synapse_admin_config_returns_status" time="0.306" /><testcase classname="backend.tests.test_watchnexus_v265_audit.TestBotController" name="test_bot_status_returns_features" time="0.289" /><testcase classname="backend.tests.test_watchnexus_v265_audit.TestBotController" name="test_bot_featured_film_returns_status" time="0.297" /><testcase classname="backend.tests.test_watchnexus_v265_audit.TestBotController" name="test_bot_inactive_rooms_returns_report" time="0.302" /><testcase classname="backend.tests.test_watchnexus_v265_audit.TestGadgetsPlugins" name="test_gadgets_plugins_returns_10_plugins" time="0.297" /></testsuite></testsuites>