<?xml version="1.0" encoding="utf-8"?><testsuites name="pytest tests"><testsuite name="pytest" errors="0" failures="0" skipped="0" tests="15" time="15.714" timestamp="2026-02-12T14:05:49.663776+00:00" hostname="agent-env-74c0f456-80a7-466f-ba7e-22f7d008a3cb"><testcase classname="backend.tests.test_settings_adapter.TestAuthFlow" name="test_login_success" time="0.698" /><testcase classname="backend.tests.test_settings_adapter.TestAuthFlow" name="test_login_invalid_credentials" time="0.463" /><testcase classname="backend.tests.test_settings_adapter.TestAdapterEndpoints" name="test_adapter_supported_ecosystems" time="1.128" /><testcase classname="backend.tests.test_settings_adapter.TestAdapterEndpoints" name="test_adapter_convert_no_file" time="1.458" /><testcase classname="backend.tests.test_settings_adapter.TestAdapterEndpoints" name="test_adapter_convert_requires_auth" time="1.362" /><testcase classname="backend.tests.test_settings_adapter.TestAdapterEndpoints" name="test_adapter_convert_invalid_file_type" time="1.171" /><testcase classname="backend.tests.test_settings_adapter.TestSettingsRelatedEndpoints" name="test_get_settings" time="1.043" /><testcase classname="backend.tests.test_settings_adapter.TestSettingsRelatedEndpoints" name="test_get_users" time="1.138" /><testcase classname="backend.tests.test_settings_adapter.TestSettingsRelatedEndpoints" name="test_get_indexers" time="1.034" /><testcase classname="backend.tests.test_settings_adapter.TestSettingsRelatedEndpoints" name="test_get_streaming_services" time="0.934" /><testcase classname="backend.tests.test_settings_adapter.TestSettingsRelatedEndpoints" name="test_theme_forge_api" time="1.156" /><testcase classname="backend.tests.test_settings_adapter.TestSettingsRelatedEndpoints" name="test_plugins_api" time="1.338" /><testcase classname="backend.tests.test_settings_adapter.TestSettingsRelatedEndpoints" name="test_iptv_stats" time="1.358" /><testcase classname="backend.tests.test_settings_adapter.TestMeEndpoint" name="test_me_requires_auth" time="0.458" /><testcase classname="backend.tests.test_settings_adapter.TestMeEndpoint" name="test_me_with_auth" time="0.919" /></testsuite></testsuites>