<?xml version="1.0" encoding="utf-8"?><testsuites name="pytest tests"><testsuite name="pytest" errors="0" failures="0" skipped="0" tests="20" time="15.818" timestamp="2026-02-14T17:40:10.290605+00:00" hostname="agent-env-fec258b5-dbbb-4a07-b3c9-756b9123e0f9"><testcase classname="tests.test_library_auth_bug_fix.TestAuthFlow" name="test_login_returns_token_key" time="0.742" /><testcase classname="tests.test_library_auth_bug_fix.TestAuthFlow" name="test_auth_me_with_token" time="1.125" /><testcase classname="tests.test_library_auth_bug_fix.TestMarmaladeLibraryManagement" name="test_marmalade_status" time="2.414" /><testcase classname="tests.test_library_auth_bug_fix.TestMarmaladeLibraryManagement" name="test_get_libraries_empty" time="0.417" /><testcase classname="tests.test_library_auth_bug_fix.TestMarmaladeLibraryManagement" name="test_add_library" time="1.241" /><testcase classname="tests.test_library_auth_bug_fix.TestMarmaladeLibraryManagement" name="test_library_requires_auth" time="0.405" /><testcase classname="tests.test_library_auth_bug_fix.TestDrizzlePlaylists" name="test_get_playlists" time="1.035" /><testcase classname="tests.test_library_auth_bug_fix.TestDrizzlePlaylists" name="test_create_playlist" time="1.299" /><testcase classname="tests.test_library_auth_bug_fix.TestDrizzlePlaylists" name="test_playlist_requires_auth" time="0.397" /><testcase classname="tests.test_library_auth_bug_fix.TestDownloadEngine" name="test_engine_status" time="1.012" /><testcase classname="tests.test_library_auth_bug_fix.TestTMDBContent" name="test_trending_all_week" time="0.497" /><testcase classname="tests.test_library_auth_bug_fix.TestTMDBContent" name="test_movies_now_playing" time="0.458" /><testcase classname="tests.test_library_auth_bug_fix.TestTMDBContent" name="test_tv_on_the_air" time="0.477" /><testcase classname="tests.test_library_auth_bug_fix.TestTMDBContent" name="test_discover_movies" time="0.421" /><testcase classname="tests.test_library_auth_bug_fix.TestSettingsAccess" name="test_get_settings" time="1.056" /><testcase classname="tests.test_library_auth_bug_fix.TestSettingsAccess" name="test_get_indexers" time="0.390" /><testcase classname="tests.test_library_auth_bug_fix.TestSettingsAccess" name="test_get_streaming_services" time="0.423" /><testcase classname="tests.test_library_auth_bug_fix.TestSettingsAccess" name="test_compote_indexers" time="0.402" /><testcase classname="tests.test_library_auth_bug_fix.TestWatchlistAndProgress" name="test_get_watchlist" time="1.058" /><testcase classname="tests.test_library_auth_bug_fix.TestWatchlistAndProgress" name="test_get_watch_progress" time="0.490" /></testsuite></testsuites>