<?xml version="1.0" encoding="utf-8"?><testsuites name="pytest tests"><testsuite name="pytest" errors="0" failures="0" skipped="0" tests="21" time="25.835" timestamp="2026-02-03T23:16:38.908330+00:00" hostname="agent-env-2bc9ce83-78ab-482e-b520-0cee7fe6b3d2"><testcase classname="backend.tests.test_new_features.TestGoogleOAuthEndpoints" name="test_google_session_invalid_session_id" time="0.703" /><testcase classname="backend.tests.test_new_features.TestGoogleOAuthEndpoints" name="test_google_session_missing_session_id" time="0.453" /><testcase classname="backend.tests.test_new_features.TestLogoutEndpoint" name="test_logout_success" time="0.459" /><testcase classname="backend.tests.test_new_features.TestLogoutEndpoint" name="test_logout_with_session" time="1.440" /><testcase classname="backend.tests.test_new_features.TestScheduledScansAPI" name="test_get_scheduled_scans" time="1.242" /><testcase classname="backend.tests.test_new_features.TestScheduledScansAPI" name="test_get_scheduled_scans_unauthenticated" time="0.450" /><testcase classname="backend.tests.test_new_features.TestScheduledScansAPI" name="test_create_scheduled_scan" time="1.371" /><testcase classname="backend.tests.test_new_features.TestScheduledScansAPI" name="test_create_scheduled_scan_weekly" time="1.014" /><testcase classname="backend.tests.test_new_features.TestScheduledScansAPI" name="test_run_scheduled_scan_now" time="2.244" /><testcase classname="backend.tests.test_new_features.TestScheduledScansAPI" name="test_run_nonexistent_scan" time="1.125" /><testcase classname="backend.tests.test_new_features.TestScheduledScansAPI" name="test_delete_scheduled_scan" time="2.893" /><testcase classname="backend.tests.test_new_features.TestScheduledScansAPI" name="test_delete_nonexistent_scan" time="1.361" /><testcase classname="backend.tests.test_new_features.TestNotificationsAPI" name="test_get_notifications" time="1.019" /><testcase classname="backend.tests.test_new_features.TestNotificationsAPI" name="test_get_notifications_unread_only" time="1.681" /><testcase classname="backend.tests.test_new_features.TestNotificationsAPI" name="test_get_notifications_unauthenticated" time="0.451" /><testcase classname="backend.tests.test_new_features.TestRedownloadAPI" name="test_request_redownload" time="1.446" /><testcase classname="backend.tests.test_new_features.TestRedownloadAPI" name="test_request_redownload_tv_show" time="1.235" /><testcase classname="backend.tests.test_new_features.TestRedownloadAPI" name="test_request_redownload_unauthenticated" time="0.450" /><testcase classname="backend.tests.test_new_features.TestRedownloadAPI" name="test_request_redownload_without_tmdb_id" time="1.434" /><testcase classname="backend.tests.test_new_features.TestExistingScheduledScan" name="test_existing_scan_in_list" time="1.785" /><testcase classname="backend.tests.test_new_features.TestUpdateScheduledScan" name="test_update_scheduled_scan" time="1.465" /></testsuite></testsuites>