<?xml version="1.0" encoding="utf-8"?><testsuites name="pytest tests"><testsuite name="pytest" errors="0" failures="5" skipped="0" tests="83" time="61.729" timestamp="2026-02-11T12:10:10.601169+00:00" hostname="agent-env-a87e73cd-2db5-45bf-a913-a6939fc10015"><testcase classname="backend.tests.test_compote_api.TestCompoteIndexers" name="test_get_indexers_returns_list" time="1.434" /><testcase classname="backend.tests.test_compote_api.TestCompoteIndexers" name="test_get_indexers_requires_auth" time="0.446" /><testcase classname="backend.tests.test_compote_api.TestCompoteIndexers" name="test_add_indexer_success" time="0.420" /><testcase classname="backend.tests.test_compote_api.TestCompoteIndexers" name="test_add_indexer_requires_auth" time="0.340" /><testcase classname="backend.tests.test_compote_api.TestCompoteSearch" name="test_search_returns_results_structure" time="0.419" /><testcase classname="backend.tests.test_compote_api.TestCompoteSearch" name="test_search_with_different_media_types" time="1.583" /><testcase classname="backend.tests.test_compote_api.TestCompoteSearch" name="test_search_requires_auth" time="0.671" /><testcase classname="backend.tests.test_compote_api.TestCompoteGrab" name="test_grab_with_magnet_url" time="0.763"><failure message="AssertionError: Status should be 'grabbed'&#10;assert 'queued' == 'grabbed'&#10;  &#10;  - grabbed&#10;  + queued">backend/tests/test_compote_api.py:193: in test_grab_with_magnet_url
    assert data["status"] == "grabbed", "Status should be 'grabbed'"
E   AssertionError: Status should be 'grabbed'
E   assert 'queued' == 'grabbed'
E     
E     - grabbed
E     + queued</failure></testcase><testcase classname="backend.tests.test_compote_api.TestCompoteGrab" name="test_grab_with_download_url" time="0.319"><failure message="AssertionError: Status should be 'grabbed'&#10;assert 'queued' == 'grabbed'&#10;  &#10;  - grabbed&#10;  + queued">backend/tests/test_compote_api.py:214: in test_grab_with_download_url
    assert data["status"] == "grabbed", "Status should be 'grabbed'"
E   AssertionError: Status should be 'grabbed'
E   assert 'queued' == 'grabbed'
E     
E     - grabbed
E     + queued</failure></testcase><testcase classname="backend.tests.test_compote_api.TestCompoteGrab" name="test_grab_requires_url" time="0.627" /><testcase classname="backend.tests.test_compote_api.TestCompoteGrab" name="test_grab_requires_auth" time="0.389" /><testcase classname="backend.tests.test_compote_api.TestCompoteIntegration" name="test_full_workflow_add_indexer_search_grab" time="2.217" /><testcase classname="backend.tests.test_marmalade_compote_new.TestMarmaladeStatus" name="test_marmalade_status_returns_info" time="0.988" /><testcase classname="backend.tests.test_marmalade_compote_new.TestMarmaladeStatus" name="test_marmalade_status_requires_auth" time="0.450" /><testcase classname="backend.tests.test_marmalade_compote_new.TestMarmaladeLibraries" name="test_get_libraries_returns_list" time="0.320" /><testcase classname="backend.tests.test_marmalade_compote_new.TestMarmaladeLibraries" name="test_add_library_success" time="0.318" /><testcase classname="backend.tests.test_marmalade_compote_new.TestMarmaladeLibraries" name="test_add_tv_library" time="0.639" /><testcase classname="backend.tests.test_marmalade_compote_new.TestMarmaladeLibraries" name="test_remove_library" time="0.739" /><testcase classname="backend.tests.test_marmalade_compote_new.TestMarmaladeScanning" name="test_scan_library" time="0.740" /><testcase classname="backend.tests.test_marmalade_compote_new.TestMarmaladeScanning" name="test_scan_tv_library" time="0.636" /><testcase classname="backend.tests.test_marmalade_compote_new.TestMarmaladeMedia" name="test_get_all_media" time="0.318" /><testcase classname="backend.tests.test_marmalade_compote_new.TestMarmaladeMedia" name="test_get_media_with_filters" time="0.314" /><testcase classname="backend.tests.test_marmalade_compote_new.TestMarmaladeMedia" name="test_search_media" time="0.315" /><testcase classname="backend.tests.test_marmalade_compote_new.TestMarmaladeMedia" name="test_get_recent_media" time="0.317" /><testcase classname="backend.tests.test_marmalade_compote_new.TestMarmaladeMedia" name="test_get_continue_watching" time="0.417" /><testcase classname="backend.tests.test_marmalade_compote_new.TestCompoteIndexerTypes" name="test_get_indexer_types" time="0.315" /><testcase classname="backend.tests.test_marmalade_compote_new.TestCompoteIndexerTypes" name="test_indexer_types_no_auth_required" time="0.473" /><testcase classname="backend.tests.test_marmalade_compote_new.TestCompoteSetupGuide" name="test_get_setup_guide" time="0.316" /><testcase classname="backend.tests.test_marmalade_compote_new.TestCompoteDefaultIndexers" name="test_get_default_indexers" time="0.314" /><testcase classname="backend.tests.test_marmalade_compote_new.TestCompoteUpdateIndexer" name="test_update_indexer" time="0.635" /><testcase classname="backend.tests.test_marmalade_compote_new.TestCompoteUpdateIndexer" name="test_update_nonexistent_indexer" time="0.315" /><testcase classname="backend.tests.test_marmalade_compote_new.TestCompoteDeleteIndexer" name="test_delete_indexer" time="0.738" /><testcase classname="backend.tests.test_marmalade_compote_new.TestCompoteDeleteIndexer" name="test_delete_indexer_requires_auth" time="0.340" /><testcase classname="backend.tests.test_marmalade_compote_new.TestCompoteTestIndexer" name="test_test_indexer" time="0.777" /><testcase classname="backend.tests.test_marmalade_compote_new.TestCompoteTestIndexer" name="test_test_nonexistent_indexer" time="0.314" /><testcase classname="backend.tests.test_marmalade_compote_new.TestCompoteSearchWithDemoResults" name="test_search_returns_demo_results" time="0.317" /><testcase classname="backend.tests.test_marmalade_compote_new.TestCompoteSearchWithDemoResults" name="test_search_tv_shows" time="0.317" /><testcase classname="backend.tests.test_marmalade_compote_new.TestCompoteIntegrationWorkflow" name="test_full_indexer_lifecycle" time="1.624" /><testcase classname="backend.tests.test_new_features.TestGoogleOAuthEndpoints" name="test_google_session_invalid_session_id" time="0.888" /><testcase classname="backend.tests.test_new_features.TestGoogleOAuthEndpoints" name="test_google_session_missing_session_id" time="0.445" /><testcase classname="backend.tests.test_new_features.TestLogoutEndpoint" name="test_logout_success" time="0.449" /><testcase classname="backend.tests.test_new_features.TestLogoutEndpoint" name="test_logout_with_session" time="1.344" /><testcase classname="backend.tests.test_new_features.TestScheduledScansAPI" name="test_get_scheduled_scans" time="1.019" /><testcase classname="backend.tests.test_new_features.TestScheduledScansAPI" name="test_get_scheduled_scans_unauthenticated" time="0.340" /><testcase classname="backend.tests.test_new_features.TestScheduledScansAPI" name="test_create_scheduled_scan" time="1.039" /><testcase classname="backend.tests.test_new_features.TestScheduledScansAPI" name="test_create_scheduled_scan_weekly" time="1.013" /><testcase classname="backend.tests.test_new_features.TestScheduledScansAPI" name="test_run_scheduled_scan_now" time="1.899" /><testcase classname="backend.tests.test_new_features.TestScheduledScansAPI" name="test_run_nonexistent_scan" time="1.437" /><testcase classname="backend.tests.test_new_features.TestScheduledScansAPI" name="test_delete_scheduled_scan" time="2.261" /><testcase classname="backend.tests.test_new_features.TestScheduledScansAPI" name="test_delete_nonexistent_scan" time="1.444" /><testcase classname="backend.tests.test_new_features.TestNotificationsAPI" name="test_get_notifications" time="1.029" /><testcase classname="backend.tests.test_new_features.TestNotificationsAPI" name="test_get_notifications_unread_only" time="1.022" /><testcase classname="backend.tests.test_new_features.TestNotificationsAPI" name="test_get_notifications_unauthenticated" time="0.342" /><testcase classname="backend.tests.test_new_features.TestRedownloadAPI" name="test_request_redownload" time="1.030" /><testcase classname="backend.tests.test_new_features.TestRedownloadAPI" name="test_request_redownload_tv_show" time="1.129" /><testcase classname="backend.tests.test_new_features.TestRedownloadAPI" name="test_request_redownload_unauthenticated" time="0.446" /><testcase classname="backend.tests.test_new_features.TestRedownloadAPI" name="test_request_redownload_without_tmdb_id" time="1.609" /><testcase classname="backend.tests.test_new_features.TestExistingScheduledScan" name="test_existing_scan_in_list" time="1.128" /><testcase classname="backend.tests.test_new_features.TestUpdateScheduledScan" name="test_update_scheduled_scan" time="1.387" /><testcase classname="backend.tests.test_watchnexus_api.TestHealthCheck" name="test_health_endpoint" time="0.347" /><testcase classname="backend.tests.test_watchnexus_api.TestAuthentication" name="test_login_success" time="0.893" /><testcase classname="backend.tests.test_watchnexus_api.TestAuthentication" name="test_login_invalid_credentials" time="0.652" /><testcase classname="backend.tests.test_watchnexus_api.TestAuthentication" name="test_register_new_user" time="0.997" /><testcase classname="backend.tests.test_watchnexus_api.TestAuthentication" name="test_get_me_authenticated" time="0.907" /><testcase classname="backend.tests.test_watchnexus_api.TestAuthentication" name="test_get_me_unauthenticated" time="0.465" /><testcase classname="backend.tests.test_watchnexus_api.TestMediaHealthChecker" name="test_health_check_valid_file" time="0.346" /><testcase classname="backend.tests.test_watchnexus_api.TestMediaHealthChecker" name="test_health_check_nonexistent_file" time="0.447" /><testcase classname="backend.tests.test_watchnexus_api.TestMediaHealthChecker" name="test_health_check_with_hash" time="0.442"><failure message="assert None is not None">backend/tests/test_watchnexus_api.py:130: in test_health_check_with_hash
    assert data["hash_md5"] is not None
E   assert None is not None</failure></testcase><testcase classname="backend.tests.test_watchnexus_api.TestMediaHealthChecker" name="test_scan_library" time="0.356"><failure message="assert 0 &gt;= 1&#10; +  where 0 = len([])">backend/tests/test_watchnexus_api.py:143: in test_scan_library
    assert len(data) &gt;= 1
E   assert 0 &gt;= 1
E    +  where 0 = len([])</failure></testcase><testcase classname="backend.tests.test_watchnexus_api.TestMediaHealthChecker" name="test_repair_file" time="0.668" /><testcase classname="backend.tests.test_watchnexus_api.TestMarmaladeProxy" name="test_marmalade_proxy_unavailable" time="0.443"><failure message="assert 404 in [503, 520]&#10; +  where 404 = &lt;Response [404]&gt;.status_code">backend/tests/test_watchnexus_api.py:168: in test_marmalade_proxy_unavailable
    assert response.status_code in [503, 520]
E   assert 404 in [503, 520]
E    +  where 404 = &lt;Response [404]&gt;.status_code</failure></testcase><testcase classname="backend.tests.test_watchnexus_api.TestTMDBEndpoints" name="test_trending_all" time="0.642" /><testcase classname="backend.tests.test_watchnexus_api.TestTMDBEndpoints" name="test_now_playing_movies" time="0.383" /><testcase classname="backend.tests.test_watchnexus_api.TestTMDBEndpoints" name="test_on_the_air_tv" time="0.384" /><testcase classname="backend.tests.test_watchnexus_api.TestTMDBEndpoints" name="test_search_media" time="0.489" /><testcase classname="backend.tests.test_watchnexus_api.TestDownloadsAPI" name="test_get_downloads" time="0.360" /><testcase classname="backend.tests.test_watchnexus_api.TestDownloadsAPI" name="test_add_download" time="0.443" /><testcase classname="backend.tests.test_watchnexus_api.TestWatchlistAPI" name="test_get_watchlist" time="1.324" /><testcase classname="backend.tests.test_watchnexus_api.TestWatchlistAPI" name="test_watchlist_unauthenticated" time="0.447" /><testcase classname="backend.tests.test_watchnexus_api.TestSettingsAPI" name="test_get_settings" time="1.017" /><testcase classname="backend.tests.test_watchnexus_api.TestSettingsAPI" name="test_update_settings" time="1.340" /><testcase classname="backend.tests.test_watchnexus_api.TestIndexersAPI" name="test_get_indexers" time="1.135" /><testcase classname="backend.tests.test_watchnexus_api.TestStreamingServicesAPI" name="test_get_streaming_services" time="1.010" /></testsuite></testsuites>