<?xml version="1.0" encoding="utf-8"?><testsuites name="pytest tests"><testsuite name="pytest" errors="0" failures="0" skipped="0" tests="20" time="12.444" timestamp="2026-03-11T21:26:06.496412+00:00" hostname="agent-env-0b75a2ce-4622-43c6-b8a2-c85962a7eb7d"><testcase classname="backend.tests.test_iteration31_bridge_routes.TestAuth" name="test_login_success" time="0.776" /><testcase classname="backend.tests.test_iteration31_bridge_routes.TestAuth" name="test_login_invalid_credentials" time="0.397" /><testcase classname="backend.tests.test_iteration31_bridge_routes.TestUsersMe" name="test_get_current_user" time="1.184" /><testcase classname="backend.tests.test_iteration31_bridge_routes.TestUsersMe" name="test_users_me_requires_auth" time="0.401" /><testcase classname="backend.tests.test_iteration31_bridge_routes.TestLibrariesCRUD" name="test_get_all_libraries" time="0.402" /><testcase classname="backend.tests.test_iteration31_bridge_routes.TestLibrariesCRUD" name="test_create_library" time="0.405" /><testcase classname="backend.tests.test_iteration31_bridge_routes.TestLibrariesCRUD" name="test_create_library_invalid_path" time="0.416" /><testcase classname="backend.tests.test_iteration31_bridge_routes.TestLibrariesCRUD" name="test_get_library_by_id" time="0.799" /><testcase classname="backend.tests.test_iteration31_bridge_routes.TestLibrariesCRUD" name="test_delete_library" time="1.244" /><testcase classname="backend.tests.test_iteration31_bridge_routes.TestLibraryScan" name="test_scan_library_returns_results" time="1.499" /><testcase classname="backend.tests.test_iteration31_bridge_routes.TestIntegrationSettings" name="test_get_integration_settings" time="0.406" /><testcase classname="backend.tests.test_iteration31_bridge_routes.TestIntegrationSettings" name="test_update_tmdb_validates_key" time="0.465" /><testcase classname="backend.tests.test_iteration31_bridge_routes.TestIntegrationSettings" name="test_update_tmdb_invalid_key" time="0.539" /><testcase classname="backend.tests.test_iteration31_bridge_routes.TestIntegrationSettings" name="test_update_qbittorrent_settings" time="0.396" /><testcase classname="backend.tests.test_iteration31_bridge_routes.TestIntegrationSettings" name="test_qbittorrent_test_connection" time="0.427" /><testcase classname="backend.tests.test_iteration31_bridge_routes.TestLogsEndpoints" name="test_get_log_files" time="0.398" /><testcase classname="backend.tests.test_iteration31_bridge_routes.TestLogsEndpoints" name="test_get_latest_logs" time="0.397" /><testcase classname="backend.tests.test_iteration31_bridge_routes.TestLogsEndpoints" name="test_get_latest_logs_with_level_filter" time="0.456" /><testcase classname="backend.tests.test_iteration31_bridge_routes.TestLogsEndpoints" name="test_get_system_diagnostics" time="0.495" /><testcase classname="backend.tests.test_iteration31_bridge_routes.TestCleanup" name="test_cleanup_test_libraries" time="0.858" /></testsuite></testsuites>