<?xml version="1.0" encoding="utf-8"?><testsuites name="pytest tests"><testsuite name="pytest" errors="0" failures="0" skipped="0" tests="45" time="39.654" timestamp="2026-03-11T18:16:23.686934+00:00" hostname="agent-env-b7b47e89-d081-4f91-9e22-78f3bc7b9dd7"><testcase classname="backend.tests.test_watchnexus_api.TestHealthAndInfo" name="test_health_endpoint_returns_healthy" time="0.490" /><testcase classname="backend.tests.test_watchnexus_api.TestHealthAndInfo" name="test_info_endpoint_returns_all_modules" time="0.438" /><testcase classname="backend.tests.test_watchnexus_api.TestHealthAndInfo" name="test_swagger_docs_available" time="0.428" /><testcase classname="backend.tests.test_watchnexus_api.TestSecurityHeaders" name="test_security_headers_present" time="0.314" /><testcase classname="backend.tests.test_watchnexus_api.TestSecurityHeaders" name="test_rate_limit_headers_present" time="0.300" /><testcase classname="backend.tests.test_watchnexus_api.TestAuthentication" name="test_login_success" time="0.599" /><testcase classname="backend.tests.test_watchnexus_api.TestAuthentication" name="test_login_invalid_credentials" time="0.300" /><testcase classname="backend.tests.test_watchnexus_api.TestAuthentication" name="test_register_existing_user_fails" time="0.316" /><testcase classname="backend.tests.test_watchnexus_api.TestAuthentication" name="test_refresh_token" time="0.919" /><testcase classname="backend.tests.test_watchnexus_api.TestAuthentication" name="test_logout" time="0.952" /><testcase classname="backend.tests.test_watchnexus_api.TestAuthentication" name="test_unauthorized_without_token" time="0.327" /><testcase classname="backend.tests.test_watchnexus_api.TestUserManagement" name="test_get_current_user" time="0.934" /><testcase classname="backend.tests.test_watchnexus_api.TestUserManagement" name="test_update_current_user" time="1.054" /><testcase classname="backend.tests.test_watchnexus_api.TestUserManagement" name="test_get_all_users_admin_only" time="0.932" /><testcase classname="backend.tests.test_watchnexus_api.TestLibraries" name="test_get_libraries_returns_list" time="0.918" /><testcase classname="backend.tests.test_watchnexus_api.TestFilesystem" name="test_browse_root_directory" time="0.997" /><testcase classname="backend.tests.test_watchnexus_api.TestFilesystem" name="test_get_drives" time="0.953" /><testcase classname="backend.tests.test_watchnexus_api.TestFilesystem" name="test_path_exists" time="0.916" /><testcase classname="backend.tests.test_watchnexus_api.TestDownloads" name="test_get_downloads_returns_list" time="0.916" /><testcase classname="backend.tests.test_watchnexus_api.TestDownloads" name="test_create_download" time="1.248" /><testcase classname="backend.tests.test_watchnexus_api.TestDownloads" name="test_get_download_stats" time="0.916" /><testcase classname="backend.tests.test_watchnexus_api.TestIndexers" name="test_get_indexers_returns_list" time="0.921" /><testcase classname="backend.tests.test_watchnexus_api.TestIndexers" name="test_create_indexer" time="1.254" /><testcase classname="backend.tests.test_watchnexus_api.TestPlaylists" name="test_get_playlists_returns_list" time="0.942" /><testcase classname="backend.tests.test_watchnexus_api.TestPlaylists" name="test_create_playlist" time="1.206" /><testcase classname="backend.tests.test_watchnexus_api.TestWatchProgress" name="test_get_watch_progress" time="0.924" /><testcase classname="backend.tests.test_watchnexus_api.TestWatchProgress" name="test_get_continue_watching" time="0.949" /><testcase classname="backend.tests.test_watchnexus_api.TestIPTV" name="test_get_iptv_sources" time="0.949" /><testcase classname="backend.tests.test_watchnexus_api.TestIPTV" name="test_create_iptv_source" time="1.247" /><testcase classname="backend.tests.test_watchnexus_api.TestGadgetsPodcasts" name="test_get_podcast_subscriptions" time="0.895" /><testcase classname="backend.tests.test_watchnexus_api.TestGadgetsRadio" name="test_get_radio_stations" time="0.897" /><testcase classname="backend.tests.test_watchnexus_api.TestGadgetsPhotos" name="test_get_photo_libraries" time="0.933" /><testcase classname="backend.tests.test_watchnexus_api.TestGadgetsWebVideo" name="test_get_webvideo_bookmarks" time="0.914" /><testcase classname="backend.tests.test_watchnexus_api.TestSecurityModule" name="test_get_security_stats" time="0.930" /><testcase classname="backend.tests.test_watchnexus_api.TestSecurityModule" name="test_get_audit_logs" time="1.016" /><testcase classname="backend.tests.test_watchnexus_api.TestSecurityModule" name="test_get_ip_rules" time="0.915" /><testcase classname="backend.tests.test_watchnexus_api.TestSecurityModule" name="test_create_ip_rule" time="1.321" /><testcase classname="backend.tests.test_watchnexus_api.TestSecurityModule" name="test_create_api_key" time="1.072" /><testcase classname="backend.tests.test_watchnexus_api.TestSecurityModule" name="test_get_active_sessions" time="0.904" /><testcase classname="backend.tests.test_watchnexus_api.TestVPNModule" name="test_get_vpn_server_config" time="0.912" /><testcase classname="backend.tests.test_watchnexus_api.TestVPNModule" name="test_get_vpn_peers" time="0.937" /><testcase classname="backend.tests.test_watchnexus_api.TestVPNModule" name="test_create_vpn_peer" time="1.255" /><testcase classname="backend.tests.test_watchnexus_api.TestVPNModule" name="test_get_vpn_stats" time="0.929" /><testcase classname="backend.tests.test_watchnexus_api.TestVPNModule" name="test_get_vpn_logs" time="0.913" /><testcase classname="backend.tests.test_watchnexus_api.TestPasswordChange" name="test_change_password_wrong_current" time="1.227" /></testsuite></testsuites>