<?xml version="1.0" encoding="utf-8"?><testsuites name="pytest tests"><testsuite name="pytest" errors="0" failures="0" skipped="0" tests="22" time="13.383" timestamp="2026-03-12T22:54:56.723462+00:00" hostname="agent-env-b720be1b-94f7-4769-8925-b4744d568293"><testcase classname="backend.tests.test_watchnexus_full_api.TestAuth" name="test_login_success" time="0.587" /><testcase classname="backend.tests.test_watchnexus_full_api.TestAuth" name="test_login_invalid" time="0.399" /><testcase classname="backend.tests.test_watchnexus_full_api.TestWeatherGadget" name="test_weather_search_london" time="0.863" /><testcase classname="backend.tests.test_watchnexus_full_api.TestWeatherGadget" name="test_weather_search_empty" time="0.297" /><testcase classname="backend.tests.test_watchnexus_full_api.TestRadioGadget" name="test_radio_stations_bbc" time="0.979" /><testcase classname="backend.tests.test_watchnexus_full_api.TestRadioGadget" name="test_radio_countries" time="0.490" /><testcase classname="backend.tests.test_watchnexus_full_api.TestPodcastsGadget" name="test_podcasts_search_technology" time="0.889" /><testcase classname="backend.tests.test_watchnexus_full_api.TestIPTV" name="test_iptv_stats" time="0.739" /><testcase classname="backend.tests.test_watchnexus_full_api.TestIPTV" name="test_iptv_sources" time="0.314" /><testcase classname="backend.tests.test_watchnexus_full_api.TestSubtitles" name="test_subtitles_settings_providers" time="0.736" /><testcase classname="backend.tests.test_watchnexus_full_api.TestFilesystem" name="test_filesystem_browse" time="0.728" /><testcase classname="backend.tests.test_watchnexus_full_api.TestSystem" name="test_system_info" time="0.726" /><testcase classname="backend.tests.test_watchnexus_full_api.TestSystem" name="test_db_stats" time="0.292" /><testcase classname="backend.tests.test_watchnexus_full_api.TestThemes" name="test_theme_forge_6_themes" time="0.747" /><testcase classname="backend.tests.test_watchnexus_full_api.TestPhotoLibraries" name="test_photo_libraries_returns_array" time="0.747" /><testcase classname="backend.tests.test_watchnexus_full_api.TestWebVideo" name="test_webvideo_bookmarks_returns_array" time="0.752" /><testcase classname="backend.tests.test_watchnexus_full_api.TestPlaylists" name="test_playlists_list" time="0.739" /><testcase classname="backend.tests.test_watchnexus_full_api.TestPlaylists" name="test_playlist_create_and_verify" time="0.609" /><testcase classname="backend.tests.test_watchnexus_full_api.TestTMDB" name="test_tmdb_trending_movies" time="0.729" /><testcase classname="backend.tests.test_watchnexus_full_api.TestTMDB" name="test_tmdb_trending_tv" time="0.306" /><testcase classname="backend.tests.test_watchnexus_full_api.TestTMDB" name="test_tmdb_key_stored" time="0.297" /><testcase classname="backend.tests.test_watchnexus_full_api.TestHealth" name="test_health_endpoint" time="0.321" /></testsuite></testsuites>