<?xml version="1.0" encoding="utf-8"?><testsuites name="pytest tests"><testsuite name="pytest" errors="0" failures="2" skipped="0" tests="29" time="11.393" timestamp="2026-02-24T01:21:06.493649+00:00" hostname="agent-env-638dc89b-7032-448b-aa7d-d5be7c2fda32"><testcase classname="backend.tests.test_v25x_comprehensive_audit.TestAuthenticationFlow" name="test_register_new_user" time="0.364" /><testcase classname="backend.tests.test_v25x_comprehensive_audit.TestAuthenticationFlow" name="test_login_valid_credentials" time="0.423" /><testcase classname="backend.tests.test_v25x_comprehensive_audit.TestAuthenticationFlow" name="test_login_invalid_credentials" time="0.083" /><testcase classname="backend.tests.test_v25x_comprehensive_audit.TestAuthenticationFlow" name="test_auth_me_returns_user_data" time="0.413" /><testcase classname="backend.tests.test_v25x_comprehensive_audit.TestMarmaladeLibrary" name="test_get_libraries" time="0.395" /><testcase classname="backend.tests.test_v25x_comprehensive_audit.TestMarmaladeLibrary" name="test_add_library" time="0.410" /><testcase classname="backend.tests.test_v25x_comprehensive_audit.TestMarmaladeLibrary" name="test_scan_library" time="0.470"><failure message="AssertionError: assert ('new' in {'error': 'Library path does not exist: /home/auz/Downloads/2. Movies to watch', 'path': '/home/auz/Downloads/2. Movies to watch'} or 'total' in {'error': 'Library path does not exist: /home/auz/Downloads/2. Movies to watch', 'path': '/home/auz/Downloads/2. Movies to watch'} or 'library' in {'error': 'Library path does not exist: /home/auz/Downloads/2. Movies to watch', 'path': '/home/auz/Downloads/2. Movies to watch'})">backend/tests/test_v25x_comprehensive_audit.py:160: in test_scan_library
    assert "new" in data or "total" in data or "library" in data
E   AssertionError: assert ('new' in {'error': 'Library path does not exist: /home/auz/Downloads/2. Movies to watch', 'path': '/home/auz/Downloads/2. Movies to watch'} or 'total' in {'error': 'Library path does not exist: /home/auz/Downloads/2. Movies to watch', 'path': '/home/auz/Downloads/2. Movies to watch'} or 'library' in {'error': 'Library path does not exist: /home/auz/Downloads/2. Movies to watch', 'path': '/home/auz/Downloads/2. Movies to watch'})</failure></testcase><testcase classname="backend.tests.test_v25x_comprehensive_audit.TestMarmaladeLibrary" name="test_get_media" time="0.444" /><testcase classname="backend.tests.test_v25x_comprehensive_audit.TestMarmaladeLibrary" name="test_delete_library" time="0.485" /><testcase classname="backend.tests.test_v25x_comprehensive_audit.TestVideoStreaming" name="test_stream_endpoint_exists" time="0.401" /><testcase classname="backend.tests.test_v25x_comprehensive_audit.TestSettings" name="test_get_settings" time="0.384" /><testcase classname="backend.tests.test_v25x_comprehensive_audit.TestSettings" name="test_update_settings" time="0.396" /><testcase classname="backend.tests.test_v25x_comprehensive_audit.TestDatabase" name="test_db_stats_returns_version" time="0.425" /><testcase classname="backend.tests.test_v25x_comprehensive_audit.TestDatabase" name="test_db_reset_endpoint_exists" time="0.426" /><testcase classname="backend.tests.test_v25x_comprehensive_audit.TestCompoteIndexers" name="test_get_indexers" time="0.372" /><testcase classname="backend.tests.test_v25x_comprehensive_audit.TestCompoteIndexers" name="test_compote_search" time="0.379"><failure message="AssertionError: assert False&#10; +  where False = isinstance({'media_type': 'movies', 'query': 'test movie', 'results': [{'category': 'movies', 'codec': 'x265', 'download_url': '', 'indexer': 'EZTV (Demo)', ...}, {'category': 'movies', 'codec': 'AV1', 'download_url': '', 'indexer': 'YTS (Demo)', ...}, {'category': 'movies', 'codec': 'HEVC', 'download_url': '', 'indexer': 'EZTV (Demo)', ...}, {'category': 'movies', 'codec': 'x265', 'download_url': '', 'indexer': '1337x (Demo)', ...}, {'category': 'movies', 'codec': 'HEVC', 'download_url': '', 'indexer': '1337x (Demo)', ...}, {'category': 'movies', 'codec': 'x265', 'download_url': '', 'indexer': 'Nyaa (Demo)', ...}, ...], 'total_results': 25}, list)">backend/tests/test_v25x_comprehensive_audit.py:337: in test_compote_search
    assert isinstance(data, list)
E   AssertionError: assert False
E    +  where False = isinstance({'media_type': 'movies', 'query': 'test movie', 'results': [{'category': 'movies', 'codec': 'x265', 'download_url': '', 'indexer': 'EZTV (Demo)', ...}, {'category': 'movies', 'codec': 'AV1', 'download_url': '', 'indexer': 'YTS (Demo)', ...}, {'category': 'movies', 'codec': 'HEVC', 'download_url': '', 'indexer': 'EZTV (Demo)', ...}, {'category': 'movies', 'codec': 'x265', 'download_url': '', 'indexer': '1337x (Demo)', ...}, {'category': 'movies', 'codec': 'HEVC', 'download_url': '', 'indexer': '1337x (Demo)', ...}, {'category': 'movies', 'codec': 'x265', 'download_url': '', 'indexer': 'Nyaa (Demo)', ...}, ...], 'total_results': 25}, list)</failure></testcase><testcase classname="backend.tests.test_v25x_comprehensive_audit.TestDownloadEngine" name="test_download_engine_status" time="0.397" /><testcase classname="backend.tests.test_v25x_comprehensive_audit.TestZestLogs" name="test_zest_stats" time="0.394" /><testcase classname="backend.tests.test_v25x_comprehensive_audit.TestZestLogs" name="test_zest_health" time="0.487" /><testcase classname="backend.tests.test_v25x_comprehensive_audit.TestTMDBIntegration" name="test_tmdb_trending" time="0.212" /><testcase classname="backend.tests.test_v25x_comprehensive_audit.TestTMDBIntegration" name="test_tmdb_search" time="0.237" /><testcase classname="backend.tests.test_v25x_comprehensive_audit.TestMusicAudiobooksPages" name="test_music_library_add" time="0.379" /><testcase classname="backend.tests.test_v25x_comprehensive_audit.TestMusicAudiobooksPages" name="test_audiobook_library_add" time="0.392" /><testcase classname="backend.tests.test_v25x_comprehensive_audit.TestMusicAudiobooksPages" name="test_get_media_by_type_music" time="0.388" /><testcase classname="backend.tests.test_v25x_comprehensive_audit.TestMusicAudiobooksPages" name="test_get_media_by_type_audiobook" time="0.418" /><testcase classname="backend.tests.test_v25x_comprehensive_audit.TestAdditionalEndpoints" name="test_downloads_list" time="0.395" /><testcase classname="backend.tests.test_v25x_comprehensive_audit.TestAdditionalEndpoints" name="test_watchlist" time="0.437" /><testcase classname="backend.tests.test_v25x_comprehensive_audit.TestAdditionalEndpoints" name="test_watch_progress" time="0.386" /><testcase classname="backend.tests.test_v25x_comprehensive_audit.TestAdditionalEndpoints" name="test_marmalade_status" time="0.412" /></testsuite></testsuites>