<?xml version="1.0" encoding="utf-8"?><testsuites name="pytest tests"><testsuite name="pytest" errors="0" failures="0" skipped="0" tests="10" time="11.065" timestamp="2026-02-14T23:23:36.906536+00:00" hostname="agent-env-2aeacd2d-0602-4ed3-b5ec-a3b329638a16"><testcase classname="backend.tests.test_playlist_plugins.TestAuthentication" name="test_login_success" time="0.971" /><testcase classname="backend.tests.test_playlist_plugins.TestPlaylistAPI" name="test_get_playlists" time="1.157" /><testcase classname="backend.tests.test_playlist_plugins.TestPlaylistAPI" name="test_create_playlist" time="1.113" /><testcase classname="backend.tests.test_playlist_plugins.TestPlaylistAPI" name="test_add_item_to_playlist" time="1.841" /><testcase classname="backend.tests.test_playlist_plugins.TestPluginAPI" name="test_get_plugins" time="1.147" /><testcase classname="backend.tests.test_playlist_plugins.TestPluginAPI" name="test_import_url_endpoint_exists" time="1.004" /><testcase classname="backend.tests.test_playlist_plugins.TestPluginAPI" name="test_uninstall_endpoint_exists" time="1.148" /><testcase classname="backend.tests.test_playlist_plugins.TestSettingsAPI" name="test_get_settings" time="1.029" /><testcase classname="backend.tests.test_playlist_plugins.TestMediaEndpoints" name="test_get_trending" time="0.755" /><testcase classname="backend.tests.test_playlist_plugins.TestMediaEndpoints" name="test_get_movie_details" time="0.825" /></testsuite></testsuites>