<?xml version="1.0" encoding="utf-8"?><testsuites name="pytest tests"><testsuite name="pytest" errors="0" failures="0" skipped="0" tests="22" time="14.041" timestamp="2026-02-12T14:41:07.513705+00:00" hostname="agent-env-c230a0b2-e0b5-4f45-94fa-09bb2f7af1f2"><testcase classname="backend.tests.test_new_dashboard_features.TestAuth" name="test_login_success" time="0.747" /><testcase classname="backend.tests.test_new_dashboard_features.TestWatchProgress" name="test_get_watch_progress_requires_auth" time="0.449" /><testcase classname="backend.tests.test_new_dashboard_features.TestWatchProgress" name="test_get_watch_progress_authenticated" time="1.155" /><testcase classname="backend.tests.test_new_dashboard_features.TestWatchProgress" name="test_create_watch_progress" time="0.474" /><testcase classname="backend.tests.test_new_dashboard_features.TestWatchProgress" name="test_create_tv_watch_progress" time="0.463" /><testcase classname="backend.tests.test_new_dashboard_features.TestWatchProgress" name="test_verify_watch_progress_persisted" time="0.474" /><testcase classname="backend.tests.test_new_dashboard_features.TestNextUp" name="test_get_next_up_requires_auth" time="0.461" /><testcase classname="backend.tests.test_new_dashboard_features.TestNextUp" name="test_get_next_up_authenticated" time="1.143" /><testcase classname="backend.tests.test_new_dashboard_features.TestNextUp" name="test_next_up_returns_tv_shows_only" time="0.836" /><testcase classname="backend.tests.test_new_dashboard_features.TestTMDBEndpoints" name="test_get_trending" time="0.560" /><testcase classname="backend.tests.test_new_dashboard_features.TestTMDBEndpoints" name="test_get_now_playing" time="0.390" /><testcase classname="backend.tests.test_new_dashboard_features.TestTMDBEndpoints" name="test_get_on_the_air" time="0.764" /><testcase classname="backend.tests.test_new_dashboard_features.TestWatchlist" name="test_get_watchlist_requires_auth" time="0.473" /><testcase classname="backend.tests.test_new_dashboard_features.TestWatchlist" name="test_get_watchlist_authenticated" time="1.038" /><testcase classname="backend.tests.test_new_dashboard_features.TestLibrarySettings" name="test_get_libraries" time="1.592" /><testcase classname="backend.tests.test_new_dashboard_features.TestLibrarySettings" name="test_filesystem_browse_requires_auth" time="0.370" /><testcase classname="backend.tests.test_new_dashboard_features.TestLibrarySettings" name="test_filesystem_browse_authenticated" time="0.470" /><testcase classname="backend.tests.test_new_dashboard_features.TestDocumentation" name="test_theme_development_guide_exists" time="0.000" /><testcase classname="backend.tests.test_new_dashboard_features.TestDocumentation" name="test_gadgets_guide_exists" time="0.000" /><testcase classname="backend.tests.test_new_dashboard_features.TestDocumentation" name="test_user_guide_exists" time="0.000" /><testcase classname="backend.tests.test_new_dashboard_features.TestSettings" name="test_get_settings" time="1.454" /><testcase classname="backend.tests.test_new_dashboard_features.TestSettings" name="test_update_settings" time="0.661" /></testsuite></testsuites>