<?xml version="1.0" encoding="utf-8"?><testsuites name="pytest tests"><testsuite name="pytest" errors="0" failures="0" skipped="0" tests="53" time="24.021" timestamp="2026-03-11T20:10:21.396160+00:00" hostname="agent-env-b7b47e89-d081-4f91-9e22-78f3bc7b9dd7"><testcase classname="backend.tests.test_vpn_qr_wireguard.TestVPNQRCodeEndpoints" name="test_get_peer_qr_data_returns_base64_and_config" time="0.609" /><testcase classname="backend.tests.test_vpn_qr_wireguard.TestVPNQRCodeEndpoints" name="test_get_peer_qr_returns_png_image" time="0.597" /><testcase classname="backend.tests.test_vpn_qr_wireguard.TestVPNQRCodeEndpoints" name="test_get_qr_for_nonexistent_peer_returns_404" time="0.481" /><testcase classname="backend.tests.test_vpn_qr_wireguard.TestWireGuardControls" name="test_wg_up_returns_error_when_wg_not_installed" time="0.545" /><testcase classname="backend.tests.test_vpn_qr_wireguard.TestWireGuardControls" name="test_wg_down_returns_error_when_wg_not_installed" time="0.469" /><testcase classname="backend.tests.test_vpn_qr_wireguard.TestWireGuardControls" name="test_wg_status_returns_output" time="0.509" /><testcase classname="backend.tests.test_vpn_qr_wireguard.TestVPNStatsWithPeerCounts" name="test_vpn_stats_returns_peer_counts" time="0.436" /><testcase classname="backend.tests.test_vpn_qr_wireguard.TestVPNPeersWithAssignedIPs" name="test_get_peers_returns_assigned_ips" time="0.462" /><testcase classname="backend.tests.test_watchnexus_api.TestHealthAndInfo" name="test_health_endpoint_returns_healthy" time="0.090" /><testcase classname="backend.tests.test_watchnexus_api.TestHealthAndInfo" name="test_info_endpoint_returns_all_modules" time="0.105" /><testcase classname="backend.tests.test_watchnexus_api.TestHealthAndInfo" name="test_swagger_docs_available" time="0.085" /><testcase classname="backend.tests.test_watchnexus_api.TestSecurityHeaders" name="test_security_headers_present" time="0.103" /><testcase classname="backend.tests.test_watchnexus_api.TestSecurityHeaders" name="test_rate_limit_headers_present" time="0.081" /><testcase classname="backend.tests.test_watchnexus_api.TestAuthentication" name="test_login_success" time="0.371" /><testcase classname="backend.tests.test_watchnexus_api.TestAuthentication" name="test_login_invalid_credentials" time="0.101" /><testcase classname="backend.tests.test_watchnexus_api.TestAuthentication" name="test_register_existing_user_fails" time="0.100" /><testcase classname="backend.tests.test_watchnexus_api.TestAuthentication" name="test_refresh_token" time="0.472" /><testcase classname="backend.tests.test_watchnexus_api.TestAuthentication" name="test_logout" time="0.458" /><testcase classname="backend.tests.test_watchnexus_api.TestAuthentication" name="test_unauthorized_without_token" time="0.100" /><testcase classname="backend.tests.test_watchnexus_api.TestUserManagement" name="test_get_current_user" time="0.464" /><testcase classname="backend.tests.test_watchnexus_api.TestUserManagement" name="test_update_current_user" time="0.568" /><testcase classname="backend.tests.test_watchnexus_api.TestUserManagement" name="test_get_all_users_admin_only" time="0.571" /><testcase classname="backend.tests.test_watchnexus_api.TestLibraries" name="test_get_libraries_returns_list" time="0.485" /><testcase classname="backend.tests.test_watchnexus_api.TestFilesystem" name="test_browse_root_directory" time="0.552" /><testcase classname="backend.tests.test_watchnexus_api.TestFilesystem" name="test_get_drives" time="0.497" /><testcase classname="backend.tests.test_watchnexus_api.TestFilesystem" name="test_path_exists" time="0.476" /><testcase classname="backend.tests.test_watchnexus_api.TestDownloads" name="test_get_downloads_returns_list" time="0.481" /><testcase classname="backend.tests.test_watchnexus_api.TestDownloads" name="test_create_download" time="0.623" /><testcase classname="backend.tests.test_watchnexus_api.TestDownloads" name="test_get_download_stats" time="0.448" /><testcase classname="backend.tests.test_watchnexus_api.TestIndexers" name="test_get_indexers_returns_list" time="0.467" /><testcase classname="backend.tests.test_watchnexus_api.TestIndexers" name="test_create_indexer" time="0.599" /><testcase classname="backend.tests.test_watchnexus_api.TestPlaylists" name="test_get_playlists_returns_list" time="0.472" /><testcase classname="backend.tests.test_watchnexus_api.TestPlaylists" name="test_create_playlist" time="0.591" /><testcase classname="backend.tests.test_watchnexus_api.TestWatchProgress" name="test_get_watch_progress" time="0.475" /><testcase classname="backend.tests.test_watchnexus_api.TestWatchProgress" name="test_get_continue_watching" time="0.483" /><testcase classname="backend.tests.test_watchnexus_api.TestIPTV" name="test_get_iptv_sources" time="0.480" /><testcase classname="backend.tests.test_watchnexus_api.TestIPTV" name="test_create_iptv_source" time="0.685" /><testcase classname="backend.tests.test_watchnexus_api.TestGadgetsPodcasts" name="test_get_podcast_subscriptions" time="0.468" /><testcase classname="backend.tests.test_watchnexus_api.TestGadgetsRadio" name="test_get_radio_stations" time="0.492" /><testcase classname="backend.tests.test_watchnexus_api.TestGadgetsPhotos" name="test_get_photo_libraries" time="0.492" /><testcase classname="backend.tests.test_watchnexus_api.TestGadgetsWebVideo" name="test_get_webvideo_bookmarks" time="0.500" /><testcase classname="backend.tests.test_watchnexus_api.TestSecurityModule" name="test_get_security_stats" time="0.514" /><testcase classname="backend.tests.test_watchnexus_api.TestSecurityModule" name="test_get_audit_logs" time="0.457" /><testcase classname="backend.tests.test_watchnexus_api.TestSecurityModule" name="test_get_ip_rules" time="0.468" /><testcase classname="backend.tests.test_watchnexus_api.TestSecurityModule" name="test_create_ip_rule" time="0.560" /><testcase classname="backend.tests.test_watchnexus_api.TestSecurityModule" name="test_create_api_key" time="0.637" /><testcase classname="backend.tests.test_watchnexus_api.TestSecurityModule" name="test_get_active_sessions" time="0.482" /><testcase classname="backend.tests.test_watchnexus_api.TestVPNModule" name="test_get_vpn_server_config" time="0.471" /><testcase classname="backend.tests.test_watchnexus_api.TestVPNModule" name="test_get_vpn_peers" time="0.488" /><testcase classname="backend.tests.test_watchnexus_api.TestVPNModule" name="test_create_vpn_peer" time="0.609" /><testcase classname="backend.tests.test_watchnexus_api.TestVPNModule" name="test_get_vpn_stats" time="0.471" /><testcase classname="backend.tests.test_watchnexus_api.TestVPNModule" name="test_get_vpn_logs" time="0.452" /><testcase classname="backend.tests.test_watchnexus_api.TestPasswordChange" name="test_change_password_wrong_current" time="0.782" /></testsuite></testsuites>