<?xml version="1.0" encoding="utf-8"?><testsuites name="pytest tests"><testsuite name="pytest" errors="0" failures="0" skipped="0" tests="15" time="7.790" timestamp="2026-02-15T00:14:47.028765+00:00" hostname="agent-env-b6c0cdd3-ea27-469e-b431-3dd63bd05b4a"><testcase classname="tests.test_chromaprint_intro_detection.TestFprintModule" name="test_fprint_module_imports" time="0.001" /><testcase classname="tests.test_chromaprint_intro_detection.TestFprintModule" name="test_fprint_analyzer_singleton" time="0.000" /><testcase classname="tests.test_chromaprint_intro_detection.TestFprintModule" name="test_fprint_constants" time="0.000" /><testcase classname="tests.test_chromaprint_intro_detection.TestAnalyzeIntrosAPI" name="test_analyze_intros_endpoint_exists" time="1.209" /><testcase classname="tests.test_chromaprint_intro_detection.TestAnalyzeIntrosAPI" name="test_analyze_intros_not_enough_episodes" time="1.132" /><testcase classname="tests.test_chromaprint_intro_detection.TestAnalyzeIntrosAPI" name="test_analyze_intros_requires_auth" time="0.417" /><testcase classname="tests.test_chromaprint_intro_detection.TestAnalyzeIntrosAPI" name="test_analyze_intros_url_encoding" time="1.004" /><testcase classname="tests.test_chromaprint_intro_detection.TestIntroStatusAPI" name="test_intro_status_endpoint_exists" time="1.253" /><testcase classname="tests.test_chromaprint_intro_detection.TestIntroStatusAPI" name="test_intro_status_response_structure" time="1.088" /><testcase classname="tests.test_chromaprint_intro_detection.TestIntroStatusAPI" name="test_intro_status_requires_auth" time="0.399" /><testcase classname="tests.test_chromaprint_intro_detection.TestIntroStatusAPI" name="test_intro_status_non_existent_series" time="1.125" /><testcase classname="tests.test_chromaprint_intro_detection.TestFpcalcBinary" name="test_fpcalc_installed" time="0.002" /><testcase classname="tests.test_chromaprint_intro_detection.TestFpcalcBinary" name="test_fpcalc_version" time="0.078" /><testcase classname="tests.test_chromaprint_intro_detection.TestZeroLLMUsage" name="test_no_llm_in_fprint_module" time="0.011" /><testcase classname="tests.test_chromaprint_intro_detection.TestZeroLLMUsage" name="test_analyze_endpoint_no_emergent_key" time="0.001" /></testsuite></testsuites>