<?xml version="1.0" encoding="utf-8"?><testsuites name="pytest tests"><testsuite name="pytest" errors="0" failures="0" skipped="0" tests="11" time="2.594" timestamp="2026-03-16T12:08:43.566076+00:00" hostname="agent-env-3300dc1b-0241-4a71-af2d-8691214d2aed"><testcase classname="backend.tests.test_jellyfin_removal.TestJellyfinRemovalHealthAuth" name="test_health_endpoint" time="0.026" /><testcase classname="backend.tests.test_jellyfin_removal.TestJellyfinRemovalHealthAuth" name="test_register_new_user" time="0.447" /><testcase classname="backend.tests.test_jellyfin_removal.TestJellyfinRemovalHealthAuth" name="test_login_existing_user" time="0.171" /><testcase classname="backend.tests.test_jellyfin_removal.TestJellyfinRemovalModuleList" name="test_info_includes_custard" time="0.227" /><testcase classname="backend.tests.test_jellyfin_removal.TestJellyfinRemovalPlugins" name="test_plugins_includes_media_bridge" time="0.195" /><testcase classname="backend.tests.test_jellyfin_removal.TestJellyfinRemovalRipenInstalled" name="test_ripen_installed_includes_media_bridge" time="0.209" /><testcase classname="backend.tests.test_jellyfin_removal.TestJellyfinRemovalCrumbsServices" name="test_crumbs_services_includes_media_bridge" time="0.198" /><testcase classname="backend.tests.test_jellyfin_removal.TestMediaBridgeEndpoints" name="test_media_bridge_config" time="0.224" /><testcase classname="backend.tests.test_jellyfin_removal.TestMediaBridgeEndpoints" name="test_media_bridge_test_not_configured" time="0.198" /><testcase classname="backend.tests.test_jellyfin_removal.TestFortressAudit" name="test_fortress_audit" time="0.205" /><testcase classname="backend.tests.test_jellyfin_removal.TestGlobalJellyfinScan" name="test_no_jellyfin_in_any_endpoint" time="0.441" /></testsuite></testsuites>