<?xml version="1.0" encoding="utf-8"?><testsuites name="pytest tests"><testsuite name="pytest" errors="0" failures="0" skipped="0" tests="12" time="7.373" timestamp="2026-03-15T18:58:50.651445+00:00" hostname="agent-env-121a1473-cdc0-46f8-bc25-73d256cc726a"><testcase classname="backend.tests.test_watchnexus_v273.TestAuth" name="test_login_success" time="0.671" /><testcase classname="backend.tests.test_watchnexus_v273.TestAuth" name="test_login_invalid_credentials" time="0.303" /><testcase classname="backend.tests.test_watchnexus_v273.TestFortress" name="test_fortress_status_public" time="0.293" /><testcase classname="backend.tests.test_watchnexus_v273.TestFortress" name="test_fortress_verify" time="0.307" /><testcase classname="backend.tests.test_watchnexus_v273.TestGadgetsAndRipen" name="test_ripen_installed_returns_10_gadgets" time="0.771" /><testcase classname="backend.tests.test_watchnexus_v273.TestGadgetsAndRipen" name="test_gadgets_have_expected_names" time="0.751" /><testcase classname="backend.tests.test_watchnexus_v273.TestWeather" name="test_weather_with_coordinates" time="0.835" /><testcase classname="backend.tests.test_watchnexus_v273.TestCrumbs" name="test_crumbs_services_returns_11_services" time="0.729" /><testcase classname="backend.tests.test_watchnexus_v273.TestLibraries" name="test_libraries_list" time="0.781" /><testcase classname="backend.tests.test_watchnexus_v273.TestSystemStats" name="test_system_stats" time="0.749" /><testcase classname="backend.tests.test_watchnexus_v273.TestVersion" name="test_health_endpoint" time="0.309" /><testcase classname="backend.tests.test_watchnexus_v273.TestGadgetsPlugins" name="test_gadgets_plugins_returns_10" time="0.758" /></testsuite></testsuites>