<?xml version="1.0" encoding="utf-8"?><testsuites name="pytest tests"><testsuite name="pytest" errors="0" failures="0" skipped="0" tests="29" time="12.238" timestamp="2026-02-24T01:21:42.557405+00:00" hostname="agent-env-638dc89b-7032-448b-aa7d-d5be7c2fda32"><testcase classname="backend.tests.test_v25x_comprehensive_audit.TestAuthenticationFlow" name="test_register_new_user" time="0.346" /><testcase classname="backend.tests.test_v25x_comprehensive_audit.TestAuthenticationFlow" name="test_login_valid_credentials" time="0.314" /><testcase classname="backend.tests.test_v25x_comprehensive_audit.TestAuthenticationFlow" name="test_login_invalid_credentials" time="0.116" /><testcase classname="backend.tests.test_v25x_comprehensive_audit.TestAuthenticationFlow" name="test_auth_me_returns_user_data" time="0.387" /><testcase classname="backend.tests.test_v25x_comprehensive_audit.TestMarmaladeLibrary" name="test_get_libraries" time="0.400" /><testcase classname="backend.tests.test_v25x_comprehensive_audit.TestMarmaladeLibrary" name="test_add_library" time="0.405" /><testcase classname="backend.tests.test_v25x_comprehensive_audit.TestMarmaladeLibrary" name="test_scan_library" time="0.478" /><testcase classname="backend.tests.test_v25x_comprehensive_audit.TestMarmaladeLibrary" name="test_get_media" time="0.393" /><testcase classname="backend.tests.test_v25x_comprehensive_audit.TestMarmaladeLibrary" name="test_delete_library" time="0.484" /><testcase classname="backend.tests.test_v25x_comprehensive_audit.TestVideoStreaming" name="test_stream_endpoint_exists" time="0.401" /><testcase classname="backend.tests.test_v25x_comprehensive_audit.TestSettings" name="test_get_settings" time="0.442" /><testcase classname="backend.tests.test_v25x_comprehensive_audit.TestSettings" name="test_update_settings" time="0.413" /><testcase classname="backend.tests.test_v25x_comprehensive_audit.TestDatabase" name="test_db_stats_returns_version" time="0.425" /><testcase classname="backend.tests.test_v25x_comprehensive_audit.TestDatabase" name="test_db_reset_endpoint_exists" time="0.497" /><testcase classname="backend.tests.test_v25x_comprehensive_audit.TestCompoteIndexers" name="test_get_indexers" time="0.376" /><testcase classname="backend.tests.test_v25x_comprehensive_audit.TestCompoteIndexers" name="test_compote_search" time="0.383" /><testcase classname="backend.tests.test_v25x_comprehensive_audit.TestDownloadEngine" name="test_download_engine_status" time="0.425" /><testcase classname="backend.tests.test_v25x_comprehensive_audit.TestZestLogs" name="test_zest_stats" time="0.425" /><testcase classname="backend.tests.test_v25x_comprehensive_audit.TestZestLogs" name="test_zest_health" time="0.543" /><testcase classname="backend.tests.test_v25x_comprehensive_audit.TestTMDBIntegration" name="test_tmdb_trending" time="0.170" /><testcase classname="backend.tests.test_v25x_comprehensive_audit.TestTMDBIntegration" name="test_tmdb_search" time="0.141" /><testcase classname="backend.tests.test_v25x_comprehensive_audit.TestMusicAudiobooksPages" name="test_music_library_add" time="0.406" /><testcase classname="backend.tests.test_v25x_comprehensive_audit.TestMusicAudiobooksPages" name="test_audiobook_library_add" time="0.388" /><testcase classname="backend.tests.test_v25x_comprehensive_audit.TestMusicAudiobooksPages" name="test_get_media_by_type_music" time="0.412" /><testcase classname="backend.tests.test_v25x_comprehensive_audit.TestMusicAudiobooksPages" name="test_get_media_by_type_audiobook" time="0.392" /><testcase classname="backend.tests.test_v25x_comprehensive_audit.TestAdditionalEndpoints" name="test_downloads_list" time="0.373" /><testcase classname="backend.tests.test_v25x_comprehensive_audit.TestAdditionalEndpoints" name="test_watchlist" time="1.412" /><testcase classname="backend.tests.test_v25x_comprehensive_audit.TestAdditionalEndpoints" name="test_watch_progress" time="0.365" /><testcase classname="backend.tests.test_v25x_comprehensive_audit.TestAdditionalEndpoints" name="test_marmalade_status" time="0.413" /></testsuite></testsuites>