<?xml version="1.0" encoding="utf-8"?><testsuites name="pytest tests"><testsuite name="pytest" errors="0" failures="1" skipped="0" tests="25" time="12.462" timestamp="2026-03-11T22:23:36.302074+00:00" hostname="agent-env-0b75a2ce-4622-43c6-b8a2-c85962a7eb7d"><testcase classname="backend.tests.test_iteration33_dotnet_api.TestHealthAndInfo" name="test_health_endpoint" time="0.484" /><testcase classname="backend.tests.test_iteration33_dotnet_api.TestAuthenticationFlow" name="test_01_register_new_user" time="0.431" /><testcase classname="backend.tests.test_iteration33_dotnet_api.TestAuthenticationFlow" name="test_02_login_valid_credentials" time="0.454" /><testcase classname="backend.tests.test_iteration33_dotnet_api.TestAuthenticationFlow" name="test_03_login_invalid_credentials" time="0.428" /><testcase classname="backend.tests.test_iteration33_dotnet_api.TestAuthenticatedEndpoints" name="test_auth_me" time="1.068" /><testcase classname="backend.tests.test_iteration33_dotnet_api.TestAuthenticatedEndpoints" name="test_users_me_bridge" time="0.286" /><testcase classname="backend.tests.test_iteration33_dotnet_api.TestAuthenticatedEndpoints" name="test_system_info" time="0.303" /><testcase classname="backend.tests.test_iteration33_dotnet_api.TestLibraryCRUD" name="test_01_create_library" time="0.346" /><testcase classname="backend.tests.test_iteration33_dotnet_api.TestLibraryCRUD" name="test_02_get_libraries" time="0.296" /><testcase classname="backend.tests.test_iteration33_dotnet_api.TestLibraryCRUD" name="test_03_scan_library" time="0.615" /><testcase classname="backend.tests.test_iteration33_dotnet_api.TestLibraryCRUD" name="test_04_scan_status" time="0.622" /><testcase classname="backend.tests.test_iteration33_dotnet_api.TestLibraryCRUD" name="test_05_get_library_media" time="0.603" /><testcase classname="backend.tests.test_iteration33_dotnet_api.TestSecurityModule" name="test_security_stats" time="0.309" /><testcase classname="backend.tests.test_iteration33_dotnet_api.TestSecurityModule" name="test_ip_rules_crud" time="1.274" /><testcase classname="backend.tests.test_iteration33_dotnet_api.TestSecurityModule" name="test_api_keys_crud" time="0.930" /><testcase classname="backend.tests.test_iteration33_dotnet_api.TestVpnModule" name="test_vpn_server_config" time="0.318" /><testcase classname="backend.tests.test_iteration33_dotnet_api.TestVpnModule" name="test_vpn_server_setup" time="0.300" /><testcase classname="backend.tests.test_iteration33_dotnet_api.TestVpnModule" name="test_vpn_peers_crud" time="0.335"><failure message="AssertionError: assert ('PublicKey' in {'address': '10.0.0.2/32', 'allowedIps': '10.0.0.0/24', 'createdAt': '2026-03-11T22:23:45.7178029Z', 'id': '1e9db4f8-4697-4ce4-80c3-e55c43b6adb1', ...} or 'public_key' in {'address': '10.0.0.2/32', 'allowedIps': '10.0.0.0/24', 'createdAt': '2026-03-11T22:23:45.7178029Z', 'id': '1e9db4f8-4697-4ce4-80c3-e55c43b6adb1', ...})">backend/tests/test_iteration33_dotnet_api.py:312: in test_vpn_peers_crud
    assert "PublicKey" in peer or "public_key" in peer
E   AssertionError: assert ('PublicKey' in {'address': '10.0.0.2/32', 'allowedIps': '10.0.0.0/24', 'createdAt': '2026-03-11T22:23:45.7178029Z', 'id': '1e9db4f8-4697-4ce4-80c3-e55c43b6adb1', ...} or 'public_key' in {'address': '10.0.0.2/32', 'allowedIps': '10.0.0.0/24', 'createdAt': '2026-03-11T22:23:45.7178029Z', 'id': '1e9db4f8-4697-4ce4-80c3-e55c43b6adb1', ...})</failure></testcase><testcase classname="backend.tests.test_iteration33_dotnet_api.TestSettingsAndIntegrations" name="test_get_integrations" time="0.304" /><testcase classname="backend.tests.test_iteration33_dotnet_api.TestSettingsAndIntegrations" name="test_update_tmdb_key" time="0.416" /><testcase classname="backend.tests.test_iteration33_dotnet_api.TestLogsModule" name="test_get_log_files" time="0.314" /><testcase classname="backend.tests.test_iteration33_dotnet_api.TestLogsModule" name="test_get_latest_logs" time="0.309" /><testcase classname="backend.tests.test_iteration33_dotnet_api.TestLogsModule" name="test_system_health" time="0.303" /><testcase classname="backend.tests.test_iteration33_dotnet_api.TestDownloadsModule" name="test_get_downloads" time="0.318" /><testcase classname="backend.tests.test_iteration33_dotnet_api.TestLibraryCleanup" name="test_delete_test_libraries" time="0.926" /></testsuite></testsuites>