<?xml version="1.0" encoding="utf-8"?><testsuites name="pytest tests"><testsuite name="pytest" errors="0" failures="4" skipped="0" tests="30" time="33.538" timestamp="2026-02-15T04:48:13.807846+00:00" hostname="agent-env-c868f632-8289-45b5-b793-d88805a0df1d"><testcase classname="backend.tests.test_v201_code_audit.TestAuthentication" name="test_login_success" time="0.814" /><testcase classname="backend.tests.test_v201_code_audit.TestAuthentication" name="test_login_invalid_credentials" time="0.506" /><testcase classname="backend.tests.test_v201_code_audit.TestAuthentication" name="test_get_current_user" time="1.124" /><testcase classname="backend.tests.test_v201_code_audit.TestDashboardData" name="test_trending_movies" time="1.157" /><testcase classname="backend.tests.test_v201_code_audit.TestDashboardData" name="test_trending_tv" time="1.132" /><testcase classname="backend.tests.test_v201_code_audit.TestDashboardData" name="test_now_playing_movies" time="0.989" /><testcase classname="backend.tests.test_v201_code_audit.TestMoviesPage" name="test_discover_movies" time="1.159" /><testcase classname="backend.tests.test_v201_code_audit.TestMoviesPage" name="test_movie_genres" time="1.199" /><testcase classname="backend.tests.test_v201_code_audit.TestMoviesPage" name="test_movie_details" time="1.718" /><testcase classname="backend.tests.test_v201_code_audit.TestTVShowsPage" name="test_discover_tv" time="1.155" /><testcase classname="backend.tests.test_v201_code_audit.TestTVShowsPage" name="test_tv_on_the_air" time="1.122" /><testcase classname="backend.tests.test_v201_code_audit.TestTVShowsPage" name="test_tv_details" time="1.659" /><testcase classname="backend.tests.test_v201_code_audit.TestTVShowsPage" name="test_tv_genres" time="1.110" /><testcase classname="backend.tests.test_v201_code_audit.TestAnimePage" name="test_discover_anime" time="1.055" /><testcase classname="backend.tests.test_v201_code_audit.TestPlaylistsPage" name="test_get_playlists" time="0.961"><failure message="assert 404 == 200&#10; +  where 404 = &lt;Response [404]&gt;.status_code">backend/tests/test_v201_code_audit.py:254: in test_get_playlists
    assert response.status_code == 200
E   assert 404 == 200
E    +  where 404 = &lt;Response [404]&gt;.status_code</failure></testcase><testcase classname="backend.tests.test_v201_code_audit.TestPlaylistsPage" name="test_create_and_delete_playlist" time="1.054"><failure message="assert 404 in [200, 201]&#10; +  where 404 = &lt;Response [404]&gt;.status_code">backend/tests/test_v201_code_audit.py:266: in test_create_and_delete_playlist
    assert create_response.status_code in [200, 201]
E   assert 404 in [200, 201]
E    +  where 404 = &lt;Response [404]&gt;.status_code</failure></testcase><testcase classname="backend.tests.test_v201_code_audit.TestWatchlistPage" name="test_get_watchlist" time="0.968" /><testcase classname="backend.tests.test_v201_code_audit.TestWatchlistPage" name="test_add_remove_watchlist_item" time="0.955" /><testcase classname="backend.tests.test_v201_code_audit.TestWatchHistoryPage" name="test_get_watch_progress" time="1.020" /><testcase classname="backend.tests.test_v201_code_audit.TestWatchHistoryPage" name="test_update_watch_progress" time="1.055" /><testcase classname="backend.tests.test_v201_code_audit.TestDiscoverPage" name="test_discover_with_genre_filter" time="1.288" /><testcase classname="backend.tests.test_v201_code_audit.TestDiscoverPage" name="test_discover_sorting" time="2.229" /><testcase classname="backend.tests.test_v201_code_audit.TestSettingsPage" name="test_get_settings" time="0.945" /><testcase classname="backend.tests.test_v201_code_audit.TestSettingsPage" name="test_get_users" time="0.985" /><testcase classname="backend.tests.test_v201_code_audit.TestSettingsPage" name="test_get_indexers" time="1.009" /><testcase classname="backend.tests.test_v201_code_audit.TestSettingsPage" name="test_get_streaming_services" time="0.947" /><testcase classname="backend.tests.test_v201_code_audit.TestQualityProfiles" name="test_get_quality_profiles" time="0.955"><failure message="AssertionError: assert False&#10; +  where False = isinstance({'profiles': [{'created_at': '2026-02-15T02:26:07.367568+00:00', 'cutoff': 'Bluray-1080p', 'id': '07991492-2618-4216-bafe-7e030f5f0d01', 'is_default': 1, ...}, {'created_at': '2026-02-15T02:26:07.367568+00:00', 'cutoff': 'Bluray-1080p', 'id': '2c1a5680-37b0-4d16-adc1-46e78645582d', 'is_default': 0, ...}, {'created_at': '2026-02-15T02:26:07.367568+00:00', 'cutoff': 'Bluray-2160p', 'id': '9e3e458a-0cd1-423a-8690-df528d339fd0', 'is_default': 0, ...}], 'quality_definitions': [{'enabled': True, 'name': 'Bluray-2160p Remux', 'rank': 100, 'resolution': '2160p', ...}, {'enabled': True, 'name': 'Bluray-2160p', 'rank': 95, 'resolution': '2160p', ...}, {'enabled': True, 'name': 'WEB-2160p', 'rank': 90, 'resolution': '2160p', ...}, {'enabled': True, 'name': 'HDTV-2160p', 'rank': 85, 'resolution': '2160p', ...}, {'enabled': True, 'name': 'Bluray-1080p Remux', 'rank': 80, 'resolution': '1080p', ...}, {'enabled': True, 'name': 'Bluray-1080p', 'rank': 75, 'resolution': '1080p', ...}, ...]}, list)">backend/tests/test_v201_code_audit.py:473: in test_get_quality_profiles
    assert isinstance(data, list)
E   AssertionError: assert False
E    +  where False = isinstance({'profiles': [{'created_at': '2026-02-15T02:26:07.367568+00:00', 'cutoff': 'Bluray-1080p', 'id': '07991492-2618-4216-bafe-7e030f5f0d01', 'is_default': 1, ...}, {'created_at': '2026-02-15T02:26:07.367568+00:00', 'cutoff': 'Bluray-1080p', 'id': '2c1a5680-37b0-4d16-adc1-46e78645582d', 'is_default': 0, ...}, {'created_at': '2026-02-15T02:26:07.367568+00:00', 'cutoff': 'Bluray-2160p', 'id': '9e3e458a-0cd1-423a-8690-df528d339fd0', 'is_default': 0, ...}], 'quality_definitions': [{'enabled': True, 'name': 'Bluray-2160p Remux', 'rank': 100, 'resolution': '2160p', ...}, {'enabled': True, 'name': 'Bluray-2160p', 'rank': 95, 'resolution': '2160p', ...}, {'enabled': True, 'name': 'WEB-2160p', 'rank': 90, 'resolution': '2160p', ...}, {'enabled': True, 'name': 'HDTV-2160p', 'rank': 85, 'resolution': '2160p', ...}, {'enabled': True, 'name': 'Bluray-1080p Remux', 'rank': 80, 'resolution': '1080p', ...}, {'enabled': True, 'name': 'Bluray-1080p', 'rank': 75, 'resolution': '1080p', ...}, ...]}, list)</failure></testcase><testcase classname="backend.tests.test_v201_code_audit.TestQualityProfiles" name="test_get_quality_definitions" time="1.015"><failure message="AssertionError: assert False&#10; +  where False = isinstance({'definitions': [{'enabled': True, 'name': 'Bluray-2160p Remux', 'rank': 100, 'resolution': '2160p', ...}, {'enabled': True, 'name': 'Bluray-2160p', 'rank': 95, 'resolution': '2160p', ...}, {'enabled': True, 'name': 'WEB-2160p', 'rank': 90, 'resolution': '2160p', ...}, {'enabled': True, 'name': 'HDTV-2160p', 'rank': 85, 'resolution': '2160p', ...}, {'enabled': True, 'name': 'Bluray-1080p Remux', 'rank': 80, 'resolution': '1080p', ...}, {'enabled': True, 'name': 'Bluray-1080p', 'rank': 75, 'resolution': '1080p', ...}, ...]}, list)">backend/tests/test_v201_code_audit.py:484: in test_get_quality_definitions
    assert isinstance(data, list)
E   AssertionError: assert False
E    +  where False = isinstance({'definitions': [{'enabled': True, 'name': 'Bluray-2160p Remux', 'rank': 100, 'resolution': '2160p', ...}, {'enabled': True, 'name': 'Bluray-2160p', 'rank': 95, 'resolution': '2160p', ...}, {'enabled': True, 'name': 'WEB-2160p', 'rank': 90, 'resolution': '2160p', ...}, {'enabled': True, 'name': 'HDTV-2160p', 'rank': 85, 'resolution': '2160p', ...}, {'enabled': True, 'name': 'Bluray-1080p Remux', 'rank': 80, 'resolution': '1080p', ...}, {'enabled': True, 'name': 'Bluray-1080p', 'rank': 75, 'resolution': '1080p', ...}, ...]}, list)</failure></testcase><testcase classname="backend.tests.test_v201_code_audit.TestSearch" name="test_search_multi" time="1.143" /><testcase classname="backend.tests.test_v201_code_audit.TestDownloads" name="test_get_downloads" time="0.976" /></testsuite></testsuites>